Time	 Node0px 	 Node0py 	 Node0pz 	 Node1px 	 Node1py 	 Node1pz 	 Node2px 	 Node2py 	 Node2pz 	 Node3px 	 Node3py 	 Node3pz 	 Node4px 	 Node4py 	 Node4pz 	 Node5px 	 Node5py 	 Node5pz 	 Seg0Te 	 Seg1Te 	 Seg2Te 	 Seg3Te 	 Seg4Te 	 
0	 23.852	 13.7918	 -28.5964	 20.3535	 11.7709	 -25.011	 16.9097	 9.78179	 -21.3555	 13.5201	 7.82388	 -17.6331	 10.1838	 5.89678	 -13.8469	 6.9	 4	 -10	 242192	 246045	 249971	 253967	 258029	 
0.1	 23.852	 13.7917	 -28.5966	 20.3534	 11.7709	 -25.0111	 16.9097	 9.78174	 -21.3556	 13.5201	 7.82385	 -17.6331	 10.1838	 5.89676	 -13.847	 6.9	 4	 -10	 242194	 246047	 249973	 253968	 258030	 
0.2	 23.8536	 13.7926	 -28.5988	 20.3545	 11.7715	 -25.0142	 16.9107	 9.78231	 -21.3587	 13.5211	 7.82441	 -17.6363	 10.1846	 5.89719	 -13.8505	 6.90024	 4	 -10.0042	 238404	 242253	 246176	 250169	 254229	 
0.3	 23.857	 13.7945	 -28.6046	 20.3565	 11.7726	 -25.0219	 16.9123	 9.78319	 -21.367	 13.5224	 7.82517	 -17.645	 10.1858	 5.8975	 -13.8595	 6.90369	 4	 -10.0116	 230774	 234479	 238292	 242208	 246229	 
0.4	 23.8603	 13.7965	 -28.6137	 20.3584	 11.7737	 -25.0328	 16.913	 9.78353	 -21.3794	 13.5227	 7.82499	 -17.658	 10.1871	 5.89689	 -13.8718	 6.90708	 4	 -10.0217	 236672	 240302	 244055	 247931	 251932	 
0.5	 23.8615	 13.7971	 -28.6242	 20.3603	 11.7747	 -25.0422	 16.9134	 9.78349	 -21.3907	 13.5229	 7.824	 -17.6698	 10.1888	 5.8962	 -13.882	 6.9067	 4	 -10.0332	 250498	 254169	 257954	 261856	 265872	 
0.6	 23.8605	 13.7965	 -28.6341	 20.3625	 11.7758	 -25.0479	 16.9162	 9.78424	 -21.3959	 13.5259	 7.82412	 -17.6751	 10.1899	 5.89689	 -13.8886	 6.90131	 4	 -10.0457	 257420	 261258	 265171	 269162	 273220	 
0.7	 23.858	 13.7949	 -28.6404	 20.3636	 11.7756	 -25.05	 16.9214	 9.78572	 -21.3934	 13.5305	 7.82635	 -17.6728	 10.1872	 5.8985	 -13.8931	 6.88986	 4	 -10.0586	 246864	 250795	 254777	 258807	 262875	 
0.8	 23.8553	 13.7929	 -28.6413	 20.3623	 11.7736	 -25.0496	 16.9239	 9.78641	 -21.3881	 13.5303	 7.8288	 -17.6692	 10.1781	 5.89956	 -13.8982	 6.87192	 4	 -10.0719	 238135	 242169	 246232	 250307	 254392	 
0.9	 23.853	 13.7906	 -28.6363	 20.3588	 11.7707	 -25.0461	 16.9181	 9.78493	 -21.386	 13.5198	 7.82865	 -17.6706	 10.1613	 5.89954	 -13.9052	 6.84761	 4	 -10.0854	 240150	 244239	 248345	 252448	 256547	 
1	 23.851	 13.7881	 -28.6262	 20.3527	 11.7686	 -25.0397	 16.9028	 9.78157	 -21.3887	 13.4984	 7.82538	 -17.6788	 10.1367	 5.89856	 -13.915	 6.81755	 4	 -10.0993	 251950	 256096	 260246	 264389	 268513	 
1.1	 23.8481	 13.786	 -28.6123	 20.3422	 11.7672	 -25.0328	 16.8816	 9.77821	 -21.3929	 13.4698	 7.82146	 -17.6901	 10.1046	 5.8967	 -13.9282	 6.7828	 4	 -10.1139	 256206	 260333	 264469	 268612	 272745	 
1.2	 23.8419	 13.7846	 -28.5982	 20.3261	 11.7654	 -25.0288	 16.8576	 9.77635	 -21.3965	 13.4379	 7.81923	 -17.7013	 10.0671	 5.89437	 -13.9446	 6.74474	 4	 -10.1296	 248488	 252560	 256653	 260766	 264892	 
1.3	 23.8305	 13.784	 -28.5882	 20.3053	 11.7631	 -25.0291	 16.8307	 9.77542	 -21.4022	 13.4041	 7.81853	 -17.7133	 10.0278	 5.89278	 -13.9621	 6.70494	 4	 -10.1469	 236451	 240431	 244454	 248514	 252615	 
1.4	 23.813	 13.7838	 -28.586	 20.2812	 11.7617	 -25.0341	 16.7998	 9.77418	 -21.4137	 13.3686	 7.81798	 -17.7287	 9.98927	 5.89272	 -13.9801	 6.66497	 4	 -10.1662	 233830	 237729	 241691	 245710	 249784	 
1.5	 23.7904	 13.7834	 -28.5928	 20.2541	 11.762	 -25.0451	 16.7668	 9.77303	 -21.431	 13.3328	 7.81748	 -17.7482	 9.9529	 5.89378	 -13.9992	 6.62626	 4	 -10.1878	 240475	 244293	 248190	 252166	 256216	 
1.6	 23.7645	 13.7832	 -28.6079	 20.2246	 11.7634	 -25.0627	 16.7349	 9.77391	 -21.4512	 13.2993	 7.81828	 -17.7699	 9.9189	 5.89492	 -14.0211	 6.59002	 4	 -10.2121	 246455	 250193	 254024	 257953	 261974	 
1.7	 23.7376	 13.7839	 -28.6293	 20.1948	 11.7652	 -25.0863	 16.7057	 9.77757	 -21.4732	 13.2697	 7.82116	 -17.7927	 9.88732	 5.89573	 -14.0469	 6.55715	 4	 -10.2395	 242993	 246638	 250396	 254266	 258250	 
1.8	 23.7115	 13.7862	 -28.6555	 20.1667	 11.7678	 -25.1145	 16.6784	 9.78218	 -21.4997	 13.2427	 7.82506	 -17.8194	 9.85841	 5.89681	 -14.0767	 6.52821	 4	 -10.27	 234327	 237882	 241569	 245383	 249327	 
1.9	 23.6875	 13.7905	 -28.6857	 20.1411	 11.7715	 -25.1467	 16.6517	 9.78547	 -21.5332	 13.2159	 7.82807	 -17.8531	 9.8323	 5.89861	 -14.1106	 6.50337	 4	 -10.3037	 230470	 233953	 237580	 241349	 245263	 
2	 23.6662	 13.7965	 -28.7194	 20.118	 11.7762	 -25.1828	 16.626	 9.78734	 -21.5733	 13.1897	 7.82943	 -17.894	 9.80893	 5.90046	 -14.1485	 6.48243	 4	 -10.3404	 235392	 238836	 242428	 246170	 250067	 
2.1	 23.6472	 13.8037	 -28.7563	 20.0976	 11.7813	 -25.2223	 16.6034	 9.78956	 -21.6164	 13.1668	 7.83015	 -17.9381	 9.78865	 5.9013	 -14.1902	 6.46486	 4	 -10.38	 241874	 245303	 248879	 252611	 256499	 
2.2	 23.6298	 13.8113	 -28.7965	 20.08	 11.7868	 -25.264	 16.5856	 9.79343	 -21.6592	 13.1497	 7.83166	 -17.9815	 9.77215	 5.90101	 -14.234	 6.44993	 4	 -10.4223	 241724	 245152	 248730	 252462	 256343	 
2.3	 23.6138	 13.8186	 -28.8397	 20.065	 11.7928	 -25.307	 16.5727	 9.79835	 -21.7008	 13.1378	 7.83419	 -18.0235	 9.75952	 5.90089	 -14.278	 6.43672	 4	 -10.4669	 235749	 239193	 242785	 246522	 250400	 
2.4	 23.599	 13.8252	 -28.8852	 20.0522	 11.7988	 -25.3508	 16.5628	 9.80289	 -21.7427	 13.1288	 7.83702	 -18.0655	 9.74953	 5.90218	 -14.3217	 6.42426	 4	 -10.5134	 232277	 235760	 239380	 243133	 247015	 
2.5	 23.5856	 13.831	 -28.9316	 20.0413	 11.8039	 -25.3951	 16.5538	 9.80646	 -21.7859	 13.1206	 7.83984	 -18.1083	 9.74029	 5.90467	 -14.3657	 6.41161	 4	 -10.5615	 236123	 239669	 243333	 247115	 251006	 
2.6	 23.5734	 13.8358	 -28.9779	 20.032	 11.8077	 -25.439	 16.5452	 9.80967	 -21.8294	 13.1121	 7.84303	 -18.1516	 9.73033	 5.9072	 -14.4106	 6.39791	 4	 -10.6109	 242991	 246610	 250330	 254146	 258048	 
2.7	 23.5625	 13.8395	 -29.0228	 20.0235	 11.8108	 -25.4817	 16.5371	 9.81324	 -21.8715	 13.1029	 7.8465	 -18.1948	 9.71868	 5.90897	 -14.4567	 6.38248	 4	 -10.6612	 245447	 249132	 252902	 256746	 260653	 
2.8	 23.5526	 13.842	 -29.0656	 20.0144	 11.8139	 -25.5234	 16.5285	 9.81686	 -21.9125	 13.0922	 7.84928	 -18.2383	 9.70457	 5.91003	 -14.5042	 6.36484	 4	 -10.7124	 242095	 245827	 249630	 253489	 257398	 
2.9	 23.5431	 13.8439	 -29.1065	 20.004	 11.8166	 -25.5648	 16.5171	 9.81934	 -21.9549	 13.0786	 7.85052	 -18.2835	 9.68749	 5.91059	 -14.553	 6.34478	 4	 -10.7641	 238434	 242200	 246019	 249886	 253796	 
3	 23.5333	 13.8457	 -29.1459	 19.9917	 11.818	 -25.6069	 16.5019	 9.81983	 -22.0003	 13.0611	 7.85038	 -18.3314	 9.66749	 5.91054	 -14.6032	 6.3223	 4	 -10.8164	 239427	 243218	 247050	 250924	 254839	 
3.1	 23.5223	 13.8476	 -29.1848	 19.9776	 11.818	 -25.65	 16.4837	 9.81871	 -22.048	 13.0401	 7.84949	 -18.3815	 9.64495	 5.91001	 -14.6544	 6.29762	 4	 -10.8692	 243539	 247345	 251189	 255071	 258991	 
3.2	 23.5094	 13.8492	 -29.2243	 19.9616	 11.8175	 -25.6939	 16.464	 9.81728	 -22.096	 13.0171	 7.8484	 -18.4324	 9.62024	 5.90946	 -14.7065	 6.27116	 4	 -10.9226	 245257	 249061	 252907	 256792	 260712	 
3.3	 23.4947	 13.8503	 -29.2653	 19.9438	 11.8175	 -25.7385	 16.4435	 9.81659	 -22.1436	 12.9936	 7.84749	 -18.483	 9.59392	 5.90907	 -14.7595	 6.24346	 4	 -10.9767	 242223	 246007	 249838	 253713	 257627	 
3.4	 23.4784	 13.8508	 -29.3081	 19.9244	 11.8181	 -25.7846	 16.422	 9.81682	 -22.192	 12.9696	 7.8471	 -18.5341	 9.56696	 5.90863	 -14.8134	 6.21514	 4	 -11.0316	 237864	 241614	 245419	 249275	 253177	 
3.5	 23.4613	 13.8513	 -29.3529	 19.9039	 11.8189	 -25.8326	 16.3989	 9.81759	 -22.2425	 12.9446	 7.84736	 -18.5868	 9.54019	 5.90824	 -14.868	 6.18684	 4	 -11.0874	 236744	 240458	 244233	 248065	 251957	 
3.6	 23.4436	 13.8524	 -29.3996	 19.8829	 11.8197	 -25.8828	 16.3749	 9.81857	 -22.2955	 12.9188	 7.84818	 -18.6415	 9.51385	 5.90853	 -14.9235	 6.15917	 4	 -11.1442	 239006	 242684	 246429	 250241	 254121	 
3.7	 23.4256	 13.8543	 -29.4483	 19.8622	 11.8211	 -25.9345	 16.3514	 9.81982	 -22.3502	 12.8936	 7.84957	 -18.6976	 9.48802	 5.90981	 -14.9802	 6.13265	 4	 -11.2022	 240655	 244295	 248011	 251802	 255668	 
3.8	 23.4078	 13.8572	 -29.4989	 19.8421	 11.8235	 -25.9877	 16.3293	 9.8217	 -22.4055	 12.8699	 7.85149	 -18.7545	 9.46307	 5.91143	 -15.0385	 6.10767	 4	 -11.2613	 238866	 242464	 246148	 249916	 253763	 
3.9	 23.3903	 13.861	 -29.5515	 19.8227	 11.8268	 -26.0426	 16.3088	 9.82444	 -22.4618	 12.8478	 7.85361	 -18.8127	 9.43972	 5.91246	 -15.0984	 6.08449	 4	 -11.3216	 235288	 238844	 242495	 246236	 250065	 
4	 23.3736	 13.8656	 -29.6059	 19.8041	 11.8306	 -26.0993	 16.2891	 9.82772	 -22.5201	 12.8271	 7.85542	 -18.8727	 9.41845	 5.91273	 -15.1597	 6.06322	 4	 -11.3831	 233636	 237161	 240784	 244501	 248317	 
4.1	 23.3577	 13.871	 -29.6621	 19.7867	 11.8351	 -26.1576	 16.2702	 9.83091	 -22.5805	 12.8078	 7.85681	 -18.9344	 9.39933	 5.91297	 -15.2219	 6.0438	 4	 -11.4456	 235031	 238539	 242143	 245848	 249655	 
4.2	 23.3425	 13.8767	 -29.72	 19.7706	 11.8399	 -26.217	 16.2529	 9.8338	 -22.6421	 12.7905	 7.85831	 -18.9968	 9.38212	 5.91386	 -15.2845	 6.02606	 4	 -11.5091	 236988	 240489	 244088	 247790	 251593	 
4.3	 23.3279	 13.8825	 -29.7794	 19.7557	 11.8446	 -26.2773	 16.238	 9.83683	 -22.7034	 12.7752	 7.86049	 -19.0589	 9.36644	 5.91532	 -15.3474	 6.00971	 4	 -11.5733	 236845	 240346	 243949	 247653	 251451	 
4.4	 23.3141	 13.888	 -29.8399	 19.7422	 11.8487	 -26.3383	 16.225	 9.84039	 -22.7641	 12.7617	 7.86333	 -19.1206	 9.35191	 5.91684	 -15.4107	 5.99439	 4	 -11.6381	 235001	 238510	 242121	 245827	 249622	 
4.5	 23.3011	 13.8928	 -29.901	 19.7297	 11.8526	 -26.3994	 16.2129	 9.84416	 -22.825	 12.7492	 7.86621	 -19.1823	 9.33825	 5.9181	 -15.4743	 5.97971	 4	 -11.7033	 234053	 237580	 241201	 244912	 248706	 
4.6	 23.2888	 13.8969	 -29.9623	 19.7178	 11.8566	 -26.4604	 16.2008	 9.84752	 -22.8865	 12.7369	 7.86854	 -19.2445	 9.32521	 5.91922	 -15.5378	 5.96527	 4	 -11.7686	 235415	 238967	 242605	 246325	 250124	 
4.7	 23.2771	 13.9003	 -30.0233	 19.7062	 11.8603	 -26.5211	 16.1888	 9.85024	 -22.9481	 12.7245	 7.87025	 -19.3071	 9.3123	 5.92031	 -15.6011	 5.95072	 4	 -11.8339	 237693	 241275	 244934	 248668	 252473	 
4.8	 23.2655	 13.9032	 -30.0838	 19.6946	 11.8632	 -26.5816	 16.177	 9.85242	 -23.0092	 12.7121	 7.87171	 -19.3691	 9.29894	 5.92122	 -15.6643	 5.93576	 4	 -11.899	 238657	 242267	 245949	 249698	 253508	 
4.9	 23.2537	 13.9059	 -30.1436	 19.683	 11.8648	 -26.6418	 16.1652	 9.85404	 -23.0696	 12.6995	 7.87303	 -19.4304	 9.28474	 5.92178	 -15.7275	 5.92017	 4	 -11.9638	 237889	 241522	 245222	 248983	 252797	 
5	 23.2416	 13.908	 -30.2027	 19.6708	 11.8658	 -26.7016	 16.1527	 9.85487	 -23.1298	 12.686	 7.87384	 -19.4917	 9.26967	 5.92205	 -15.7905	 5.90384	 4	 -12.028	 237038	 240692	 244406	 248174	 251992	 
5.1	 23.2292	 13.9093	 -30.2611	 19.6579	 11.8666	 -26.7609	 16.139	 9.85497	 -23.1903	 12.6712	 7.87378	 -19.5533	 9.25381	 5.92213	 -15.853	 5.88673	 4	 -12.0917	 237550	 241220	 244945	 248721	 252545	 
5.2	 23.2164	 13.9101	 -30.3191	 19.6441	 11.8673	 -26.8199	 16.124	 9.85479	 -23.2509	 12.6552	 7.87315	 -19.615	 9.23714	 5.92194	 -15.9152	 5.86893	 4	 -12.1548	 238980	 242663	 246398	 250181	 254011	 
5.3	 23.2031	 13.9103	 -30.3766	 19.6296	 11.8674	 -26.8787	 16.1082	 9.85469	 -23.3111	 12.6385	 7.87264	 -19.6762	 9.21964	 5.92146	 -15.9771	 5.85056	 4	 -12.2172	 239715	 243404	 247144	 250933	 254767	 
5.4	 23.1891	 13.9102	 -30.4338	 19.6143	 11.867	 -26.9373	 16.0919	 9.85463	 -23.3706	 12.6212	 7.8726	 -19.7367	 9.20145	 5.92108	 -16.0386	 5.83183	 4	 -12.279	 239037	 242725	 246466	 250256	 254092	 
5.5	 23.1745	 13.91	 -30.4908	 19.5985	 11.8665	 -26.9958	 16.0751	 9.8544	 -23.4299	 12.6034	 7.87276	 -19.7968	 9.18282	 5.92119	 -16.0995	 5.81298	 4	 -12.3401	 237895	 241577	 245313	 249101	 252938	 
5.6	 23.1595	 13.9097	 -30.5477	 19.5823	 11.8662	 -27.054	 16.0579	 9.85404	 -23.4892	 12.5852	 7.87278	 -19.8569	 9.16409	 5.92164	 -16.1598	 5.79426	 4	 -12.4006	 237620	 241294	 245024	 248808	 252646	 
5.7	 23.1442	 13.9096	 -30.6047	 19.5659	 11.8661	 -27.1122	 16.0402	 9.85385	 -23.5486	 12.5669	 7.87269	 -19.9168	 9.14564	 5.92184	 -16.2197	 5.7759	 4	 -12.4606	 238306	 241970	 245693	 249475	 253313	 
5.8	 23.1287	 13.9098	 -30.6617	 19.5492	 11.8663	 -27.1703	 16.0226	 9.85402	 -23.6076	 12.549	 7.87268	 -19.9762	 9.12776	 5.92156	 -16.2792	 5.7581	 4	 -12.5199	 238878	 242531	 246247	 250026	 253864	 
5.9	 23.113	 13.9103	 -30.7187	 19.5327	 11.8667	 -27.2282	 16.0057	 9.85446	 -23.666	 12.5318	 7.87274	 -20.035	 9.11058	 5.9212	 -16.3382	 5.74103	 4	 -12.5786	 238496	 242138	 245849	 249624	 253461	 
6	 23.0974	 13.9111	 -30.7757	 19.5165	 11.8674	 -27.2858	 15.9893	 9.85491	 -23.7239	 12.5153	 7.87284	 -20.0932	 9.09408	 5.92123	 -16.3965	 5.72478	 4	 -12.6367	 237607	 241240	 244943	 248714	 252552	 
6.1	 23.0818	 13.9122	 -30.8327	 19.5007	 11.8683	 -27.3432	 15.9735	 9.85526	 -23.7815	 12.4996	 7.87308	 -20.1509	 9.07833	 5.9216	 -16.4541	 5.7094	 4	 -12.6942	 237277	 240903	 244602	 248372	 252210	 
6.2	 23.0664	 13.9134	 -30.8896	 19.4854	 11.869	 -27.4002	 15.9582	 9.8557	 -23.8388	 12.4843	 7.87355	 -20.2081	 9.06344	 5.92193	 -16.511	 5.69487	 4	 -12.7509	 237858	 241483	 245183	 248954	 252794	 
6.3	 23.0514	 13.9145	 -30.9462	 19.4706	 11.8698	 -27.4568	 15.9434	 9.85647	 -23.8953	 12.4698	 7.87417	 -20.2644	 9.0494	 5.92213	 -16.5672	 5.68109	 4	 -12.8069	 238692	 242321	 246025	 249800	 253644	 
6.4	 23.0367	 13.9153	 -31.0024	 19.4561	 11.8708	 -27.5127	 15.9293	 9.85749	 -23.9508	 12.4561	 7.87478	 -20.3197	 9.03605	 5.92236	 -16.6223	 5.66797	 4	 -12.862	 238963	 242599	 246310	 250091	 253940	 
6.5	 23.0222	 13.9159	 -31.058	 19.442	 11.8719	 -27.5676	 15.9158	 9.85846	 -24.0052	 12.4431	 7.87536	 -20.3739	 9.02322	 5.9227	 -16.6765	 5.65532	 4	 -12.9161	 238753	 242400	 246120	 249909	 253763	 
6.6	 23.0078	 13.9164	 -31.1129	 19.4283	 11.8726	 -27.6217	 15.9027	 9.85913	 -24.0587	 12.4305	 7.87594	 -20.427	 9.01075	 5.92304	 -16.7295	 5.643	 4	 -12.9692	 238767	 242427	 246157	 249955	 253816	 
6.7	 22.9935	 13.9167	 -31.1668	 19.4148	 11.8727	 -27.6748	 15.8898	 9.8594	 -24.1112	 12.4179	 7.87636	 -20.479	 8.99849	 5.92328	 -16.7814	 5.63081	 4	 -13.0211	 239448	 243124	 246869	 250677	 254546	 
6.8	 22.9792	 13.9167	 -31.2195	 19.4014	 11.8725	 -27.7268	 15.8768	 9.85931	 -24.1626	 12.4053	 7.87644	 -20.53	 8.98623	 5.92339	 -16.832	 5.6186	 4	 -13.0718	 240403	 244099	 247859	 251679	 255556	 
6.9	 22.9648	 13.9163	 -31.2711	 19.3878	 11.8722	 -27.7775	 15.8638	 9.85891	 -24.2128	 12.3927	 7.87611	 -20.5797	 8.97383	 5.9233	 -16.8814	 5.60622	 4	 -13.1211	 240962	 244676	 248452	 252284	 256169	 
7	 22.9503	 13.9154	 -31.3214	 19.3739	 11.8717	 -27.827	 15.8507	 9.85831	 -24.2615	 12.38	 7.8755	 -20.6281	 8.96116	 5.92296	 -16.9296	 5.59358	 4	 -13.1691	 240983	 244713	 248503	 252346	 256240	 
7.1	 22.9356	 13.9141	 -31.3703	 19.3597	 11.8707	 -27.8752	 15.837	 9.85753	 -24.3091	 12.3667	 7.87478	 -20.6752	 8.9481	 5.9224	 -16.9764	 5.5806	 4	 -13.2156	 240934	 244680	 248482	 252336	 256237	 
7.2	 22.9206	 13.9125	 -31.4178	 19.3451	 11.8691	 -27.9222	 15.8228	 9.85644	 -24.3555	 12.3528	 7.874	 -20.7211	 8.93452	 5.92189	 -17.0219	 5.56726	 4	 -13.2606	 241263	 245022	 248836	 252699	 256608	 
7.3	 22.9053	 13.9105	 -31.4639	 19.3302	 11.8672	 -27.9679	 15.808	 9.85495	 -24.4008	 12.3383	 7.87313	 -20.7659	 8.92038	 5.92157	 -17.066	 5.55356	 4	 -13.3041	 241856	 245627	 249451	 253323	 257240	 
7.4	 22.8896	 13.9082	 -31.5088	 19.3147	 11.8653	 -28.0123	 15.7927	 9.85328	 -24.4449	 12.3232	 7.87217	 -20.8093	 8.90576	 5.92132	 -17.1087	 5.53955	 4	 -13.3461	 242235	 246014	 249846	 253726	 257650	 
7.5	 22.8735	 13.9057	 -31.5523	 19.2987	 11.8632	 -28.0555	 15.7771	 9.85171	 -24.4875	 12.3079	 7.87113	 -20.8513	 8.89085	 5.92084	 -17.15	 5.5253	 4	 -13.3866	 242162	 245948	 249785	 253671	 257602	 
7.6	 22.8571	 13.9032	 -31.5945	 19.2824	 11.8611	 -28.0973	 15.761	 9.85028	 -24.5287	 12.2923	 7.87003	 -20.892	 8.87579	 5.92008	 -17.19	 5.51089	 4	 -13.4256	 241921	 245709	 249551	 253441	 257377	 
7.7	 22.8404	 13.9008	 -31.6355	 19.2658	 11.8591	 -28.1379	 15.7446	 9.84874	 -24.5688	 12.2764	 7.86885	 -20.9313	 8.86062	 5.91929	 -17.2285	 5.49643	 4	 -13.4631	 241949	 245740	 249584	 253478	 257419	 
7.8	 22.8234	 13.8986	 -31.6751	 19.249	 11.8572	 -28.1772	 15.7282	 9.84703	 -24.6076	 12.2605	 7.86763	 -20.9694	 8.84538	 5.91873	 -17.2655	 5.482	 4	 -13.4991	 242260	 246052	 249898	 253796	 257742	 
7.9	 22.8062	 13.8966	 -31.7134	 19.2321	 11.8554	 -28.2151	 15.7117	 9.84536	 -24.645	 12.2445	 7.8665	 -21.006	 8.83016	 5.91834	 -17.3011	 5.46769	 4	 -13.5336	 242544	 246335	 250183	 254084	 258035	 
8	 22.789	 13.8949	 -31.7503	 19.2153	 11.8537	 -28.2516	 15.6953	 9.84401	 -24.6809	 12.2288	 7.86561	 -21.0411	 8.81512	 5.91791	 -17.3353	 5.45355	 4	 -13.5668	 242536	 246327	 250176	 254080	 258034	 
8.1	 22.7719	 13.8934	 -31.7858	 19.1986	 11.8523	 -28.2867	 15.6791	 9.84302	 -24.7152	 12.2133	 7.86493	 -21.0746	 8.80036	 5.91741	 -17.368	 5.43964	 4	 -13.5985	 242381	 246172	 250022	 253928	 257885	 
8.2	 22.755	 13.8921	 -31.8199	 19.182	 11.8514	 -28.3202	 15.6632	 9.84232	 -24.748	 12.198	 7.86437	 -21.1067	 8.78587	 5.91702	 -17.3992	 5.42596	 4	 -13.6288	 242406	 246197	 250049	 253958	 257919	 
8.3	 22.7383	 13.8911	 -31.8525	 19.1657	 11.8508	 -28.3521	 15.6474	 9.84182	 -24.7793	 12.1829	 7.86393	 -21.1372	 8.77163	 5.91688	 -17.4289	 5.41253	 4	 -13.6577	 242740	 246533	 250388	 254300	 258265	 
8.4	 22.7219	 13.8904	 -31.8834	 19.1497	 11.8503	 -28.3824	 15.632	 9.84149	 -24.809	 12.1682	 7.86376	 -21.1662	 8.75764	 5.91688	 -17.4571	 5.3993	 4	 -13.6852	 243161	 246958	 250816	 254732	 258701	 
8.5	 22.7057	 13.8903	 -31.9126	 19.1342	 11.85	 -28.4111	 15.6171	 9.84138	 -24.837	 12.1539	 7.86389	 -21.1935	 8.74394	 5.91694	 -17.4838	 5.3862	 4	 -13.7114	 243300	 247101	 250964	 254884	 258857	 
8.6	 22.6898	 13.8904	 -31.9401	 19.119	 11.85	 -28.438	 15.6025	 9.84147	 -24.8632	 12.1398	 7.86408	 -21.2191	 8.73043	 5.91702	 -17.509	 5.37323	 4	 -13.7362	 243263	 247066	 250931	 254853	 258829	 
8.7	 22.6742	 13.8907	 -31.9659	 19.104	 11.8504	 -28.4631	 15.5882	 9.84176	 -24.8877	 12.1261	 7.86419	 -21.2432	 8.71708	 5.91713	 -17.5327	 5.3603	 4	 -13.7595	 243642	 247454	 251327	 255256	 259236	 
8.8	 22.6589	 13.8911	 -31.9899	 19.0892	 11.8511	 -28.4864	 15.574	 9.84219	 -24.9105	 12.1124	 7.86431	 -21.2656	 8.70386	 5.9172	 -17.5548	 5.34738	 4	 -13.7814	 243883	 247700	 251577	 255509	 259493	 
8.9	 22.6438	 13.8917	 -32.0121	 19.0747	 11.8517	 -28.5079	 15.5599	 9.84272	 -24.9317	 12.0989	 7.86463	 -21.2864	 8.69069	 5.91725	 -17.5754	 5.3344	 4	 -13.8019	 244352	 248179	 252063	 256002	 259991	 
9	 22.6288	 13.8923	 -32.0325	 19.0603	 11.8522	 -28.5279	 15.546	 9.84325	 -24.9511	 12.0853	 7.8651	 -21.3056	 8.67742	 5.91743	 -17.5944	 5.32131	 4	 -13.8208	 244393	 248225	 252114	 256057	 260049	 
9.1	 22.6139	 13.8928	 -32.0513	 19.0459	 11.8526	 -28.5462	 15.5321	 9.84371	 -24.969	 12.0716	 7.86557	 -21.3232	 8.66394	 5.9178	 -17.6119	 5.30807	 4	 -13.8383	 244501	 248340	 252236	 256184	 260180	 
9.2	 22.599	 13.8932	 -32.0686	 19.0315	 11.8531	 -28.5629	 15.518	 9.84409	 -24.9854	 12.0578	 7.86594	 -21.3394	 8.65028	 5.91816	 -17.628	 5.29465	 4	 -13.8543	 244512	 248355	 252255	 256206	 260204	 
9.3	 22.5842	 13.8933	 -32.0843	 19.0169	 11.8534	 -28.5782	 15.5037	 9.84441	 -25.0005	 12.0438	 7.8662	 -21.3542	 8.63646	 5.91829	 -17.6427	 5.28103	 4	 -13.8689	 244762	 248610	 252514	 256469	 260470	 
9.4	 22.5692	 13.8932	 -32.0987	 19.0022	 11.8535	 -28.5922	 15.4892	 9.84464	 -25.0142	 12.0295	 7.86631	 -21.3678	 8.62248	 5.91819	 -17.656	 5.26723	 4	 -13.882	 244926	 248777	 252683	 256640	 260643	 
9.5	 22.554	 13.893	 -32.1117	 18.9873	 11.8533	 -28.605	 15.4745	 9.84461	 -25.0267	 12.015	 7.86622	 -21.3801	 8.60826	 5.91808	 -17.6681	 5.25326	 4	 -13.8938	 245010	 248863	 252771	 256729	 260734	 
9.6	 22.5387	 13.8927	 -32.1234	 18.9722	 11.853	 -28.6166	 15.4596	 9.84422	 -25.038	 12.0004	 7.86597	 -21.3911	 8.59383	 5.91805	 -17.6789	 5.23915	 4	 -13.9043	 244899	 248751	 252659	 256618	 260624	 
9.7	 22.5233	 13.8924	 -32.1338	 18.9569	 11.8525	 -28.627	 15.4445	 9.84361	 -25.0483	 11.9855	 7.86561	 -21.401	 8.57924	 5.91797	 -17.6884	 5.22495	 4	 -13.9134	 244836	 248687	 252595	 256555	 260562	 
9.8	 22.5079	 13.892	 -32.143	 18.9415	 11.8519	 -28.6362	 15.4293	 9.84302	 -25.0574	 11.9705	 7.86517	 -21.4098	 8.56459	 5.9177	 -17.6968	 5.21069	 4	 -13.9213	 244850	 248698	 252605	 256564	 260572	 
9.9	 22.4926	 13.8917	 -32.1508	 18.9262	 11.8513	 -28.6442	 15.414	 9.84253	 -25.0653	 11.9555	 7.86468	 -21.4175	 8.54991	 5.91732	 -17.704	 5.19643	 4	 -13.928	 244950	 248796	 252700	 256659	 260668	 
10	 22.4774	 13.8915	 -32.1573	 18.9108	 11.851	 -28.6508	 15.3987	 9.84214	 -25.0719	 11.9404	 7.86424	 -21.4239	 8.53524	 5.91702	 -17.71	 5.1822	 4	 -13.9335	 244964	 248805	 252707	 256664	 260673	 
10.1	 22.4625	 13.8916	 -32.1622	 18.8957	 11.851	 -28.6561	 15.3836	 9.84191	 -25.0772	 11.9256	 7.86399	 -21.4291	 8.52066	 5.91692	 -17.7149	 5.16806	 4	 -13.9379	 244889	 248726	 252625	 256581	 260589	 
10.2	 22.4479	 13.8923	 -32.1656	 18.881	 11.8513	 -28.6599	 15.3689	 9.84198	 -25.0812	 11.9109	 7.86405	 -21.4329	 8.50626	 5.91699	 -17.7185	 5.15401	 4	 -13.9412	 244803	 248635	 252530	 256484	 260492	 
10.3	 22.4338	 13.8937	 -32.1673	 18.8667	 11.852	 -28.6621	 15.3545	 9.84247	 -25.0836	 11.8965	 7.86443	 -21.4354	 8.49208	 5.91716	 -17.7209	 5.14009	 4	 -13.9435	 244833	 248660	 252552	 256504	 260511	 
10.4	 22.4203	 13.8956	 -32.1672	 18.853	 11.8534	 -28.6626	 15.3406	 9.84344	 -25.0845	 11.8826	 7.86508	 -21.4365	 8.4782	 5.91747	 -17.7221	 5.12631	 4	 -13.9447	 244944	 248767	 252655	 256605	 260612	 
10.5	 22.4075	 13.8982	 -32.1653	 18.8398	 11.8556	 -28.6613	 15.3273	 9.84499	 -25.0837	 11.8692	 7.866	 -21.4362	 8.46465	 5.91793	 -17.7221	 5.11267	 4	 -13.9451	 245055	 248874	 252759	 256707	 260712	 
10.6	 22.3953	 13.9015	 -32.1617	 18.8274	 11.8585	 -28.6582	 15.3146	 9.84714	 -25.0813	 11.8563	 7.86731	 -21.4344	 8.45146	 5.91857	 -17.7209	 5.09916	 4	 -13.9445	 245100	 248916	 252798	 256744	 260748	 
10.7	 22.3838	 13.9054	 -32.1564	 18.8157	 11.8618	 -28.6534	 15.3026	 9.84981	 -25.0772	 11.8438	 7.86912	 -21.4311	 8.43861	 5.91941	 -17.7186	 5.08577	 4	 -13.9431	 245122	 248934	 252814	 256758	 260760	 
10.8	 22.3729	 13.9097	 -32.1496	 18.8046	 11.8654	 -28.6471	 15.2911	 9.85284	 -25.0716	 11.8319	 7.87135	 -21.4265	 8.42602	 5.92054	 -17.7151	 5.07248	 4	 -13.9408	 245211	 249022	 252900	 256842	 260843	 
10.9	 22.3626	 13.9143	 -32.1414	 18.7941	 11.8695	 -28.6394	 15.2802	 9.85613	 -25.0648	 11.8203	 7.8738	 -21.4207	 8.41364	 5.92192	 -17.7106	 5.05927	 4	 -13.9378	 245381	 249191	 253068	 257008	 261007	 
11	 22.3526	 13.919	 -32.1321	 18.7839	 11.8738	 -28.6306	 15.2696	 9.85963	 -25.0568	 11.809	 7.87631	 -21.4139	 8.40147	 5.92334	 -17.7052	 5.04613	 4	 -13.9339	 245561	 249371	 253248	 257186	 261184	 
11.1	 22.343	 13.9236	 -32.1219	 18.774	 11.878	 -28.6209	 15.2592	 9.86318	 -25.0479	 11.7979	 7.87881	 -21.4063	 8.38946	 5.92459	 -17.6991	 5.03304	 4	 -13.9294	 245672	 249482	 253357	 257294	 261289	 
11.2	 22.3335	 13.928	 -32.1109	 18.7642	 11.882	 -28.6105	 15.2488	 9.86651	 -25.0385	 11.7869	 7.88115	 -21.3981	 8.37751	 5.92566	 -17.6923	 5.01998	 4	 -13.9242	 245720	 249528	 253402	 257337	 261330	 
11.3	 22.324	 13.9321	 -32.0995	 18.7543	 11.8855	 -28.5998	 15.2384	 9.86938	 -25.0287	 11.7757	 7.88316	 -21.3895	 8.36546	 5.92668	 -17.6851	 5.00695	 4	 -13.9183	 245766	 249573	 253444	 257378	 261369	 
11.4	 22.3144	 13.9359	 -32.0878	 18.7443	 11.8887	 -28.5889	 15.2279	 9.87169	 -25.0188	 11.7644	 7.88475	 -21.3807	 8.35329	 5.92763	 -17.6774	 4.99394	 4	 -13.9119	 245855	 249659	 253528	 257460	 261450	 
11.5	 22.3047	 13.9393	 -32.0759	 18.7341	 11.8912	 -28.578	 15.217	 9.87352	 -25.0089	 11.7528	 7.88598	 -21.3718	 8.34101	 5.92831	 -17.6695	 4.98097	 4	 -13.9049	 245955	 249756	 253623	 257552	 261541	 
11.6	 22.2948	 13.9421	 -32.0639	 18.7236	 11.8933	 -28.5671	 15.2059	 9.87498	 -24.999	 11.741	 7.88689	 -21.3628	 8.32867	 5.92865	 -17.6613	 4.96803	 4	 -13.8974	 246002	 249800	 253663	 257590	 261577	 
11.7	 22.2848	 13.9443	 -32.0521	 18.7128	 11.8949	 -28.5563	 15.1944	 9.87613	 -24.9891	 11.7291	 7.88751	 -21.3537	 8.31625	 5.92882	 -17.6529	 4.95514	 4	 -13.8895	 245993	 249786	 253647	 257571	 261557	 
11.8	 22.2745	 13.9461	 -32.0403	 18.7018	 11.8963	 -28.5455	 15.1829	 9.87697	 -24.9792	 11.7171	 7.8879	 -21.3445	 8.30378	 5.92901	 -17.6442	 4.94232	 4	 -13.8812	 245962	 249750	 253607	 257529	 261513	 
11.9	 22.2643	 13.9475	 -32.0285	 18.6908	 11.8973	 -28.5347	 15.1713	 9.87754	 -24.9693	 11.705	 7.88824	 -21.3351	 8.29132	 5.92924	 -17.6352	 4.92958	 4	 -13.8726	 245983	 249767	 253620	 257540	 261523	 
12	 22.254	 13.9488	 -32.0166	 18.6799	 11.898	 -28.5239	 15.1597	 9.878	 -24.9591	 11.6929	 7.88862	 -21.3254	 8.27896	 5.92944	 -17.6259	 4.91694	 4	 -13.8637	 246032	 249810	 253660	 257577	 261559	 
12.1	 22.2438	 13.9499	 -32.0045	 18.6691	 11.8986	 -28.5128	 15.1483	 9.87849	 -24.9487	 11.6811	 7.88901	 -21.3155	 8.26675	 5.92961	 -17.6165	 4.90442	 4	 -13.8546	 246084	 249858	 253704	 257619	 261600	 
12.2	 22.234	 13.951	 -31.9922	 18.6585	 11.8994	 -28.5013	 15.1372	 9.87905	 -24.9379	 11.6695	 7.88933	 -21.3053	 8.25473	 5.92978	 -17.6067	 4.89203	 4	 -13.8453	 246074	 249843	 253686	 257598	 261577	 
12.3	 22.2245	 13.9521	 -31.9795	 18.6483	 11.9004	 -28.4894	 15.1265	 9.8797	 -24.9267	 11.6583	 7.88966	 -21.2948	 8.24298	 5.92995	 -17.5968	 4.87979	 4	 -13.8359	 246054	 249819	 253658	 257568	 261546	 
12.4	 22.2154	 13.9533	 -31.9665	 18.6386	 11.9015	 -28.4771	 15.1161	 9.88047	 -24.9152	 11.6474	 7.89011	 -21.284	 8.2315	 5.93012	 -17.5867	 4.86769	 4	 -13.8264	 246062	 249824	 253660	 257568	 261543	 
12.5	 22.2068	 13.9546	 -31.953	 18.6294	 11.9025	 -28.4645	 15.1062	 9.88135	 -24.9033	 11.6368	 7.89072	 -21.2729	 8.22028	 5.93038	 -17.5764	 4.85575	 4	 -13.8169	 246117	 249875	 253708	 257614	 261588	 
12.6	 22.1987	 13.956	 -31.9393	 18.6207	 11.9036	 -28.4515	 15.0968	 9.88229	 -24.8912	 11.6266	 7.89145	 -21.2616	 8.20928	 5.93079	 -17.566	 4.84397	 4	 -13.8074	 246176	 249931	 253762	 257665	 261637	 
12.7	 22.191	 13.9573	 -31.9253	 18.6124	 11.9049	 -28.4383	 15.0878	 9.88326	 -24.8788	 11.6168	 7.89222	 -21.2501	 8.19853	 5.93129	 -17.5555	 4.83232	 4	 -13.7979	 246212	 249964	 253792	 257693	 261664	 
12.8	 22.1839	 13.9584	 -31.9113	 18.6045	 11.9061	 -28.4249	 15.0792	 9.88429	 -24.8662	 11.6072	 7.89299	 -21.2385	 8.18804	 5.93173	 -17.545	 4.82082	 4	 -13.7886	 246208	 249957	 253783	 257682	 261650	 
12.9	 22.1771	 13.9594	 -31.8971	 18.597	 11.9071	 -28.4115	 15.0708	 9.88533	 -24.8537	 11.598	 7.89372	 -21.227	 8.17778	 5.93205	 -17.5346	 4.80945	 4	 -13.7794	 246228	 249975	 253799	 257695	 261662	 
13	 22.1707	 13.9601	 -31.8831	 18.5898	 11.9079	 -28.3982	 15.0627	 9.88618	 -24.8413	 11.5889	 7.89434	 -21.2157	 8.16767	 5.9323	 -17.5244	 4.7982	 4	 -13.7703	 246270	 250014	 253835	 257729	 261694	 
13.1	 22.1646	 13.9607	 -31.8691	 18.5828	 11.9085	 -28.3851	 15.0548	 9.88667	 -24.8292	 11.58	 7.89476	 -21.2046	 8.15763	 5.93257	 -17.5145	 4.78705	 4	 -13.7615	 246312	 250054	 253872	 257763	 261727	 
13.2	 22.1588	 13.9611	 -31.8553	 18.576	 11.9088	 -28.3724	 15.0471	 9.88683	 -24.8175	 11.5711	 7.89494	 -21.1939	 8.14767	 5.93278	 -17.5048	 4.77599	 4	 -13.7529	 246328	 250067	 253883	 257772	 261734	 
13.3	 22.1531	 13.9612	 -31.8419	 18.5694	 11.9088	 -28.3599	 15.0394	 9.8868	 -24.8061	 11.5624	 7.8949	 -21.1836	 8.13781	 5.93279	 -17.4955	 4.76503	 4	 -13.7446	 246305	 250041	 253853	 257741	 261700	 
13.4	 22.1476	 13.9609	 -31.8289	 18.5629	 11.9086	 -28.348	 15.0318	 9.88659	 -24.7952	 11.5537	 7.89469	 -21.1737	 8.12805	 5.93256	 -17.4866	 4.75414	 4	 -13.7367	 246274	 250007	 253817	 257702	 261660	 
13.5	 22.1422	 13.9604	 -31.8163	 18.5564	 11.9081	 -28.3365	 15.0242	 9.88617	 -24.7848	 11.5451	 7.89431	 -21.1643	 8.11835	 5.93227	 -17.4781	 4.74331	 4	 -13.729	 246264	 249993	 253800	 257683	 261639	 
13.6	 22.1369	 13.9595	 -31.8043	 18.55	 11.9074	 -28.3255	 15.0168	 9.88555	 -24.7748	 11.5365	 7.89382	 -21.1553	 8.10867	 5.93206	 -17.47	 4.73256	 4	 -13.7218	 246271	 249997	 253802	 257682	 261637	 
13.7	 22.1317	 13.9584	 -31.7929	 18.5437	 11.9064	 -28.315	 15.0094	 9.88478	 -24.7653	 11.528	 7.89333	 -21.1467	 8.09905	 5.9319	 -17.4623	 4.72187	 4	 -13.715	 246269	 249992	 253794	 257673	 261626	 
13.8	 22.1264	 13.9571	 -31.782	 18.5375	 11.9052	 -28.3052	 15.002	 9.88394	 -24.7563	 11.5196	 7.89288	 -21.1386	 8.08952	 5.9317	 -17.4551	 4.71125	 4	 -13.7086	 246252	 249972	 253772	 257649	 261601	 
13.9	 22.1211	 13.9557	 -31.7718	 18.5312	 11.904	 -28.2958	 14.9947	 9.88308	 -24.7478	 11.5112	 7.89239	 -21.131	 8.08006	 5.93142	 -17.4483	 4.70069	 4	 -13.7027	 246222	 249939	 253737	 257612	 261562	 
14	 22.1158	 13.9544	 -31.7621	 18.5249	 11.9029	 -28.287	 14.9875	 9.88222	 -24.7399	 11.5029	 7.89176	 -21.1239	 8.07067	 5.93111	 -17.4421	 4.6902	 4	 -13.6973	 246202	 249916	 253711	 257584	 261533	 
14.1	 22.1105	 13.9531	 -31.7531	 18.5186	 11.9019	 -28.2789	 14.9802	 9.88137	 -24.7326	 11.4946	 7.89108	 -21.1174	 8.06133	 5.93079	 -17.4364	 4.67979	 4	 -13.6925	 246198	 249910	 253702	 257573	 261521	 
14.2	 22.105	 13.952	 -31.7448	 18.5122	 11.901	 -28.2713	 14.9729	 9.88056	 -24.7259	 11.4863	 7.89047	 -21.1116	 8.05205	 5.93043	 -17.4314	 4.66945	 4	 -13.6882	 246205	 249913	 253703	 257573	 261519	 
14.3	 22.0993	 13.9511	 -31.7371	 18.5058	 11.9001	 -28.2645	 14.9655	 9.87982	 -24.7199	 11.478	 7.88999	 -21.1063	 8.04278	 5.93013	 -17.4269	 4.65918	 4	 -13.6845	 246191	 249897	 253685	 257553	 261498	 
14.4	 22.0934	 13.9505	 -31.7302	 18.4992	 11.8994	 -28.2584	 14.9581	 9.87923	 -24.7146	 11.4697	 7.88961	 -21.1018	 8.03349	 5.92997	 -17.4231	 4.64899	 4	 -13.6814	 246165	 249869	 253655	 257521	 261465	 
14.5	 22.0872	 13.9502	 -31.7242	 18.4923	 11.8991	 -28.2531	 14.9505	 9.87889	 -24.7099	 11.4613	 7.88934	 -21.0979	 8.0242	 5.92991	 -17.42	 4.63887	 4	 -13.679	 246147	 249848	 253633	 257497	 261440	 
14.6	 22.0807	 13.9501	 -31.719	 18.4852	 11.8991	 -28.2485	 14.9427	 9.87886	 -24.7061	 11.4528	 7.88928	 -21.0948	 8.01496	 5.92987	 -17.4175	 4.62883	 4	 -13.6772	 246166	 249865	 253648	 257512	 261454	 
14.7	 22.0739	 13.9504	 -31.7148	 18.4778	 11.8993	 -28.2448	 14.9347	 9.87915	 -24.703	 11.4442	 7.88946	 -21.0923	 8.00572	 5.92986	 -17.4158	 4.61886	 4	 -13.6761	 246193	 249892	 253673	 257536	 261476	 
14.8	 22.0665	 13.951	 -31.7116	 18.4701	 11.8999	 -28.2421	 14.9265	 9.87968	 -24.7008	 11.4354	 7.88985	 -21.0907	 7.99644	 5.93003	 -17.4148	 4.60896	 4	 -13.6757	 246228	 249925	 253706	 257567	 261507	 
14.9	 22.0588	 13.952	 -31.7094	 18.462	 11.9007	 -28.2403	 14.918	 9.88036	 -24.6994	 11.4266	 7.89038	 -21.0898	 7.98706	 5.93041	 -17.4145	 4.59911	 4	 -13.6761	 246237	 249933	 253713	 257574	 261513	 
15	 22.0505	 13.9533	 -31.7082	 18.4535	 11.9019	 -28.2395	 14.9093	 9.88121	 -24.699	 11.4175	 7.89105	 -21.0899	 7.97763	 5.93084	 -17.415	 4.58932	 4	 -13.6771	 246244	 249939	 253718	 257578	 261516	 
15.1	 22.0419	 13.9549	 -31.7081	 18.4447	 11.9033	 -28.2397	 14.9003	 9.88231	 -24.6996	 11.4083	 7.89182	 -21.0908	 7.96816	 5.93121	 -17.4164	 4.57958	 4	 -13.6789	 246270	 249965	 253743	 257603	 261540	 
15.2	 22.0329	 13.9567	 -31.709	 18.4355	 11.9048	 -28.241	 14.8909	 9.8836	 -24.7011	 11.3988	 7.89264	 -21.0927	 7.95862	 5.93152	 -17.4186	 4.56988	 4	 -13.6815	 246301	 249996	 253773	 257632	 261568	 
15.3	 22.0236	 13.9585	 -31.711	 18.426	 11.9065	 -28.2432	 14.8813	 9.88494	 -24.7037	 11.3892	 7.89349	 -21.0955	 7.94898	 5.93191	 -17.4217	 4.56021	 4	 -13.6848	 246329	 250022	 253799	 257657	 261593	 
15.4	 22.0141	 13.9603	 -31.714	 18.4162	 11.9082	 -28.2465	 14.8716	 9.88622	 -24.7072	 11.3794	 7.89438	 -21.0993	 7.93925	 5.93243	 -17.4256	 4.55058	 4	 -13.6889	 246328	 250020	 253796	 257653	 261589	 
15.5	 22.0044	 13.9621	 -31.7179	 18.4064	 11.9097	 -28.2507	 14.8617	 9.88745	 -24.7117	 11.3695	 7.89532	 -21.1039	 7.92947	 5.93297	 -17.4304	 4.54096	 4	 -13.6938	 246328	 250020	 253795	 257652	 261587	 
15.6	 21.9948	 13.9637	 -31.7227	 18.3966	 11.911	 -28.2559	 14.8517	 9.88862	 -24.7171	 11.3596	 7.89622	 -21.1094	 7.9197	 5.93344	 -17.436	 4.53137	 4	 -13.6995	 246325	 250015	 253790	 257646	 261580	 
15.7	 21.9853	 13.965	 -31.7284	 18.3868	 11.9122	 -28.2619	 14.8418	 9.88965	 -24.7233	 11.3498	 7.89697	 -21.1158	 7.90996	 5.9338	 -17.4424	 4.52179	 4	 -13.7059	 246340	 250029	 253803	 257658	 261592	 
15.8	 21.976	 13.966	 -31.7348	 18.3772	 11.9132	 -28.2686	 14.8321	 9.89045	 -24.7303	 11.3401	 7.8975	 -21.1229	 7.90032	 5.93406	 -17.4496	 4.51224	 4	 -13.7132	 246337	 250025	 253797	 257652	 261585	 
15.9	 21.967	 13.9667	 -31.7419	 18.368	 11.9139	 -28.276	 14.8227	 9.891	 -24.7379	 11.3306	 7.89781	 -21.1307	 7.89079	 5.93423	 -17.4576	 4.50269	 4	 -13.7213	 246338	 250025	 253797	 257651	 261583	 
16	 21.9583	 13.9671	 -31.7497	 18.3591	 11.9143	 -28.2841	 14.8136	 9.89126	 -24.7463	 11.3213	 7.89798	 -21.1393	 7.8814	 5.9343	 -17.4663	 4.49317	 4	 -13.7301	 246318	 250004	 253774	 257627	 261559	 
16.1	 21.9501	 13.9673	 -31.7581	 18.3506	 11.9142	 -28.2928	 14.8049	 9.89121	 -24.7552	 11.3123	 7.89799	 -21.1485	 7.87216	 5.93428	 -17.4757	 4.48367	 4	 -13.7398	 246311	 249996	 253766	 257618	 261548	 
16.2	 21.9423	 13.967	 -31.7671	 18.3426	 11.9139	 -28.3021	 14.7965	 9.8909	 -24.7648	 11.3036	 7.8978	 -21.1584	 7.86305	 5.93421	 -17.4859	 4.47419	 4	 -13.7503	 246308	 249992	 253761	 257611	 261541	 
16.3	 21.9348	 13.9664	 -31.7768	 18.3348	 11.9134	 -28.3121	 14.7885	 9.89041	 -24.7751	 11.2951	 7.89742	 -21.1689	 7.8541	 5.93407	 -17.4968	 4.46474	 4	 -13.7616	 246322	 250005	 253773	 257623	 261552	 
16.4	 21.9277	 13.9656	 -31.7871	 18.3275	 11.9127	 -28.3226	 14.7807	 9.88983	 -24.7859	 11.2869	 7.89694	 -21.1802	 7.8453	 5.9338	 -17.5085	 4.45531	 4	 -13.7737	 246321	 250004	 253770	 257619	 261546	 
16.5	 21.9208	 13.9645	 -31.7982	 18.3203	 11.9117	 -28.3339	 14.7731	 9.88913	 -24.7975	 11.2788	 7.89644	 -21.1922	 7.83661	 5.93346	 -17.5209	 4.44592	 4	 -13.7866	 246329	 250010	 253776	 257623	 261550	 
16.6	 21.9141	 13.9635	 -31.8099	 18.3133	 11.9107	 -28.3459	 14.7657	 9.88831	 -24.8098	 11.2708	 7.89591	 -21.2049	 7.82796	 5.93318	 -17.5341	 4.43657	 4	 -13.8003	 246319	 250000	 253765	 257611	 261536	 
16.7	 21.9073	 13.9625	 -31.8225	 18.3063	 11.9097	 -28.3587	 14.7583	 9.88742	 -24.823	 11.2628	 7.89533	 -21.2184	 7.81932	 5.93298	 -17.5481	 4.42725	 4	 -13.8147	 246319	 249999	 253762	 257608	 261531	 
16.8	 21.9005	 13.9617	 -31.8358	 18.2992	 11.9088	 -28.3724	 14.7508	 9.88662	 -24.837	 11.2548	 7.89476	 -21.2328	 7.81068	 5.93276	 -17.5628	 4.41798	 4	 -13.83	 246314	 249993	 253756	 257600	 261522	 
16.9	 21.8935	 13.9611	 -31.85	 18.292	 11.9082	 -28.3868	 14.7432	 9.88602	 -24.8518	 11.2467	 7.89429	 -21.248	 7.80206	 5.93243	 -17.5785	 4.40875	 4	 -13.846	 246322	 250000	 253762	 257604	 261525	 
17	 21.8864	 13.9609	 -31.8649	 18.2845	 11.9078	 -28.4022	 14.7353	 9.88568	 -24.8675	 11.2385	 7.89394	 -21.2641	 7.79339	 5.93214	 -17.5949	 4.39957	 4	 -13.8628	 246302	 249979	 253739	 257580	 261500	 
17.1	 21.879	 13.961	 -31.8806	 18.2767	 11.9079	 -28.4183	 14.7273	 9.8856	 -24.884	 11.2301	 7.89378	 -21.281	 7.78464	 5.93204	 -17.6121	 4.39045	 4	 -13.8803	 246284	 249959	 253718	 257558	 261477	 
17.2	 21.8713	 13.9616	 -31.8971	 18.2688	 11.9083	 -28.4353	 14.719	 9.88581	 -24.9014	 11.2215	 7.8939	 -21.2987	 7.7758	 5.93217	 -17.6301	 4.38138	 4	 -13.8985	 246255	 249930	 253688	 257526	 261443	 
17.3	 21.8635	 13.9625	 -31.9143	 18.2606	 11.909	 -28.453	 14.7106	 9.88638	 -24.9195	 11.2128	 7.89435	 -21.3171	 7.76693	 5.93243	 -17.6488	 4.37238	 4	 -13.9174	 246245	 249918	 253675	 257513	 261428	 
17.4	 21.8556	 13.9639	 -31.9322	 18.2523	 11.9101	 -28.4713	 14.702	 9.88734	 -24.9383	 11.2041	 7.89509	 -21.3362	 7.75806	 5.93278	 -17.6681	 4.36343	 4	 -13.937	 246234	 249907	 253662	 257499	 261413	 
17.5	 21.8476	 13.9655	 -31.9507	 18.244	 11.9116	 -28.4903	 14.6933	 9.88864	 -24.9576	 11.1953	 7.896	 -21.3559	 7.74922	 5.93323	 -17.6882	 4.35456	 4	 -13.9573	 246219	 249890	 253645	 257480	 261393	 
17.6	 21.8397	 13.9673	 -31.9698	 18.2356	 11.9135	 -28.5098	 14.6847	 9.89015	 -24.9776	 11.1866	 7.89702	 -21.3762	 7.74043	 5.93378	 -17.7088	 4.34575	 4	 -13.9783	 246192	 249863	 253616	 257451	 261362	 
17.7	 21.8318	 13.9694	 -31.9893	 18.2274	 11.9154	 -28.5298	 14.6763	 9.89174	 -24.998	 11.178	 7.89815	 -21.397	 7.73175	 5.93438	 -17.73	 4.33702	 4	 -13.9998	 246170	 249840	 253593	 257426	 261336	 
17.8	 21.8242	 13.9715	 -32.0093	 18.2194	 11.9173	 -28.5503	 14.668	 9.89332	 -25.019	 11.1695	 7.89933	 -21.4184	 7.7232	 5.93497	 -17.7518	 4.32838	 4	 -14.022	 246148	 249817	 253569	 257401	 261310	 
17.9	 21.8169	 13.9735	 -32.0297	 18.2117	 11.919	 -28.5713	 14.66	 9.8948	 -25.0404	 11.1613	 7.90042	 -21.4403	 7.7148	 5.93554	 -17.7741	 4.31982	 4	 -14.0447	 246137	 249805	 253557	 257388	 261296	 
18	 21.81	 13.9753	 -32.0505	 18.2044	 11.9207	 -28.5926	 14.6524	 9.8961	 -25.0622	 11.1533	 7.90134	 -21.4626	 7.70656	 5.93605	 -17.7969	 4.31135	 4	 -14.0681	 246113	 249781	 253532	 257362	 261269	 
18.1	 21.8034	 13.9769	 -32.0717	 18.1974	 11.9221	 -28.6143	 14.6451	 9.8972	 -25.0845	 11.1457	 7.90206	 -21.4854	 7.69853	 5.93643	 -17.8203	 4.30298	 4	 -14.0919	 246087	 249755	 253505	 257335	 261240	 
18.2	 21.7973	 13.9781	 -32.0933	 18.1909	 11.9232	 -28.6365	 14.6381	 9.89806	 -25.1072	 11.1382	 7.90261	 -21.5087	 7.69071	 5.93666	 -17.8441	 4.29471	 4	 -14.1163	 246062	 249730	 253479	 257307	 261211	 
18.3	 21.7916	 13.979	 -32.1153	 18.1847	 11.9238	 -28.659	 14.6314	 9.89862	 -25.1303	 11.1311	 7.90297	 -21.5324	 7.68308	 5.9368	 -17.8684	 4.28655	 4	 -14.1411	 246042	 249710	 253459	 257286	 261189	 
18.4	 21.7862	 13.9795	 -32.1377	 18.1789	 11.9242	 -28.6819	 14.6251	 9.89883	 -25.1538	 11.1242	 7.90314	 -21.5565	 7.67561	 5.9369	 -17.8931	 4.27851	 4	 -14.1663	 246033	 249700	 253448	 257274	 261176	 
18.5	 21.7811	 13.9798	 -32.1604	 18.1734	 11.9243	 -28.7053	 14.6191	 9.89876	 -25.1778	 11.1176	 7.90311	 -21.581	 7.66832	 5.93696	 -17.9182	 4.2706	 4	 -14.192	 246026	 249693	 253441	 257267	 261167	 
18.6	 21.7762	 13.98	 -32.1836	 18.1681	 11.9242	 -28.7291	 14.6133	 9.89854	 -25.2021	 11.1112	 7.90292	 -21.606	 7.66122	 5.93687	 -17.9436	 4.26281	 4	 -14.2181	 246013	 249679	 253427	 257251	 261151	 
18.7	 21.7715	 13.98	 -32.2072	 18.1629	 11.9239	 -28.7532	 14.6076	 9.89829	 -25.2268	 11.1049	 7.90263	 -21.6313	 7.65429	 5.93664	 -17.9695	 4.25516	 4	 -14.2445	 246014	 249680	 253427	 257251	 261149	 
18.8	 21.7668	 13.98	 -32.2312	 18.1578	 11.9237	 -28.7778	 14.602	 9.898	 -25.2519	 11.0987	 7.90232	 -21.6569	 7.64748	 5.9364	 -17.9958	 4.24764	 4	 -14.2713	 246007	 249673	 253420	 257243	 261140	 
18.9	 21.7621	 13.9801	 -32.2556	 18.1527	 11.9237	 -28.8027	 14.5964	 9.89774	 -25.2774	 11.0926	 7.90206	 -21.683	 7.64074	 5.93626	 -18.0223	 4.24027	 4	 -14.2983	 246016	 249683	 253429	 257251	 261147	 
19	 21.7573	 13.9805	 -32.2803	 18.1475	 11.9237	 -28.828	 14.5908	 9.89764	 -25.3033	 11.0865	 7.90194	 -21.7093	 7.63406	 5.93625	 -18.0491	 4.23305	 4	 -14.3256	 246026	 249692	 253438	 257260	 261155	 
19.1	 21.7524	 13.9811	 -32.3053	 18.1423	 11.924	 -28.8536	 14.5851	 9.8978	 -25.3294	 11.0803	 7.90204	 -21.7359	 7.62744	 5.93631	 -18.0762	 4.22598	 4	 -14.3531	 246036	 249702	 253448	 257270	 261164	 
19.2	 21.7475	 13.9819	 -32.3306	 18.1369	 11.9246	 -28.8794	 14.5793	 9.89827	 -25.3557	 11.0741	 7.90238	 -21.7627	 7.6209	 5.93643	 -18.1035	 4.21907	 4	 -14.3808	 246044	 249711	 253456	 257278	 261172	 
19.3	 21.7425	 13.983	 -32.3561	 18.1315	 11.9256	 -28.9055	 14.5734	 9.89905	 -25.3823	 11.0679	 7.90289	 -21.7898	 7.61443	 5.93667	 -18.1309	 4.2123	 4	 -14.4087	 246018	 249686	 253431	 257252	 261146	 
19.4	 21.7375	 13.9844	 -32.3818	 18.126	 11.9269	 -28.9317	 14.5676	 9.90008	 -25.4091	 11.0618	 7.90357	 -21.817	 7.60801	 5.93704	 -18.1586	 4.20569	 4	 -14.4367	 245987	 249654	 253399	 257219	 261112	 
19.5	 21.7325	 13.986	 -32.4075	 18.1205	 11.9284	 -28.9581	 14.5617	 9.90128	 -25.4359	 11.0557	 7.90442	 -21.8443	 7.6017	 5.9375	 -18.1863	 4.19926	 4	 -14.4648	 246104	 249772	 253518	 257338	 261231	 
19.6	 21.7275	 13.9878	 -32.4333	 18.1151	 11.9299	 -28.9844	 14.556	 9.9026	 -25.4628	 11.0496	 7.90541	 -21.8717	 7.59554	 5.938	 -18.214	 4.193	 4	 -14.4928	 246137	 249807	 253553	 257375	 261267	 
19.7	 21.7227	 13.9897	 -32.4591	 18.1099	 11.9316	 -29.0108	 14.5504	 9.90397	 -25.4897	 11.0438	 7.90643	 -21.8989	 7.58957	 5.93852	 -18.2417	 4.18691	 4	 -14.5209	 246101	 249771	 253519	 257340	 261233	 
19.8	 21.718	 13.9916	 -32.4848	 18.1048	 11.9333	 -29.037	 14.545	 9.90534	 -25.5164	 11.0382	 7.90736	 -21.9261	 7.5838	 5.93904	 -18.2693	 4.18101	 4	 -14.5489	 246069	 249740	 253489	 257312	 261204	 
19.9	 21.7136	 13.9934	 -32.5105	 18.0999	 11.9349	 -29.0632	 14.5399	 9.90662	 -25.543	 11.0329	 7.90821	 -21.9532	 7.57826	 5.93947	 -18.2968	 4.17528	 4	 -14.5768	 246053	 249726	 253476	 257298	 261192	 
20	 21.7094	 13.995	 -32.536	 18.0954	 11.9363	 -29.0892	 14.5351	 9.90775	 -25.5695	 11.0278	 7.90897	 -21.9801	 7.57295	 5.9398	 -18.3242	 4.16973	 4	 -14.6046	 246128	 249804	 253555	 257379	 261272	 
20.1	 21.7054	 13.9963	 -32.5614	 18.0912	 11.9375	 -29.115	 14.5305	 9.90866	 -25.5958	 11.023	 7.90961	 -22.0069	 7.56785	 5.9401	 -18.3513	 4.16435	 4	 -14.6321	 246179	 249856	 253608	 257433	 261327	 
20.2	 21.7017	 13.9974	 -32.5867	 18.0873	 11.9383	 -29.1407	 14.5263	 9.90931	 -25.6219	 11.0184	 7.91007	 -22.0334	 7.56294	 5.94038	 -18.3783	 4.15914	 4	 -14.6595	 246209	 249888	 253642	 257468	 261363	 
20.3	 21.6983	 13.9981	 -32.6119	 18.0835	 11.9389	 -29.1662	 14.5223	 9.90971	 -25.6478	 11.0141	 7.91036	 -22.0597	 7.55824	 5.94058	 -18.4049	 4.15411	 4	 -14.6866	 246185	 249866	 253621	 257449	 261344	 
20.4	 21.695	 13.9986	 -32.6368	 18.08	 11.9392	 -29.1915	 14.5185	 9.90991	 -25.6734	 11.01	 7.91048	 -22.0857	 7.55376	 5.94062	 -18.4313	 4.14925	 4	 -14.7133	 246204	 249887	 253645	 257473	 261369	 
20.5	 21.6918	 13.9988	 -32.6617	 18.0766	 11.9393	 -29.2166	 14.5149	 9.90993	 -25.6988	 11.006	 7.91043	 -22.1114	 7.54948	 5.94053	 -18.4574	 4.14456	 4	 -14.7397	 246264	 249950	 253710	 257540	 261436	 
20.6	 21.6886	 13.9988	 -32.6863	 18.0733	 11.9392	 -29.2415	 14.5113	 9.90976	 -25.724	 11.0022	 7.91024	 -22.1369	 7.54532	 5.9404	 -18.4831	 4.14004	 4	 -14.7657	 246359	 250047	 253809	 257640	 261538	 
20.7	 21.6855	 13.9987	 -32.7107	 18.07	 11.9389	 -29.2662	 14.5078	 9.90944	 -25.7489	 10.9984	 7.90997	 -22.162	 7.54125	 5.94028	 -18.5085	 4.13568	 4	 -14.7913	 246422	 250113	 253877	 257710	 261609	 
20.8	 21.6823	 13.9985	 -32.7349	 18.0667	 11.9386	 -29.2906	 14.5043	 9.90905	 -25.7735	 10.9947	 7.90969	 -22.1868	 7.53727	 5.94016	 -18.5334	 4.13149	 4	 -14.8163	 246451	 250145	 253911	 257746	 261646	 
20.9	 21.679	 13.9983	 -32.7588	 18.0633	 11.9382	 -29.3147	 14.5008	 9.9087	 -25.7977	 10.991	 7.90943	 -22.2111	 7.53341	 5.94001	 -18.5578	 4.12745	 4	 -14.8408	 246487	 250184	 253952	 257789	 261690	 
21	 21.6756	 13.9981	 -32.7824	 18.0598	 11.9379	 -29.3384	 14.4972	 9.90845	 -25.8215	 10.9873	 7.90921	 -22.235	 7.52964	 5.93986	 -18.5817	 4.12357	 4	 -14.8647	 246556	 250256	 254026	 257865	 261768	 
21.1	 21.6721	 13.9979	 -32.8055	 18.0562	 11.9378	 -29.3616	 14.4935	 9.90828	 -25.8448	 10.9836	 7.90905	 -22.2583	 7.52592	 5.93976	 -18.605	 4.11985	 4	 -14.888	 246656	 250359	 254132	 257973	 261878	 
21.2	 21.6684	 13.9978	 -32.8283	 18.0524	 11.9377	 -29.3844	 14.4898	 9.9082	 -25.8676	 10.9799	 7.90898	 -22.2811	 7.52226	 5.93974	 -18.6277	 4.11626	 4	 -14.9106	 246751	 250457	 254233	 258077	 261983	 
21.3	 21.6646	 13.9978	 -32.8505	 18.0487	 11.9377	 -29.4066	 14.486	 9.90823	 -25.8898	 10.9762	 7.90902	 -22.3032	 7.51867	 5.93978	 -18.6497	 4.11282	 4	 -14.9325	 246811	 250520	 254299	 258145	 262054	 
21.4	 21.6607	 13.9979	 -32.8721	 18.0448	 11.9378	 -29.4282	 14.4822	 9.90836	 -25.9113	 10.9725	 7.90916	 -22.3245	 7.51518	 5.93985	 -18.671	 4.10952	 4	 -14.9536	 246865	 250577	 254360	 258208	 262119	 
21.5	 21.6566	 13.9981	 -32.8932	 18.0409	 11.938	 -29.4491	 14.4785	 9.90855	 -25.9321	 10.9689	 7.90933	 -22.3452	 7.51178	 5.93994	 -18.6914	 4.10635	 4	 -14.9739	 246932	 250648	 254433	 258284	 262198	 
21.6	 21.6525	 13.9984	 -32.9135	 18.0369	 11.9384	 -29.4693	 14.4747	 9.90879	 -25.9521	 10.9654	 7.90948	 -22.365	 7.50848	 5.94003	 -18.7111	 4.1033	 4	 -14.9934	 247039	 250759	 254548	 258402	 262318	 
21.7	 21.6484	 13.9987	 -32.9332	 18.0329	 11.9387	 -29.4887	 14.4709	 9.90908	 -25.9713	 10.9619	 7.90964	 -22.384	 7.50529	 5.94011	 -18.7299	 4.10038	 4	 -15.0119	 247142	 250866	 254658	 258515	 262432	 
21.8	 21.6441	 13.999	 -32.952	 18.0289	 11.939	 -29.5073	 14.4672	 9.90934	 -25.9897	 10.9585	 7.90982	 -22.4021	 7.50218	 5.94016	 -18.7477	 4.09756	 4	 -15.0296	 247236	 250964	 254760	 258620	 262539	 
21.9	 21.6399	 13.9992	 -32.97	 18.025	 11.9392	 -29.5251	 14.4636	 9.90954	 -26.0071	 10.9551	 7.90999	 -22.4193	 7.49914	 5.94024	 -18.7646	 4.09485	 4	 -15.0462	 247296	 251028	 254827	 258690	 262612	 
22	 21.6357	 13.9994	 -32.9872	 18.0211	 11.9393	 -29.5419	 14.46	 9.90964	 -26.0236	 10.9518	 7.9101	 -22.4355	 7.49617	 5.94035	 -18.7806	 4.09223	 4	 -15.0619	 247377	 251113	 254915	 258781	 262705	 
22.1	 21.6315	 13.9994	 -33.0034	 18.0172	 11.9393	 -29.5578	 14.4564	 9.90967	 -26.0392	 10.9486	 7.91013	 -22.4507	 7.49327	 5.9404	 -18.7955	 4.0897	 4	 -15.0765	 247474	 251215	 255021	 258889	 262816	 
22.2	 21.6273	 13.9992	 -33.0187	 18.0133	 11.9392	 -29.5727	 14.4528	 9.90962	 -26.0538	 10.9454	 7.91008	 -22.4649	 7.49047	 5.94035	 -18.8093	 4.08725	 4	 -15.09	 247593	 251338	 255147	 259019	 262948	 
22.3	 21.6232	 13.9989	 -33.033	 18.0095	 11.939	 -29.5866	 14.4493	 9.90947	 -26.0673	 10.9423	 7.90997	 -22.4781	 7.48775	 5.94024	 -18.8221	 4.08488	 4	 -15.1023	 247692	 251440	 255253	 259127	 263058	 
22.4	 21.619	 13.9984	 -33.0462	 18.0057	 11.9386	 -29.5994	 14.4459	 9.90916	 -26.0797	 10.9392	 7.90975	 -22.4901	 7.48506	 5.94013	 -18.8336	 4.08257	 4	 -15.1135	 247775	 251527	 255343	 259220	 263154	 
22.5	 21.6149	 13.9979	 -33.0583	 18.0019	 11.9381	 -29.6112	 14.4425	 9.90872	 -26.091	 10.9362	 7.90944	 -22.5009	 7.4824	 5.94002	 -18.8441	 4.08031	 4	 -15.1235	 247847	 251603	 255422	 259302	 263237	 
22.6	 21.6108	 13.9971	 -33.0693	 17.9982	 11.9375	 -29.6217	 14.4392	 9.90818	 -26.1011	 10.9333	 7.90909	 -22.5106	 7.47981	 5.93986	 -18.8532	 4.0781	 4	 -15.1323	 247937	 251697	 255520	 259402	 263339	 
22.7	 21.6067	 13.9963	 -33.0792	 17.9945	 11.9367	 -29.6311	 14.4359	 9.90758	 -26.1099	 10.9303	 7.90868	 -22.519	 7.47728	 5.93962	 -18.8612	 4.07593	 4	 -15.1398	 248040	 251803	 255630	 259514	 263454	 
22.8	 21.6027	 13.9954	 -33.0877	 17.9909	 11.9359	 -29.6392	 14.4326	 9.90696	 -26.1176	 10.9274	 7.90821	 -22.5261	 7.47479	 5.93935	 -18.8678	 4.07379	 4	 -15.1459	 248132	 251899	 255728	 259615	 263556	 
22.9	 21.5986	 13.9944	 -33.095	 17.9872	 11.9351	 -29.646	 14.4293	 9.9063	 -26.1238	 10.9246	 7.90772	 -22.5319	 7.4723	 5.93911	 -18.8731	 4.07167	 4	 -15.1508	 248207	 251978	 255810	 259699	 263642	 
23	 21.5945	 13.9935	 -33.101	 17.9835	 11.9343	 -29.6514	 14.4261	 9.90561	 -26.1288	 10.9217	 7.90725	 -22.5363	 7.46981	 5.93889	 -18.8771	 4.06957	 4	 -15.1543	 248257	 252030	 255864	 259756	 263701	 
23.1	 21.5905	 13.9925	 -33.1055	 17.9799	 11.9334	 -29.6555	 14.4228	 9.90495	 -26.1324	 10.9188	 7.90683	 -22.5394	 7.46733	 5.93867	 -18.8797	 4.06748	 4	 -15.1564	 248320	 252096	 255933	 259827	 263773	 
23.2	 21.5864	 13.9917	 -33.1086	 17.9762	 11.9326	 -29.6581	 14.4196	 9.90434	 -26.1345	 10.916	 7.90643	 -22.541	 7.46485	 5.93847	 -18.8808	 4.06539	 4	 -15.1571	 248383	 252162	 256001	 259896	 263843	 
23.3	 21.5823	 13.991	 -33.1102	 17.9725	 11.932	 -29.6593	 14.4162	 9.90381	 -26.1352	 10.9131	 7.90604	 -22.5412	 7.46235	 5.93828	 -18.8805	 4.0633	 4	 -15.1563	 248450	 252232	 256073	 259970	 263918	 
23.4	 21.5782	 13.9904	 -33.1103	 17.9687	 11.9315	 -29.6589	 14.4129	 9.9034	 -26.1344	 10.9101	 7.90571	 -22.54	 7.45985	 5.93811	 -18.8788	 4.0612	 4	 -15.1541	 248495	 252278	 256121	 260019	 263969	 
23.5	 21.5741	 13.99	 -33.1087	 17.965	 11.9312	 -29.6569	 14.4096	 9.90311	 -26.132	 10.9072	 7.90549	 -22.5371	 7.45733	 5.93797	 -18.8755	 4.05908	 4	 -15.1504	 248529	 252314	 256159	 260058	 264009	 
23.6	 21.57	 13.9899	 -33.1055	 17.9613	 11.931	 -29.6533	 14.4062	 9.90297	 -26.128	 10.9043	 7.90538	 -22.5328	 7.45479	 5.93789	 -18.8708	 4.05695	 4	 -15.1452	 248572	 252359	 256205	 260107	 264058	 
23.7	 21.566	 13.9898	 -33.1006	 17.9577	 11.931	 -29.6481	 14.4029	 9.90295	 -26.1224	 10.9013	 7.90539	 -22.5268	 7.45222	 5.93791	 -18.8644	 4.05479	 4	 -15.1385	 248635	 252424	 256272	 260175	 264128	 
23.8	 21.5621	 13.99	 -33.094	 17.954	 11.9311	 -29.6411	 14.3996	 9.90306	 -26.1151	 10.8984	 7.90549	 -22.5192	 7.44964	 5.938	 -18.8565	 4.0526	 4	 -15.1303	 248731	 252523	 256373	 260278	 264233	 
23.9	 21.5582	 13.9902	 -33.0857	 17.9505	 11.9314	 -29.6325	 14.3964	 9.90332	 -26.1061	 10.8955	 7.90569	 -22.5099	 7.44709	 5.93811	 -18.8469	 4.05037	 4	 -15.1205	 248843	 252637	 256490	 260397	 264353	 
24	 21.5543	 13.9904	 -33.0758	 17.947	 11.9317	 -29.6221	 14.3932	 9.9037	 -26.0954	 10.8926	 7.90596	 -22.4989	 7.44457	 5.93822	 -18.8357	 4.04811	 4	 -15.1091	 248957	 252754	 256609	 260518	 264477	 
24.1	 21.5506	 13.9907	 -33.0642	 17.9435	 11.9321	 -29.6101	 14.3901	 9.90409	 -26.0831	 10.8898	 7.90626	 -22.4863	 7.44205	 5.93837	 -18.8229	 4.04582	 4	 -15.0962	 249088	 252888	 256746	 260657	 264618	 
24.2	 21.5469	 13.991	 -33.0508	 17.9401	 11.9325	 -29.5964	 14.3871	 9.90441	 -26.069	 10.8871	 7.90654	 -22.4721	 7.43949	 5.93855	 -18.8085	 4.04348	 4	 -15.0816	 249239	 253042	 256902	 260816	 264778	 
24.3	 21.5432	 13.9913	 -33.0359	 17.9368	 11.9328	 -29.581	 14.384	 9.90467	 -26.0534	 10.8843	 7.90677	 -22.4562	 7.43691	 5.93872	 -18.7925	 4.0411	 4	 -15.0655	 249414	 253220	 257083	 260999	 264964	 
24.4	 21.5396	 13.9915	 -33.0192	 17.9335	 11.933	 -29.5641	 14.381	 9.90486	 -26.0362	 10.8815	 7.90692	 -22.4388	 7.4343	 5.93879	 -18.7749	 4.03867	 4	 -15.0478	 249606	 253414	 257280	 261199	 265166	 
24.5	 21.536	 13.9915	 -33.001	 17.9303	 11.933	 -29.5455	 14.378	 9.90495	 -26.0174	 10.8787	 7.90697	 -22.4198	 7.4317	 5.93878	 -18.7558	 4.03621	 4	 -15.0285	 249792	 253603	 257472	 261394	 265363	 
24.6	 21.5325	 13.9913	 -32.9812	 17.927	 11.933	 -29.5254	 14.375	 9.90491	 -25.997	 10.8758	 7.90692	 -22.3992	 7.42905	 5.93874	 -18.735	 4.0337	 4	 -15.0076	 249985	 253799	 257671	 261595	 265567	 
24.7	 21.529	 13.991	 -32.9599	 17.9237	 11.9327	 -29.5038	 14.3719	 9.90472	 -25.9751	 10.873	 7.90678	 -22.3771	 7.42635	 5.9387	 -18.7127	 4.03116	 4	 -14.9851	 250192	 254010	 257884	 261811	 265787	 
24.8	 21.5254	 13.9904	 -32.9372	 17.9204	 11.9323	 -29.4806	 14.3688	 9.90439	 -25.9517	 10.8701	 7.90659	 -22.3534	 7.42361	 5.93862	 -18.6888	 4.02857	 4	 -14.9611	 250420	 254240	 258118	 262048	 266027	 
24.9	 21.5218	 13.9895	 -32.913	 17.9171	 11.9316	 -29.456	 14.3657	 9.90393	 -25.9267	 10.8671	 7.90634	 -22.3281	 7.42084	 5.9385	 -18.6633	 4.02595	 4	 -14.9354	 250672	 254496	 258376	 262310	 266292	 
25	 21.5181	 13.9885	 -32.8873	 17.9137	 11.9307	 -29.43	 14.3625	 9.90334	 -25.9003	 10.8642	 7.90598	 -22.3014	 7.41805	 5.93832	 -18.6363	 4.0233	 4	 -14.9081	 250921	 254748	 258632	 262569	 266554	 
