Time	 Node0px 	 Node0py 	 Node0pz 	 Node1px 	 Node1py 	 Node1pz 	 Node2px 	 Node2py 	 Node2pz 	 Node3px 	 Node3py 	 Node3pz 	 Node4px 	 Node4py 	 Node4pz 	 Node5px 	 Node5py 	 Node5pz 	 Seg0Te 	 Seg1Te 	 Seg2Te 	 Seg3Te 	 Seg4Te 	 
0	 -23.852	 13.7918	 -28.5964	 -20.3535	 11.7709	 -25.011	 -16.9097	 9.78179	 -21.3555	 -13.5201	 7.82388	 -17.6331	 -10.1838	 5.89678	 -13.8469	 -6.9	 4	 -10	 242192	 246045	 249971	 253967	 258029	 
0.1	 -23.852	 13.7917	 -28.5966	 -20.3534	 11.7709	 -25.0111	 -16.9097	 9.78174	 -21.3556	 -13.5201	 7.82385	 -17.6331	 -10.1838	 5.89676	 -13.847	 -6.9	 4	 -10	 242194	 246047	 249973	 253968	 258030	 
0.2	 -23.8547	 13.7933	 -28.6004	 -20.3552	 11.7719	 -25.0163	 -16.9114	 9.78271	 -21.361	 -13.5218	 7.8248	 -17.6386	 -10.185	 5.89747	 -13.853	 -6.89976	 4	 -10.0077	 236737	 240583	 244505	 248496	 252553	 
0.3	 -23.8579	 13.7951	 -28.6069	 -20.3569	 11.7728	 -25.0249	 -16.9125	 9.78329	 -21.3704	 -13.5224	 7.82519	 -17.6486	 -10.1841	 5.89734	 -13.8647	 -6.89631	 4	 -10.0216	 227944	 231523	 235239	 239089	 243070	 
0.4	 -23.8621	 13.7975	 -28.6182	 -20.3595	 11.7744	 -25.038	 -16.9134	 9.78384	 -21.3855	 -13.5216	 7.82503	 -17.6655	 -10.181	 5.89688	 -13.8837	 -6.89291	 4	 -10.0404	 242437	 246137	 249944	 253850	 257856	 
0.5	 -23.8664	 13.8	 -28.6341	 -20.3639	 11.7769	 -25.0538	 -16.9153	 9.78518	 -21.4042	 -13.5204	 7.82536	 -17.6877	 -10.1789	 5.89733	 -13.9066	 -6.89327	 4	 -10.0615	 240124	 243690	 247388	 251217	 255185	 
0.6	 -23.8715	 13.803	 -28.6548	 -20.3689	 11.78	 -25.0745	 -16.9182	 9.7877	 -21.4273	 -13.5207	 7.82709	 -17.7136	 -10.1808	 5.89847	 -13.9314	 -6.89864	 4	 -10.0839	 239639	 243241	 246959	 250802	 254782	 
0.7	 -23.8774	 13.8065	 -28.6798	 -20.3729	 11.783	 -25.1019	 -16.9214	 9.79098	 -21.4554	 -13.5247	 7.83002	 -17.7413	 -10.1878	 5.89969	 -13.9574	 -6.91006	 4	 -10.1069	 228574	 232065	 235701	 239495	 243450	 
0.8	 -23.8842	 13.8108	 -28.71	 -20.3758	 11.7859	 -25.1367	 -16.925	 9.79403	 -21.4894	 -13.5326	 7.83264	 -17.7715	 -10.1998	 5.90058	 -13.985	 -6.92796	 4	 -10.1298	 229567	 233076	 236731	 240542	 244509	 
0.9	 -23.8912	 13.8157	 -28.7455	 -20.3803	 11.7895	 -25.1753	 -16.9312	 9.7964	 -21.5271	 -13.5443	 7.83407	 -17.8046	 -10.2178	 5.90151	 -14.0127	 -6.95223	 4	 -10.1527	 231696	 235166	 238796	 242593	 246556	 
1	 -23.8986	 13.8211	 -28.7861	 -20.3895	 11.7941	 -25.2146	 -16.9429	 9.79855	 -21.5653	 -13.5608	 7.83481	 -17.8392	 -10.2422	 5.90243	 -14.0403	 -6.98224	 4	 -10.1759	 236305	 239816	 243481	 247305	 251278	 
1.1	 -23.9076	 13.8271	 -28.8302	 -20.4042	 11.799	 -25.2537	 -16.962	 9.80129	 -21.6016	 -13.5844	 7.83601	 -17.8721	 -10.2719	 5.90292	 -14.0684	 -7.01694	 4	 -10.2001	 232068	 235565	 239226	 243045	 247006	 
1.2	 -23.9202	 13.8335	 -28.8758	 -20.4232	 11.8031	 -25.2943	 -16.9879	 9.80459	 -21.6362	 -13.6154	 7.83785	 -17.903	 -10.3053	 5.90288	 -14.098	 -7.05493	 4	 -10.226	 227548	 231069	 234750	 238570	 242526	 
1.3	 -23.9375	 13.8395	 -28.9216	 -20.4459	 11.8069	 -25.3362	 -17.0184	 9.80761	 -21.6711	 -13.6511	 7.83964	 -17.9339	 -10.3426	 5.90309	 -14.1285	 -7.09465	 4	 -10.2545	 225213	 228745	 232430	 236243	 240190	 
1.4	 -23.9596	 13.8447	 -28.9675	 -20.4732	 11.8108	 -25.3777	 -17.0515	 9.80986	 -21.708	 -13.689	 7.84102	 -17.967	 -10.3833	 5.90423	 -14.1592	 -7.13452	 4	 -10.2864	 228772	 232353	 236066	 239899	 243851	 
1.5	 -23.9861	 13.8488	 -29.0132	 -20.5056	 11.8148	 -25.4177	 -17.0868	 9.81199	 -21.7464	 -13.7279	 7.84254	 -18.0024	 -10.4251	 5.90597	 -14.1919	 -7.17309	 4	 -10.3227	 231200	 234808	 238538	 242388	 246348	 
1.6	 -24.0164	 13.8522	 -29.0585	 -20.5416	 11.818	 -25.4577	 -17.1249	 9.81483	 -21.7846	 -13.7675	 7.84481	 -18.0396	 -10.4642	 5.90727	 -14.23	 -7.20916	 4	 -10.364	 230164	 233794	 237543	 241406	 245370	 
1.7	 -24.0496	 13.8551	 -29.1037	 -20.5785	 11.8201	 -25.4999	 -17.1649	 9.81804	 -21.8234	 -13.8061	 7.8474	 -18.08	 -10.4984	 5.90782	 -14.2753	 -7.2418	 4	 -10.4109	 226260	 229898	 233653	 237512	 241459	 
1.8	 -24.0846	 13.858	 -29.1496	 -20.6153	 11.822	 -25.5447	 -17.2034	 9.82031	 -21.8663	 -13.8414	 7.84915	 -18.1261	 -10.529	 5.90825	 -14.3263	 -7.27044	 4	 -10.4637	 224581	 228232	 231986	 235828	 239760	 
1.9	 -24.1203	 13.8608	 -29.197	 -20.6514	 11.8243	 -25.592	 -17.2372	 9.82105	 -21.9166	 -13.8722	 7.84952	 -18.1792	 -10.5572	 5.90901	 -14.3814	 -7.29491	 4	 -10.5224	 225821	 229481	 233216	 237035	 240952	 
2	 -24.1558	 13.8638	 -29.2465	 -20.6853	 11.8264	 -25.6433	 -17.266	 9.82114	 -21.9738	 -13.899	 7.8492	 -18.2385	 -10.5826	 5.90957	 -14.4414	 -7.3154	 4	 -10.5868	 227542	 231194	 234912	 238715	 242606	 
2.1	 -24.1902	 13.8669	 -29.2986	 -20.7153	 11.828	 -25.7006	 -17.2919	 9.82182	 -22.0354	 -13.9224	 7.84921	 -18.3027	 -10.6035	 5.90935	 -14.508	 -7.33239	 4	 -10.6566	 226463	 230082	 233784	 237563	 241411	 
2.2	 -24.2229	 13.8699	 -29.3544	 -20.7416	 11.8295	 -25.7635	 -17.3159	 9.82326	 -22.1006	 -13.9426	 7.84986	 -18.3717	 -10.6193	 5.90875	 -14.5815	 -7.34665	 4	 -10.7312	 223331	 226917	 230592	 234333	 238137	 
2.3	 -24.2534	 13.8729	 -29.4146	 -20.7664	 11.8315	 -25.8299	 -17.337	 9.82485	 -22.1706	 -13.959	 7.85078	 -18.4464	 -10.6319	 5.9088	 -14.66	 -7.35906	 4	 -10.8099	 220848	 224409	 228038	 231733	 235508	 
2.4	 -24.282	 13.8761	 -29.4791	 -20.7905	 11.8344	 -25.8988	 -17.3547	 9.82645	 -22.2464	 -13.9724	 7.85183	 -18.5264	 -10.6437	 5.90985	 -14.7414	 -7.37059	 4	 -10.892	 220639	 224172	 227758	 231417	 235177	 
2.5	 -24.3092	 13.8798	 -29.5472	 -20.8131	 11.8376	 -25.9718	 -17.3705	 9.8286	 -22.3263	 -13.9846	 7.85343	 -18.6098	 -10.6558	 5.9113	 -14.825	 -7.38218	 4	 -10.9768	 221131	 224625	 228182	 231824	 235568	 
2.6	 -24.3354	 13.8842	 -29.6187	 -20.8333	 11.8411	 -26.0497	 -17.3866	 9.83171	 -22.4082	 -13.9981	 7.85585	 -18.6946	 -10.6685	 5.91245	 -14.9111	 -7.39471	 4	 -11.0636	 220128	 223579	 227120	 230754	 234478	 
2.7	 -24.3606	 13.8894	 -29.6935	 -20.8523	 11.8451	 -26.1312	 -17.4038	 9.83552	 -22.4917	 -14.0137	 7.85864	 -18.78	 -10.6822	 5.91333	 -14.9992	 -7.40885	 4	 -11.1518	 217451	 220872	 224394	 228015	 231724	 
2.8	 -24.3848	 13.8954	 -29.7718	 -20.8725	 11.8501	 -26.2142	 -17.422	 9.83936	 -22.5772	 -14.0309	 7.86109	 -18.8671	 -10.6981	 5.91434	 -15.0883	 -7.42508	 4	 -11.2411	 215029	 218436	 221938	 225538	 229243	 
2.9	 -24.4084	 13.9022	 -29.8533	 -20.8945	 11.8557	 -26.2979	 -17.4414	 9.84292	 -22.6645	 -14.0493	 7.86303	 -18.9563	 -10.7167	 5.91553	 -15.1776	 -7.44362	 4	 -11.3311	 214283	 217682	 221170	 224757	 228461	 
3	 -24.4321	 13.9097	 -29.9371	 -20.9178	 11.8614	 -26.3831	 -17.4628	 9.84639	 -22.7527	 -14.0694	 7.86493	 -19.0465	 -10.7377	 5.91657	 -15.2675	 -7.46448	 4	 -11.4217	 214475	 217862	 221348	 224935	 228635	 
3.1	 -24.4562	 13.9174	 -30.0228	 -20.9416	 11.867	 -26.4705	 -17.4865	 9.85015	 -22.8412	 -14.0924	 7.86717	 -19.1364	 -10.7605	 5.91739	 -15.3584	 -7.48742	 4	 -11.5128	 213946	 217322	 220810	 224406	 228099	 
3.2	 -24.481	 13.9249	 -30.1104	 -20.9658	 11.8726	 -26.5597	 -17.5118	 9.85429	 -22.9301	 -14.1182	 7.86972	 -19.2258	 -10.785	 5.91828	 -15.4498	 -7.51203	 4	 -11.6046	 212292	 215663	 219152	 222751	 226444	 
3.3	 -24.5065	 13.9318	 -30.1996	 -20.9912	 11.8782	 -26.6497	 -17.5382	 9.85852	 -23.02	 -14.1455	 7.87235	 -19.3158	 -10.8116	 5.91953	 -15.541	 -7.53778	 4	 -11.6972	 210721	 214098	 217585	 221179	 224875	 
3.4	 -24.5326	 13.9382	 -30.2901	 -21.018	 11.8836	 -26.7402	 -17.5652	 9.86256	 -23.1111	 -14.1729	 7.87502	 -19.4071	 -10.8396	 5.92102	 -15.6325	 -7.56401	 4	 -11.791	 210355	 213742	 217232	 220823	 224516	 
3.5	 -24.5592	 13.9441	 -30.3818	 -21.0457	 11.8886	 -26.8312	 -17.5928	 9.86636	 -23.2029	 -14.2005	 7.87777	 -19.4996	 -10.8674	 5.92254	 -15.7253	 -7.59008	 4	 -11.886	 210821	 214217	 217713	 221305	 224985	 
3.6	 -24.5862	 13.9495	 -30.4741	 -21.0736	 11.893	 -26.9233	 -17.621	 9.86999	 -23.2952	 -14.2283	 7.8805	 -19.5927	 -10.8939	 5.92396	 -15.8203	 -7.61539	 4	 -11.9827	 210937	 214339	 217843	 221435	 225097	 
3.7	 -24.6135	 13.9544	 -30.5671	 -21.1014	 11.8969	 -27.0163	 -17.6493	 9.87336	 -23.388	 -14.2557	 7.88296	 -19.6869	 -10.919	 5.92527	 -15.9172	 -7.63939	 4	 -12.0811	 210256	 213663	 217168	 220750	 224398	 
3.8	 -24.6408	 13.9588	 -30.6607	 -21.1289	 11.9006	 -27.1102	 -17.6768	 9.87624	 -23.4822	 -14.2819	 7.88499	 -19.7827	 -10.9433	 5.92635	 -16.0152	 -7.66168	 4	 -12.1814	 209507	 212920	 216417	 219985	 223623	 
3.9	 -24.6679	 13.9627	 -30.7547	 -21.1558	 11.9038	 -27.2048	 -17.7027	 9.87857	 -23.5784	 -14.3065	 7.88652	 -19.8805	 -10.9666	 5.9271	 -16.1144	 -7.682	 4	 -12.2837	 209472	 212888	 216374	 219931	 223556	 
4	 -24.6946	 13.9662	 -30.8493	 -21.1817	 11.9066	 -27.3005	 -17.7268	 9.88045	 -23.6762	 -14.3295	 7.88762	 -19.9798	 -10.988	 5.9276	 -16.2155	 -7.70023	 4	 -12.3877	 209962	 213377	 216858	 220406	 224011	 
4.1	 -24.7205	 13.9693	 -30.9444	 -21.2061	 11.9089	 -27.3975	 -17.7497	 9.88204	 -23.7751	 -14.3507	 7.88851	 -20.0806	 -11.0067	 5.92803	 -16.3188	 -7.71644	 4	 -12.4933	 210170	 213581	 217059	 220596	 224181	 
4.2	 -24.7453	 13.9719	 -31.0403	 -21.2292	 11.9108	 -27.4957	 -17.7714	 9.8834	 -23.8749	 -14.37	 7.88939	 -20.1829	 -11.023	 5.9285	 -16.4239	 -7.73079	 4	 -12.6004	 209766	 213173	 216644	 220166	 223734	 
4.3	 -24.7691	 13.9742	 -31.137	 -21.2511	 11.9125	 -27.5946	 -17.7913	 9.88462	 -23.976	 -14.387	 7.89033	 -20.2868	 -11.0377	 5.929	 -16.5301	 -7.7436	 4	 -12.7085	 209240	 212643	 216100	 219607	 223166	 
4.4	 -24.7917	 13.9763	 -31.2344	 -21.2717	 11.914	 -27.6942	 -17.809	 9.88583	 -24.0787	 -14.4022	 7.89126	 -20.3919	 -11.0511	 5.92949	 -16.6371	 -7.75522	 4	 -12.8172	 209166	 212561	 216005	 219502	 223053	 
4.5	 -24.8132	 13.9782	 -31.3325	 -21.2908	 11.9155	 -27.795	 -17.825	 9.88711	 -24.1824	 -14.4162	 7.89212	 -20.4978	 -11.0635	 5.92995	 -16.7446	 -7.76606	 4	 -12.9263	 209444	 212828	 216265	 219757	 223303	 
4.6	 -24.8334	 13.9799	 -31.4314	 -21.308	 11.9172	 -27.8968	 -17.84	 9.88841	 -24.2867	 -14.4293	 7.89296	 -20.604	 -11.0751	 5.93038	 -16.8524	 -7.77655	 4	 -13.0352	 209542	 212918	 216352	 219841	 223385	 
4.7	 -24.8522	 13.9817	 -31.531	 -21.324	 11.9188	 -27.9993	 -17.8542	 9.88969	 -24.391	 -14.4418	 7.89382	 -20.7101	 -11.0863	 5.93079	 -16.96	 -7.78706	 4	 -13.1436	 209232	 212602	 216033	 219522	 223068	 
4.8	 -24.8696	 13.9836	 -31.6313	 -21.3394	 11.9204	 -28.1018	 -17.8679	 9.8909	 -24.4954	 -14.454	 7.89466	 -20.8161	 -11.0975	 5.93116	 -17.0671	 -7.7979	 4	 -13.2512	 208888	 212257	 215686	 219176	 222727	 
4.9	 -24.8858	 13.9856	 -31.7321	 -21.3543	 11.9218	 -28.2042	 -17.881	 9.892	 -24.5997	 -14.4661	 7.89537	 -20.9216	 -11.1091	 5.93149	 -17.1732	 -7.80931	 4	 -13.3577	 208915	 212285	 215716	 219210	 222771	 
5	 -24.901	 13.9876	 -31.8332	 -21.3685	 11.9233	 -28.3066	 -17.8941	 9.89297	 -24.7035	 -14.4784	 7.89595	 -21.0263	 -11.1212	 5.93177	 -17.2782	 -7.82143	 4	 -13.4628	 209271	 212642	 216080	 219584	 223156	 
5.1	 -24.9154	 13.9893	 -31.9344	 -21.3821	 11.9248	 -28.4088	 -17.9073	 9.89386	 -24.8063	 -14.4912	 7.89644	 -21.1297	 -11.1339	 5.932	 -17.3819	 -7.8343	 4	 -13.5664	 209569	 212945	 216394	 219912	 223497	 
5.2	 -24.929	 13.9907	 -32.0356	 -21.3952	 11.9261	 -28.5105	 -17.9206	 9.89476	 -24.9081	 -14.5046	 7.89689	 -21.2316	 -11.1473	 5.93216	 -17.4839	 -7.84786	 4	 -13.6685	 209664	 213050	 216511	 220044	 223644	 
5.3	 -24.9419	 13.9916	 -32.1366	 -21.4083	 11.927	 -28.6114	 -17.9339	 9.89561	 -25.0088	 -14.5185	 7.89733	 -21.332	 -11.1614	 5.93228	 -17.5843	 -7.86198	 4	 -13.7689	 209801	 213200	 216675	 220223	 223838	 
5.4	 -24.9543	 13.9921	 -32.2372	 -21.4213	 11.9275	 -28.7113	 -17.9474	 9.89617	 -25.1082	 -14.5325	 7.89776	 -21.431	 -11.1758	 5.93243	 -17.6831	 -7.87647	 4	 -13.8677	 210246	 213661	 217152	 220715	 224346	 
5.5	 -24.9661	 13.992	 -32.3372	 -21.4341	 11.9276	 -28.8102	 -17.961	 9.89631	 -25.2063	 -14.5465	 7.89806	 -21.5286	 -11.1904	 5.93266	 -17.7802	 -7.89109	 4	 -13.9648	 210941	 214373	 217882	 221462	 225106	 
5.6	 -24.9773	 13.9913	 -32.4363	 -21.4466	 11.9272	 -28.9079	 -17.9745	 9.89607	 -25.303	 -14.5606	 7.89808	 -21.6246	 -11.2047	 5.93285	 -17.8759	 -7.9056	 4	 -14.0605	 211619	 215071	 218598	 222194	 225852	 
5.7	 -24.9881	 13.99	 -32.5345	 -21.4587	 11.9263	 -29.0045	 -17.9877	 9.89554	 -25.3983	 -14.5746	 7.89779	 -21.7191	 -11.2188	 5.93281	 -17.9701	 -7.91978	 4	 -14.1546	 212161	 215631	 219176	 222788	 226458	 
5.8	 -24.9982	 13.9881	 -32.6316	 -21.4702	 11.9249	 -29.0999	 -18.0003	 9.89467	 -25.4923	 -14.588	 7.89718	 -21.8122	 -11.2325	 5.93243	 -18.0629	 -7.93341	 4	 -14.2472	 212714	 216204	 219765	 223391	 227075	 
5.9	 -25.0078	 13.9857	 -32.7274	 -21.4811	 11.923	 -29.1941	 -18.0122	 9.8933	 -25.5852	 -14.6006	 7.89625	 -21.9042	 -11.2456	 5.93181	 -18.1542	 -7.94636	 4	 -14.3383	 213418	 216926	 220504	 224143	 227839	 
6	 -25.0166	 13.9826	 -32.8219	 -21.4911	 11.9206	 -29.287	 -18.0233	 9.89141	 -25.6768	 -14.6124	 7.89496	 -21.9948	 -11.2578	 5.93116	 -18.2441	 -7.95851	 4	 -14.428	 214229	 217757	 221350	 225003	 228711	 
6.1	 -25.0245	 13.9791	 -32.9151	 -21.5003	 11.9177	 -29.3786	 -18.0334	 9.88909	 -25.7672	 -14.6231	 7.89338	 -22.0842	 -11.2688	 5.93053	 -18.3328	 -7.96985	 4	 -14.516	 214982	 218527	 222136	 225803	 229523	 
6.2	 -25.0317	 13.9751	 -33.007	 -21.5085	 11.9143	 -29.469	 -18.0424	 9.88648	 -25.8563	 -14.6328	 7.89167	 -22.1723	 -11.2788	 5.92976	 -18.42	 -7.9804	 4	 -14.6024	 215591	 219153	 222777	 226457	 230189	 
6.3	 -25.0379	 13.9706	 -33.0974	 -21.5157	 11.9105	 -29.558	 -18.0504	 9.88368	 -25.9441	 -14.6412	 7.88986	 -22.259	 -11.288	 5.92877	 -18.5057	 -7.99027	 4	 -14.687	 216170	 219748	 223386	 227079	 230825	 
6.4	 -25.0431	 13.9657	 -33.1865	 -21.5218	 11.9066	 -29.6457	 -18.0571	 9.88074	 -26.0306	 -14.6487	 7.8879	 -22.3443	 -11.2964	 5.92769	 -18.5896	 -7.99958	 4	 -14.7696	 216802	 220395	 224047	 227755	 231516	 
6.5	 -25.0474	 13.9605	 -33.2741	 -21.5267	 11.9025	 -29.732	 -18.0628	 9.87765	 -26.1156	 -14.6554	 7.88574	 -22.4279	 -11.3042	 5.92664	 -18.6717	 -8.00852	 4	 -14.8501	 217486	 221094	 224761	 228484	 232261	 
6.6	 -25.0506	 13.9551	 -33.3603	 -21.5307	 11.8982	 -29.8168	 -18.0677	 9.8744	 -26.1989	 -14.6614	 7.88351	 -22.5096	 -11.3114	 5.9256	 -18.7517	 -8.01727	 4	 -14.9283	 218104	 221727	 225409	 229148	 232942	 
6.7	 -25.0527	 13.9497	 -33.445	 -21.5338	 11.8938	 -29.8999	 -18.072	 9.87103	 -26.2804	 -14.6669	 7.88131	 -22.5893	 -11.3184	 5.92449	 -18.8294	 -8.02602	 4	 -15.0039	 218640	 222278	 225976	 229732	 233543	 
6.8	 -25.0539	 13.9441	 -33.5281	 -21.5363	 11.8892	 -29.9813	 -18.0757	 9.86758	 -26.3598	 -14.672	 7.87909	 -22.6668	 -11.3254	 5.92331	 -18.9048	 -8.03497	 4	 -15.077	 219157	 222810	 226525	 230298	 234129	 
6.9	 -25.0542	 13.9385	 -33.6097	 -21.538	 11.8846	 -30.0607	 -18.079	 9.86409	 -26.4372	 -14.6771	 7.87673	 -22.7419	 -11.3324	 5.92213	 -18.9775	 -8.04425	 4	 -15.1472	 219726	 223395	 227127	 230919	 234769	 
7	 -25.0538	 13.9327	 -33.6894	 -21.5392	 11.88	 -30.1382	 -18.082	 9.86055	 -26.5124	 -14.6822	 7.87425	 -22.8146	 -11.3398	 5.92093	 -19.0476	 -8.054	 4	 -15.2145	 220344	 224030	 227780	 231591	 235460	 
7.1	 -25.0528	 13.9268	 -33.7673	 -21.54	 11.8753	 -30.2136	 -18.085	 9.85697	 -26.5851	 -14.6875	 7.87178	 -22.8845	 -11.3475	 5.91967	 -19.1147	 -8.0643	 4	 -15.2789	 220941	 224645	 228414	 232244	 236134	 
7.2	 -25.0514	 13.9206	 -33.8432	 -21.5407	 11.8705	 -30.2867	 -18.0879	 9.85334	 -26.6552	 -14.693	 7.86935	 -22.9517	 -11.3558	 5.91836	 -19.1789	 -8.07517	 4	 -15.3401	 221492	 225215	 229003	 232854	 236764	 
7.3	 -25.0495	 13.9143	 -33.917	 -21.5413	 11.8653	 -30.3573	 -18.091	 9.84962	 -26.7227	 -14.6989	 7.8669	 -23.016	 -11.3644	 5.9171	 -19.2401	 -8.08663	 4	 -15.3983	 222043	 225785	 229593	 233464	 237393	 
7.4	 -25.0475	 13.9077	 -33.9884	 -21.5419	 11.8601	 -30.4254	 -18.0944	 9.84571	 -26.7875	 -14.705	 7.86435	 -23.0774	 -11.3735	 5.91591	 -19.2982	 -8.09862	 4	 -15.4533	 222639	 226402	 230230	 234121	 238069	 
7.5	 -25.0453	 13.9008	 -34.0575	 -21.5425	 11.8546	 -30.4909	 -18.098	 9.84158	 -26.8494	 -14.7116	 7.86169	 -23.1359	 -11.3829	 5.91467	 -19.3534	 -8.11109	 4	 -15.5053	 223263	 227047	 230895	 234806	 238772	 
7.6	 -25.0431	 13.8937	 -34.124	 -21.5433	 11.849	 -30.5537	 -18.1019	 9.83732	 -26.9085	 -14.7185	 7.85886	 -23.1914	 -11.3929	 5.91327	 -19.4055	 -8.12395	 4	 -15.5542	 223876	 227681	 231550	 235479	 239464	 
7.7	 -25.041	 13.8863	 -34.1878	 -21.5442	 11.843	 -30.6136	 -18.1059	 9.83291	 -26.9646	 -14.7257	 7.85586	 -23.2439	 -11.4032	 5.91169	 -19.4546	 -8.1371	 4	 -15.6001	 224480	 228306	 232196	 236144	 240146	 
7.8	 -25.0389	 13.8786	 -34.2489	 -21.5453	 11.8368	 -30.6707	 -18.1102	 9.82827	 -27.0179	 -14.7333	 7.85269	 -23.2934	 -11.4137	 5.91004	 -19.5006	 -8.15044	 4	 -15.643	 225014	 228861	 232770	 236737	 240754	 
7.9	 -25.037	 13.8708	 -34.307	 -21.5466	 11.8304	 -30.7249	 -18.1147	 9.82332	 -27.0682	 -14.7409	 7.84937	 -23.3401	 -11.4244	 5.9084	 -19.5438	 -8.16391	 4	 -15.683	 225519	 229386	 233314	 237297	 241330	 
8	 -25.0353	 13.8627	 -34.3622	 -21.548	 11.8238	 -30.7762	 -18.1194	 9.81817	 -27.1156	 -14.7486	 7.84594	 -23.3839	 -11.435	 5.90675	 -19.5841	 -8.17742	 4	 -15.72	 226029	 229915	 233861	 237859	 241906	 
8.1	 -25.0337	 13.8544	 -34.4145	 -21.5496	 11.8169	 -30.8246	 -18.1241	 9.81296	 -27.1602	 -14.7563	 7.84245	 -23.4248	 -11.4456	 5.90502	 -19.6216	 -8.19094	 4	 -15.7542	 226541	 230445	 234406	 238420	 242480	 
8.2	 -25.0324	 13.8459	 -34.4637	 -21.5514	 11.81	 -30.87	 -18.1288	 9.80774	 -27.202	 -14.764	 7.83892	 -23.4629	 -11.4563	 5.9032	 -19.6563	 -8.20445	 4	 -15.7856	 226999	 230920	 234896	 238924	 242996	 
8.3	 -25.0313	 13.8373	 -34.51	 -21.5532	 11.803	 -30.9125	 -18.1335	 9.80247	 -27.2408	 -14.7716	 7.83536	 -23.4983	 -11.4669	 5.90137	 -19.6882	 -8.21794	 4	 -15.8142	 227383	 231319	 235310	 239350	 243434	 
8.4	 -25.0305	 13.8287	 -34.5531	 -21.555	 11.7961	 -30.9521	 -18.1382	 9.79717	 -27.2768	 -14.7793	 7.8318	 -23.5307	 -11.4775	 5.89961	 -19.7172	 -8.23145	 4	 -15.8399	 227720	 231671	 235674	 239726	 243822	 
8.5	 -25.0299	 13.8201	 -34.5934	 -21.5571	 11.7891	 -30.989	 -18.1431	 9.79192	 -27.3101	 -14.7871	 7.8283	 -23.5606	 -11.4881	 5.89792	 -19.7436	 -8.24504	 4	 -15.863	 227797	 231758	 235774	 239836	 243941	 
8.6	 -25.0296	 13.8116	 -34.6307	 -21.5594	 11.7821	 -31.0228	 -18.1481	 9.78666	 -27.3406	 -14.7948	 7.82482	 -23.5876	 -11.4988	 5.89617	 -19.7672	 -8.25873	 4	 -15.8832	 227963	 231927	 235946	 240014	 244126	 
8.7	 -25.0295	 13.8032	 -34.6651	 -21.562	 11.7752	 -31.0538	 -18.1533	 9.78144	 -27.3682	 -14.8028	 7.82137	 -23.6118	 -11.5097	 5.89441	 -19.788	 -8.27258	 4	 -15.9007	 228964	 232948	 236984	 241067	 245189	 
8.8	 -25.0296	 13.7949	 -34.6964	 -21.5648	 11.7685	 -31.0816	 -18.1588	 9.77634	 -27.3926	 -14.8111	 7.81793	 -23.6329	 -11.5209	 5.89271	 -19.8058	 -8.28666	 4	 -15.9152	 228870	 232858	 236899	 240987	 245115	 
8.9	 -25.0301	 13.7867	 -34.7246	 -21.5679	 11.762	 -31.1064	 -18.1647	 9.77141	 -27.414	 -14.8198	 7.81455	 -23.6509	 -11.5324	 5.89106	 -19.8205	 -8.30102	 4	 -15.9268	 229124	 233128	 237183	 241282	 245418	 
9	 -25.031	 13.7787	 -34.7497	 -21.5714	 11.7556	 -31.1282	 -18.171	 9.76659	 -27.4323	 -14.829	 7.81131	 -23.6658	 -11.5443	 5.88941	 -19.8323	 -8.3157	 4	 -15.9355	 228831	 232839	 236898	 241002	 245142	 
9.1	 -25.0325	 13.7709	 -34.7716	 -21.5754	 11.7492	 -31.1469	 -18.1778	 9.76184	 -27.4476	 -14.8385	 7.80821	 -23.6778	 -11.5566	 5.8878	 -19.8412	 -8.33075	 4	 -15.9413	 229347	 233367	 237436	 241547	 245692	 
9.2	 -25.0346	 13.7633	 -34.7904	 -21.58	 11.743	 -31.1623	 -18.185	 9.75717	 -27.4599	 -14.8484	 7.80516	 -23.6869	 -11.5694	 5.88633	 -19.847	 -8.34618	 4	 -15.9442	 229554	 233577	 237650	 241764	 245912	 
9.3	 -25.0374	 13.7559	 -34.8058	 -21.5854	 11.7371	 -31.1746	 -18.1928	 9.75268	 -27.4691	 -14.8589	 7.80218	 -23.693	 -11.5825	 5.88496	 -19.8501	 -8.36201	 4	 -15.9443	 229790	 233821	 237899	 242017	 246168	 
9.4	 -25.0411	 13.7487	 -34.8179	 -21.5914	 11.7314	 -31.1836	 -18.2014	 9.74841	 -27.4751	 -14.8699	 7.79933	 -23.696	 -11.596	 5.88355	 -19.8503	 -8.37821	 4	 -15.9417	 229537	 233568	 237648	 241767	 245920	 
9.5	 -25.0456	 13.7419	 -34.8267	 -21.5982	 11.7259	 -31.1895	 -18.2106	 9.74434	 -27.478	 -14.8815	 7.79662	 -23.6961	 -11.61	 5.88208	 -19.8477	 -8.39477	 4	 -15.9363	 229523	 233558	 237640	 241762	 245918	 
9.6	 -25.0511	 13.7353	 -34.8321	 -21.6058	 11.7206	 -31.1922	 -18.2204	 9.74041	 -27.4779	 -14.8937	 7.79398	 -23.6934	 -11.6246	 5.88068	 -19.8422	 -8.41163	 4	 -15.9283	 229604	 233640	 237724	 241848	 246007	 
9.7	 -25.0575	 13.7291	 -34.8341	 -21.6144	 11.7156	 -31.1915	 -18.231	 9.73659	 -27.4748	 -14.9064	 7.79139	 -23.6877	 -11.6396	 5.87946	 -19.834	 -8.42874	 4	 -15.9177	 229827	 233866	 237952	 242080	 246244	 
9.8	 -25.0649	 13.7233	 -34.8328	 -21.6237	 11.7109	 -31.1877	 -18.2423	 9.73295	 -27.4686	 -14.9198	 7.78897	 -23.6792	 -11.6549	 5.87835	 -19.8231	 -8.44605	 4	 -15.9047	 229754	 233794	 237882	 242013	 246181	 
9.9	 -25.0732	 13.7179	 -34.8282	 -21.6339	 11.7065	 -31.1808	 -18.2544	 9.7296	 -27.4594	 -14.9337	 7.78676	 -23.6678	 -11.6705	 5.8772	 -19.8098	 -8.46351	 4	 -15.8893	 229580	 233622	 237714	 241848	 246020	 
10	 -25.0823	 13.7128	 -34.8205	 -21.6449	 11.7024	 -31.1709	 -18.2672	 9.72656	 -27.4473	 -14.948	 7.7847	 -23.6537	 -11.6864	 5.87607	 -19.794	 -8.48104	 4	 -15.8716	 229454	 233497	 237591	 241729	 245905	 
10.1	 -25.0921	 13.708	 -34.8099	 -21.6565	 11.6986	 -31.158	 -18.2803	 9.72377	 -27.4325	 -14.9627	 7.78276	 -23.6372	 -11.7025	 5.87506	 -19.7757	 -8.49861	 4	 -15.8517	 229566	 233612	 237709	 241851	 246032	 
10.2	 -25.1025	 13.7033	 -34.7967	 -21.6686	 11.6951	 -31.1425	 -18.2939	 9.72113	 -27.4152	 -14.9776	 7.78097	 -23.6183	 -11.7189	 5.87423	 -19.7552	 -8.51617	 4	 -15.8298	 229703	 233753	 237853	 241998	 246184	 
10.3	 -25.1133	 13.6988	 -34.781	 -21.6809	 11.6917	 -31.1247	 -18.3077	 9.71864	 -27.3956	 -14.9928	 7.77941	 -23.597	 -11.7352	 5.8735	 -19.7325	 -8.53369	 4	 -15.8058	 229717	 233770	 237874	 242023	 246214	 
10.4	 -25.1244	 13.6945	 -34.7629	 -21.6935	 11.6883	 -31.1048	 -18.3217	 9.7163	 -27.3738	 -15.0081	 7.778	 -23.5736	 -11.7516	 5.8728	 -19.7079	 -8.55115	 4	 -15.7799	 229607	 233662	 237769	 241922	 246117	 
10.5	 -25.1358	 13.6902	 -34.7427	 -21.7062	 11.6849	 -31.0828	 -18.3357	 9.714	 -27.3501	 -15.0233	 7.77659	 -23.5484	 -11.7679	 5.87209	 -19.6814	 -8.56853	 4	 -15.7522	 229589	 233646	 237756	 241913	 246112	 
10.6	 -25.1472	 13.6861	 -34.7204	 -21.7189	 11.6817	 -31.0589	 -18.3496	 9.71162	 -27.3247	 -15.0383	 7.77504	 -23.5216	 -11.7841	 5.87137	 -19.6531	 -8.58583	 4	 -15.7227	 229733	 233792	 237905	 242065	 246270	 
10.7	 -25.1588	 13.682	 -34.6963	 -21.7316	 11.6786	 -31.0332	 -18.3634	 9.70918	 -27.2976	 -15.0531	 7.77337	 -23.4932	 -11.8001	 5.87057	 -19.6233	 -8.60305	 4	 -15.6916	 229909	 233969	 238084	 242248	 246457	 
10.8	 -25.1705	 13.678	 -34.6703	 -21.7443	 11.6754	 -31.0059	 -18.377	 9.70675	 -27.269	 -15.0679	 7.77166	 -23.4633	 -11.816	 5.86966	 -19.592	 -8.6202	 4	 -15.6588	 229974	 234035	 238152	 242319	 246532	 
10.9	 -25.1822	 13.6741	 -34.6427	 -21.7569	 11.6722	 -30.977	 -18.3906	 9.70431	 -27.2388	 -15.0826	 7.76996	 -23.4318	 -11.8318	 5.86872	 -19.5593	 -8.63729	 4	 -15.6245	 229958	 234019	 238137	 242307	 246525	 
11	 -25.1939	 13.6703	 -34.6135	 -21.7695	 11.6689	 -30.9467	 -18.4042	 9.70182	 -27.2072	 -15.0972	 7.76829	 -23.3988	 -11.8476	 5.86785	 -19.525	 -8.65432	 4	 -15.5888	 230018	 234079	 238199	 242372	 246595	 
11.1	 -25.2057	 13.6665	 -34.5829	 -21.7822	 11.6658	 -30.9148	 -18.4178	 9.69935	 -27.1742	 -15.1119	 7.76665	 -23.3645	 -11.8635	 5.8671	 -19.4892	 -8.6713	 4	 -15.5518	 230213	 234275	 238396	 242573	 246800	 
11.2	 -25.2176	 13.6627	 -34.5508	 -21.7949	 11.6628	 -30.8815	 -18.4316	 9.69703	 -27.1397	 -15.1266	 7.76509	 -23.3287	 -11.8793	 5.86638	 -19.452	 -8.68824	 4	 -15.5134	 230441	 234504	 238627	 242807	 247039	 
11.3	 -25.2296	 13.6591	 -34.5174	 -21.8078	 11.6599	 -30.8469	 -18.4454	 9.69494	 -27.1037	 -15.1416	 7.76368	 -23.2915	 -11.8952	 5.86563	 -19.4137	 -8.70514	 4	 -15.4739	 230578	 234641	 238766	 242950	 247185	 
11.4	 -25.2418	 13.6556	 -34.4825	 -21.8209	 11.6571	 -30.8108	 -18.4595	 9.69297	 -27.0664	 -15.1566	 7.76241	 -23.253	 -11.9111	 5.86492	 -19.3742	 -8.72198	 4	 -15.4332	 230650	 234714	 238841	 243027	 247266	 
11.5	 -25.2543	 13.6523	 -34.4463	 -21.8343	 11.6546	 -30.7734	 -18.4737	 9.69106	 -27.0278	 -15.1717	 7.76119	 -23.2133	 -11.9271	 5.86433	 -19.3335	 -8.73876	 4	 -15.3916	 230778	 234842	 238970	 243158	 247402	 
11.6	 -25.2671	 13.6494	 -34.4088	 -21.8479	 11.6522	 -30.7348	 -18.4881	 9.68924	 -26.9882	 -15.1868	 7.76	 -23.1726	 -11.943	 5.86385	 -19.2918	 -8.75545	 4	 -15.3491	 230995	 235060	 239189	 243380	 247626	 
11.7	 -25.2801	 13.6467	 -34.3699	 -21.8617	 11.65	 -30.6949	 -18.5026	 9.68758	 -26.9474	 -15.2021	 7.7589	 -23.131	 -11.9589	 5.86334	 -19.2493	 -8.77204	 4	 -15.3058	 231217	 235282	 239412	 243605	 247854	 
11.8	 -25.2935	 13.6443	 -34.3299	 -21.8757	 11.648	 -30.6541	 -18.5173	 9.6861	 -26.9057	 -15.2174	 7.75791	 -23.0884	 -11.9748	 5.86277	 -19.206	 -8.78849	 4	 -15.2619	 231331	 235395	 239526	 243719	 247971	 
11.9	 -25.3072	 13.6422	 -34.2887	 -21.8899	 11.6463	 -30.6122	 -18.5322	 9.68482	 -26.863	 -15.2328	 7.75702	 -23.0451	 -11.9907	 5.86225	 -19.1621	 -8.80479	 4	 -15.2174	 231385	 235448	 239579	 243774	 248028	 
12	 -25.3211	 13.6403	 -34.2466	 -21.9044	 11.6449	 -30.5693	 -18.5471	 9.68369	 -26.8196	 -15.2481	 7.75621	 -23.0012	 -12.0065	 5.86187	 -19.1176	 -8.82091	 4	 -15.1724	 231465	 235527	 239657	 243852	 248107	 
12.1	 -25.3353	 13.6387	 -34.2036	 -21.9191	 11.6437	 -30.5257	 -18.5621	 9.68275	 -26.7755	 -15.2635	 7.75557	 -22.9567	 -12.0221	 5.86161	 -19.0727	 -8.83683	 4	 -15.1271	 231624	 235683	 239813	 244009	 248265	 
12.2	 -25.3498	 13.6375	 -34.1598	 -21.9338	 11.6426	 -30.4815	 -18.5772	 9.682	 -26.7309	 -15.2789	 7.75514	 -22.9116	 -12.0377	 5.8614	 -19.0274	 -8.85253	 4	 -15.0816	 231745	 235802	 239931	 244126	 248383	 
12.3	 -25.3645	 13.6365	 -34.1154	 -21.9488	 11.6418	 -30.4368	 -18.5924	 9.68148	 -26.6858	 -15.2942	 7.75489	 -22.8663	 -12.0531	 5.86125	 -18.9819	 -8.86798	 4	 -15.036	 231779	 235834	 239961	 244155	 248412	 
12.4	 -25.3794	 13.6358	 -34.0704	 -21.9639	 11.6413	 -30.3915	 -18.6076	 9.68116	 -26.6403	 -15.3094	 7.7547	 -22.8207	 -12.0683	 5.86118	 -18.9362	 -8.88318	 4	 -14.9903	 231751	 235803	 239927	 244120	 248376	 
12.5	 -25.3944	 13.6354	 -34.025	 -21.979	 11.641	 -30.3459	 -18.6227	 9.68099	 -26.5946	 -15.3246	 7.75458	 -22.775	 -12.0834	 5.86117	 -18.8906	 -8.89812	 4	 -14.9448	 231746	 235794	 239916	 244106	 248361	 
12.6	 -25.4096	 13.6353	 -33.9792	 -21.9942	 11.6411	 -30.3001	 -18.6379	 9.68098	 -26.5489	 -15.3396	 7.75456	 -22.7293	 -12.0983	 5.86115	 -18.845	 -8.91281	 4	 -14.8994	 231772	 235816	 239935	 244122	 248375	 
12.7	 -25.4248	 13.6356	 -33.9333	 -22.0094	 11.6412	 -30.2543	 -18.653	 9.68114	 -26.5032	 -15.3545	 7.75466	 -22.6838	 -12.113	 5.86116	 -18.7997	 -8.92723	 4	 -14.8543	 231766	 235806	 239920	 244105	 248356	 
12.8	 -25.4401	 13.6362	 -33.8873	 -22.0246	 11.6417	 -30.2085	 -18.668	 9.68146	 -26.4576	 -15.3693	 7.75487	 -22.6384	 -12.1275	 5.86125	 -18.7547	 -8.9414	 4	 -14.8096	 231659	 235693	 239802	 243983	 248231	 
12.9	 -25.4555	 13.6371	 -33.8413	 -22.0397	 11.6423	 -30.1628	 -18.6829	 9.68193	 -26.4122	 -15.3839	 7.75518	 -22.5934	 -12.1417	 5.86144	 -18.71	 -8.95533	 4	 -14.7653	 231516	 235544	 239649	 243825	 248071	 
13	 -25.4708	 13.6382	 -33.7956	 -22.0548	 11.6433	 -30.1174	 -18.6977	 9.68258	 -26.3673	 -15.3984	 7.75562	 -22.5489	 -12.1558	 5.86169	 -18.6659	 -8.96903	 4	 -14.7216	 231389	 235410	 239509	 243682	 247923	 
13.1	 -25.4861	 13.6395	 -33.7502	 -22.0698	 11.6444	 -30.0724	 -18.7123	 9.68345	 -26.3227	 -15.4127	 7.7562	 -22.5048	 -12.1697	 5.86195	 -18.6223	 -8.9825	 4	 -14.6784	 231281	 235295	 239388	 243556	 247794	 
13.2	 -25.5014	 13.6411	 -33.7053	 -22.0847	 11.6457	 -30.028	 -18.7269	 9.6845	 -26.2787	 -15.4268	 7.7569	 -22.4613	 -12.1834	 5.86226	 -18.5794	 -8.99576	 4	 -14.636	 231141	 235149	 239236	 243398	 247632	 
13.3	 -25.5166	 13.6428	 -33.6609	 -22.0995	 11.6471	 -29.9841	 -18.7413	 9.68566	 -26.2354	 -15.4408	 7.75771	 -22.4185	 -12.197	 5.86267	 -18.5371	 -9.00883	 4	 -14.5944	 230931	 234931	 239012	 243169	 247398	 
13.4	 -25.5317	 13.6448	 -33.6172	 -22.1143	 11.6488	 -29.9409	 -18.7556	 9.6869	 -26.1928	 -15.4546	 7.75858	 -22.3766	 -12.2103	 5.86316	 -18.4957	 -9.0217	 4	 -14.5536	 230697	 234690	 238763	 242914	 247139	 
13.5	 -25.5467	 13.647	 -33.5742	 -22.1289	 11.6505	 -29.8986	 -18.7698	 9.68823	 -26.1511	 -15.4683	 7.75951	 -22.3354	 -12.2235	 5.86365	 -18.4553	 -9.03439	 4	 -14.5138	 230490	 234474	 238540	 242685	 246905	 
13.6	 -25.5617	 13.6494	 -33.5321	 -22.1434	 11.6524	 -29.8571	 -18.7838	 9.68967	 -26.1103	 -15.4819	 7.76046	 -22.2953	 -12.2365	 5.86411	 -18.4158	 -9.04691	 4	 -14.4749	 230299	 234275	 238335	 242474	 246688	 
13.7	 -25.5766	 13.6518	 -33.4909	 -22.1578	 11.6544	 -29.8166	 -18.7977	 9.69119	 -26.0704	 -15.4953	 7.76144	 -22.2562	 -12.2494	 5.86455	 -18.3774	 -9.05925	 4	 -14.4372	 230075	 234043	 238095	 242227	 246437	 
13.8	 -25.5913	 13.6545	 -33.4507	 -22.1721	 11.6565	 -29.7771	 -18.8115	 9.69276	 -26.0317	 -15.5086	 7.76245	 -22.2182	 -12.2622	 5.86504	 -18.3401	 -9.07142	 4	 -14.4006	 229814	 233773	 237818	 241943	 246147	 
13.9	 -25.606	 13.6572	 -33.4117	 -22.1863	 11.6588	 -29.7388	 -18.8252	 9.69436	 -25.9942	 -15.5217	 7.76351	 -22.1814	 -12.2748	 5.86559	 -18.3041	 -9.08342	 4	 -14.3653	 229547	 233498	 237534	 241653	 245852	 
14	 -25.6207	 13.6599	 -33.3738	 -22.2004	 11.661	 -29.7018	 -18.8388	 9.69603	 -25.9579	 -15.5348	 7.76463	 -22.1459	 -12.2872	 5.86617	 -18.2693	 -9.09525	 4	 -14.3313	 229310	 233253	 237282	 241394	 245587	 
14.1	 -25.6352	 13.6628	 -33.3372	 -22.2145	 11.6632	 -29.666	 -18.8523	 9.69776	 -25.9229	 -15.5476	 7.76582	 -22.1117	 -12.2995	 5.86675	 -18.2359	 -9.10692	 4	 -14.2987	 229091	 233024	 237046	 241151	 245338	 
14.2	 -25.6497	 13.6656	 -33.302	 -22.2284	 11.6655	 -29.6316	 -18.8656	 9.69953	 -25.8893	 -15.5604	 7.76703	 -22.0789	 -12.3116	 5.86734	 -18.2039	 -9.11842	 4	 -14.2675	 228857	 232783	 236796	 240895	 245076	 
14.3	 -25.6641	 13.6684	 -33.2683	 -22.2422	 11.6679	 -29.5986	 -18.8789	 9.70133	 -25.8571	 -15.573	 7.76823	 -22.0476	 -12.3236	 5.86796	 -18.1734	 -9.12975	 4	 -14.2378	 228598	 232515	 236520	 240613	 244788	 
14.4	 -25.6784	 13.6713	 -33.236	 -22.256	 11.6703	 -29.5671	 -18.892	 9.70314	 -25.8265	 -15.5855	 7.76943	 -22.0178	 -12.3355	 5.86857	 -18.1445	 -9.14092	 4	 -14.2098	 228352	 232260	 236258	 240344	 244513	 
14.5	 -25.6926	 13.6742	 -33.2053	 -22.2696	 11.6726	 -29.5373	 -18.9051	 9.70494	 -25.7975	 -15.5979	 7.77063	 -21.9896	 -12.3472	 5.86916	 -18.1172	 -9.15193	 4	 -14.1833	 228139	 232039	 236030	 240108	 244272	 
14.6	 -25.7067	 13.677	 -33.1763	 -22.2832	 11.6749	 -29.509	 -18.918	 9.70669	 -25.7701	 -15.6102	 7.77183	 -21.9631	 -12.3587	 5.86974	 -18.0916	 -9.16279	 4	 -14.1586	 227950	 231842	 235826	 239898	 244056	 
14.7	 -25.7207	 13.6798	 -33.1489	 -22.2966	 11.6772	 -29.4825	 -18.9308	 9.70839	 -25.7445	 -15.6223	 7.77298	 -21.9384	 -12.3702	 5.87032	 -18.0677	 -9.17351	 4	 -14.1355	 227740	 231624	 235600	 239666	 243819	 
14.8	 -25.7347	 13.6825	 -33.1234	 -22.31	 11.6794	 -29.4578	 -18.9435	 9.71006	 -25.7206	 -15.6344	 7.77408	 -21.9154	 -12.3815	 5.87091	 -18.0456	 -9.18409	 4	 -14.1143	 227532	 231408	 235378	 239438	 243585	 
14.9	 -25.7486	 13.6851	 -33.0997	 -22.3232	 11.6815	 -29.435	 -18.9561	 9.71168	 -25.6986	 -15.6463	 7.77516	 -21.8943	 -12.3927	 5.87144	 -18.0254	 -9.19455	 4	 -14.0949	 227339	 231207	 235170	 239224	 243366	 
15	 -25.7623	 13.6876	 -33.0779	 -22.3363	 11.6835	 -29.414	 -18.9686	 9.71325	 -25.6785	 -15.6581	 7.77622	 -21.875	 -12.4037	 5.87194	 -18.007	 -9.20489	 4	 -14.0774	 227179	 231041	 234997	 239045	 243183	 
15.1	 -25.776	 13.6899	 -33.0581	 -22.3494	 11.6854	 -29.395	 -18.981	 9.71473	 -25.6603	 -15.6697	 7.77723	 -21.8577	 -12.4147	 5.87243	 -17.9905	 -9.21512	 4	 -14.0617	 227041	 230896	 234846	 238889	 243023	 
15.2	 -25.7895	 13.692	 -33.0404	 -22.3623	 11.6872	 -29.378	 -18.9932	 9.71609	 -25.6442	 -15.6813	 7.77817	 -21.8423	 -12.4256	 5.87293	 -17.976	 -9.22526	 4	 -14.048	 226892	 230740	 234685	 238723	 242852	 
15.3	 -25.8029	 13.6939	 -33.0247	 -22.3751	 11.6888	 -29.3631	 -19.0054	 9.71733	 -25.63	 -15.6928	 7.77902	 -21.829	 -12.4363	 5.87341	 -17.9634	 -9.23532	 4	 -14.0363	 226750	 230593	 234533	 238567	 242692	 
15.4	 -25.8162	 13.6956	 -33.0112	 -22.3878	 11.6903	 -29.3503	 -19.0175	 9.71844	 -25.6179	 -15.7042	 7.7798	 -21.8177	 -12.447	 5.87379	 -17.9529	 -9.2453	 4	 -14.0265	 226625	 230463	 234397	 238426	 242548	 
15.5	 -25.8293	 13.6972	 -32.9999	 -22.4004	 11.6915	 -29.3396	 -19.0294	 9.71943	 -25.608	 -15.7155	 7.78046	 -21.8085	 -12.4577	 5.87409	 -17.9444	 -9.25522	 4	 -14.0188	 226537	 230370	 234301	 238326	 242445	 
15.6	 -25.8422	 13.6984	 -32.9909	 -22.4128	 11.6926	 -29.3312	 -19.0413	 9.72026	 -25.6002	 -15.7267	 7.78099	 -21.8014	 -12.4682	 5.87434	 -17.938	 -9.26507	 4	 -14.0131	 226451	 230280	 234206	 238228	 242344	 
15.7	 -25.855	 13.6995	 -32.9841	 -22.4251	 11.6934	 -29.325	 -19.053	 9.7209	 -25.5946	 -15.7378	 7.78141	 -21.7964	 -12.4787	 5.87457	 -17.9337	 -9.27487	 4	 -14.0094	 226371	 230196	 234120	 238139	 242253	 
15.8	 -25.8675	 13.7003	 -32.9797	 -22.4372	 11.6941	 -29.3211	 -19.0645	 9.72136	 -25.5913	 -15.7488	 7.78173	 -21.7937	 -12.4891	 5.87474	 -17.9316	 -9.28462	 4	 -14.0078	 226285	 230107	 234027	 238044	 242156	 
15.9	 -25.8798	 13.7008	 -32.9778	 -22.449	 11.6945	 -29.3196	 -19.076	 9.72166	 -25.5902	 -15.7597	 7.78196	 -21.7931	 -12.4994	 5.87485	 -17.9315	 -9.29432	 4	 -14.0083	 226231	 230051	 233969	 237984	 242095	 
16	 -25.8917	 13.701	 -32.9783	 -22.4607	 11.6946	 -29.3204	 -19.0871	 9.72181	 -25.5914	 -15.7704	 7.78206	 -21.7948	 -12.5096	 5.87489	 -17.9337	 -9.30397	 4	 -14.011	 226179	 229997	 233914	 237928	 242037	 
16.1	 -25.9033	 13.7009	 -32.9813	 -22.472	 11.6946	 -29.3237	 -19.0981	 9.72178	 -25.595	 -15.7809	 7.78203	 -21.7987	 -12.5196	 5.87488	 -17.938	 -9.31357	 4	 -14.0157	 226128	 229945	 233861	 237874	 241982	 
16.2	 -25.9145	 13.7007	 -32.9868	 -22.4829	 11.6944	 -29.3294	 -19.1088	 9.72157	 -25.601	 -15.7913	 7.78188	 -21.805	 -12.5296	 5.87482	 -17.9445	 -9.32312	 4	 -14.0225	 226047	 229863	 233778	 237790	 241898	 
16.3	 -25.9254	 13.7003	 -32.9947	 -22.4935	 11.6939	 -29.3376	 -19.1192	 9.72121	 -25.6094	 -15.8014	 7.78162	 -21.8135	 -12.5394	 5.87468	 -17.9533	 -9.33262	 4	 -14.0315	 225945	 229760	 233674	 237686	 241793	 
16.4	 -25.9359	 13.6998	 -33.0051	 -22.5038	 11.6934	 -29.3483	 -19.1292	 9.72071	 -25.6202	 -15.8112	 7.78126	 -21.8244	 -12.549	 5.87447	 -17.9643	 -9.34207	 4	 -14.0425	 225804	 229618	 233531	 237541	 241646	 
16.5	 -25.946	 13.6993	 -33.0178	 -22.5137	 11.6927	 -29.3613	 -19.1389	 9.72012	 -25.6334	 -15.8208	 7.78081	 -21.8377	 -12.5585	 5.87423	 -17.9775	 -9.35145	 4	 -14.0557	 225645	 229457	 233368	 237376	 241480	 
16.6	 -25.9558	 13.6989	 -33.0329	 -22.5232	 11.6922	 -29.3766	 -19.1482	 9.71949	 -25.649	 -15.83	 7.7803	 -21.8533	 -12.5677	 5.87396	 -17.993	 -9.36078	 4	 -14.071	 225440	 229249	 233158	 237164	 241266	 
16.7	 -25.9652	 13.6984	 -33.0503	 -22.5324	 11.6917	 -29.3943	 -19.1573	 9.71894	 -25.6667	 -15.839	 7.77981	 -21.8711	 -12.5768	 5.87368	 -18.0106	 -9.37004	 4	 -14.0883	 225207	 229013	 232919	 236923	 241023	 
16.8	 -25.9742	 13.6981	 -33.07	 -22.5413	 11.6913	 -29.4142	 -19.1661	 9.71852	 -25.6867	 -15.8478	 7.77943	 -21.891	 -12.5858	 5.87344	 -18.0304	 -9.37923	 4	 -14.1078	 224942	 228746	 232649	 236650	 240747	 
16.9	 -25.9829	 13.6979	 -33.0919	 -22.5498	 11.691	 -29.4363	 -19.1746	 9.71827	 -25.7088	 -15.8565	 7.7792	 -21.913	 -12.5946	 5.87327	 -18.0522	 -9.38834	 4	 -14.1293	 224672	 228473	 232373	 236372	 240467	 
17	 -25.9912	 13.6978	 -33.1161	 -22.5581	 11.6909	 -29.4605	 -19.183	 9.71815	 -25.7329	 -15.865	 7.77914	 -21.937	 -12.6034	 5.87324	 -18.0759	 -9.39738	 4	 -14.1528	 224375	 228174	 232071	 236067	 240159	 
17.1	 -25.9992	 13.6979	 -33.1423	 -22.5662	 11.6909	 -29.4867	 -19.1912	 9.7182	 -25.7591	 -15.8734	 7.77921	 -21.9629	 -12.6121	 5.87333	 -18.1016	 -9.40633	 4	 -14.1783	 224079	 227874	 231769	 235762	 239851	 
17.2	 -26.007	 13.698	 -33.1707	 -22.574	 11.6911	 -29.515	 -19.1992	 9.7184	 -25.7872	 -15.8817	 7.77939	 -21.9908	 -12.6206	 5.87345	 -18.1293	 -9.4152	 4	 -14.2058	 223763	 227556	 231449	 235439	 239524	 
17.3	 -26.0146	 13.6983	 -33.2009	 -22.5817	 11.6914	 -29.5452	 -19.2071	 9.71872	 -25.8172	 -15.8898	 7.77962	 -22.0206	 -12.629	 5.87355	 -18.159	 -9.42397	 4	 -14.2352	 223442	 227232	 231122	 235108	 239189	 
17.4	 -26.0221	 13.6987	 -33.2331	 -22.5893	 11.6918	 -29.5772	 -19.2148	 9.71908	 -25.8491	 -15.8978	 7.77987	 -22.0524	 -12.6373	 5.87363	 -18.1906	 -9.43263	 4	 -14.2666	 223106	 226894	 230780	 234763	 238839	 
17.5	 -26.0296	 13.6992	 -33.267	 -22.5968	 11.6923	 -29.6111	 -19.2225	 9.71941	 -25.883	 -15.9057	 7.78007	 -22.0861	 -12.6455	 5.87372	 -18.2241	 -9.4412	 4	 -14.2998	 222763	 226547	 230430	 234409	 238482	 
17.6	 -26.037	 13.6997	 -33.3027	 -22.6042	 11.6927	 -29.6468	 -19.23	 9.71968	 -25.9186	 -15.9134	 7.78023	 -22.1217	 -12.6536	 5.87382	 -18.2594	 -9.44964	 4	 -14.3349	 222416	 226198	 230077	 234052	 238120	 
17.7	 -26.0444	 13.7002	 -33.34	 -22.6115	 11.693	 -29.6843	 -19.2374	 9.71989	 -25.9561	 -15.9211	 7.78035	 -22.159	 -12.6615	 5.87388	 -18.2965	 -9.45797	 4	 -14.3717	 222070	 225849	 229725	 233696	 237759	 
17.8	 -26.0518	 13.7006	 -33.379	 -22.6189	 11.6933	 -29.7234	 -19.2448	 9.72004	 -25.9952	 -15.9287	 7.78044	 -22.1981	 -12.6694	 5.87389	 -18.3354	 -9.46617	 4	 -14.4103	 221718	 225494	 229366	 233333	 237392	 
17.9	 -26.0592	 13.7009	 -33.4196	 -22.6263	 11.6934	 -29.7642	 -19.2523	 9.72013	 -26.036	 -15.9362	 7.78046	 -22.2387	 -12.6771	 5.87387	 -18.3759	 -9.47423	 4	 -14.4505	 221379	 225152	 229021	 232984	 237039	 
18	 -26.0667	 13.7011	 -33.4618	 -22.6337	 11.6935	 -29.8064	 -19.2597	 9.72015	 -26.0782	 -15.9437	 7.78042	 -22.2809	 -12.6849	 5.87385	 -18.418	 -9.48214	 4	 -14.4924	 221049	 224819	 228685	 232645	 236695	 
18.1	 -26.0742	 13.7012	 -33.5053	 -22.6412	 11.6936	 -29.8501	 -19.2672	 9.72011	 -26.122	 -15.9513	 7.78035	 -22.3246	 -12.6925	 5.87382	 -18.4616	 -9.48989	 4	 -14.5359	 220739	 224507	 228371	 232326	 236372	 
18.2	 -26.0818	 13.7014	 -33.5502	 -22.6487	 11.6936	 -29.8951	 -19.2747	 9.72003	 -26.1671	 -15.9588	 7.78027	 -22.3697	 -12.7	 5.87375	 -18.5066	 -9.49748	 4	 -14.5809	 220440	 224206	 228066	 232019	 236060	 
18.3	 -26.0895	 13.7016	 -33.5963	 -22.6563	 11.6935	 -29.9415	 -19.2822	 9.71993	 -26.2135	 -15.9663	 7.78018	 -22.4162	 -12.7075	 5.87368	 -18.5531	 -9.50489	 4	 -14.6274	 220144	 223909	 227767	 231715	 235752	 
18.4	 -26.0972	 13.7019	 -33.6436	 -22.6639	 11.6936	 -29.989	 -19.2897	 9.71986	 -26.2612	 -15.9737	 7.78008	 -22.4639	 -12.7148	 5.87362	 -18.6009	 -9.51211	 4	 -14.6753	 219863	 223627	 227482	 231427	 235459	 
18.5	 -26.1049	 13.7024	 -33.692	 -22.6715	 11.6938	 -30.0376	 -19.2972	 9.71987	 -26.31	 -15.981	 7.78	 -22.513	 -12.722	 5.87358	 -18.6501	 -9.51914	 4	 -14.7246	 219600	 223362	 227215	 231157	 235185	 
18.6	 -26.1126	 13.7031	 -33.7414	 -22.679	 11.6942	 -30.0873	 -19.3046	 9.72	 -26.36	 -15.9882	 7.78	 -22.5632	 -12.729	 5.87355	 -18.7005	 -9.52597	 4	 -14.7751	 219347	 223107	 226959	 230897	 234920	 
18.7	 -26.1202	 13.7039	 -33.7918	 -22.6865	 11.6947	 -30.138	 -19.3118	 9.7203	 -26.411	 -15.9952	 7.78013	 -22.6145	 -12.7358	 5.87357	 -18.752	 -9.53258	 4	 -14.8268	 219114	 222874	 226723	 230659	 234678	 
18.8	 -26.1277	 13.705	 -33.843	 -22.6938	 11.6955	 -30.1897	 -19.3189	 9.7208	 -26.4631	 -16.0021	 7.78042	 -22.6668	 -12.7424	 5.87368	 -18.8046	 -9.53897	 4	 -14.8797	 218880	 222639	 226487	 230420	 234435	 
18.9	 -26.1352	 13.7063	 -33.8952	 -22.7009	 11.6964	 -30.2423	 -19.3258	 9.72149	 -26.516	 -16.0087	 7.78086	 -22.7202	 -12.7488	 5.87391	 -18.8583	 -9.54512	 4	 -14.9336	 218672	 222431	 226277	 230207	 234218	 
19	 -26.1424	 13.7078	 -33.9481	 -22.7079	 11.6976	 -30.2957	 -19.3325	 9.72237	 -26.5699	 -16.0152	 7.78146	 -22.7744	 -12.755	 5.87424	 -18.9128	 -9.55104	 4	 -14.9885	 218484	 222243	 226088	 230015	 234023	 
19.1	 -26.1496	 13.7095	 -34.0018	 -22.7147	 11.6991	 -30.3499	 -19.339	 9.72346	 -26.6245	 -16.0214	 7.78221	 -22.8294	 -12.7609	 5.87462	 -18.9683	 -9.55672	 4	 -15.0444	 218314	 222074	 225918	 229843	 233847	 
19.2	 -26.1565	 13.7114	 -34.0562	 -22.7213	 11.7006	 -30.4048	 -19.3452	 9.72472	 -26.6798	 -16.0273	 7.78306	 -22.8852	 -12.7666	 5.87503	 -19.0246	 -9.56215	 4	 -15.1011	 218161	 221920	 225764	 229687	 233688	 
19.3	 -26.1634	 13.7134	 -34.1112	 -22.7278	 11.7024	 -30.4603	 -19.3513	 9.72609	 -26.7359	 -16.0331	 7.784	 -22.9419	 -12.7721	 5.8755	 -19.0817	 -9.56734	 4	 -15.1586	 217924	 221683	 225525	 229447	 233444	 
19.4	 -26.1701	 13.7155	 -34.1668	 -22.734	 11.7041	 -30.5165	 -19.3572	 9.72749	 -26.7927	 -16.0386	 7.78496	 -22.9991	 -12.7773	 5.87599	 -19.1395	 -9.57227	 4	 -15.2169	 217719	 221475	 225314	 229232	 233225	 
19.5	 -26.1767	 13.7176	 -34.2229	 -22.7401	 11.7059	 -30.5732	 -19.3629	 9.72886	 -26.85	 -16.0439	 7.7859	 -23.057	 -12.7823	 5.87647	 -19.1978	 -9.57692	 4	 -15.2757	 217933	 221693	 225534	 229452	 233444	 
19.6	 -26.1831	 13.7197	 -34.2794	 -22.7461	 11.7077	 -30.6303	 -19.3684	 9.73021	 -26.9077	 -16.0491	 7.78682	 -23.1153	 -12.787	 5.87695	 -19.2566	 -9.58131	 4	 -15.3351	 217831	 221594	 225436	 229354	 233345	 
19.7	 -26.1894	 13.7216	 -34.3363	 -22.752	 11.7093	 -30.6878	 -19.3738	 9.73149	 -26.9658	 -16.054	 7.7877	 -23.1739	 -12.7916	 5.87739	 -19.3158	 -9.58542	 4	 -15.3949	 217582	 221346	 225189	 229106	 233094	 
19.8	 -26.1956	 13.7233	 -34.3935	 -22.7577	 11.7107	 -30.7456	 -19.3791	 9.73264	 -27.0241	 -16.0588	 7.7885	 -23.2329	 -12.7959	 5.87778	 -19.3754	 -9.58925	 4	 -15.455	 217517	 221285	 225130	 229047	 233035	 
19.9	 -26.2016	 13.7248	 -34.451	 -22.7632	 11.712	 -30.8037	 -19.3841	 9.73361	 -27.0828	 -16.0634	 7.78916	 -23.2921	 -12.7999	 5.87811	 -19.4352	 -9.5928	 4	 -15.5154	 217549	 221318	 225164	 229081	 233068	 
20	 -26.2074	 13.7262	 -34.5087	 -22.7685	 11.7131	 -30.8619	 -19.389	 9.7344	 -27.1416	 -16.0678	 7.78968	 -23.3515	 -12.8038	 5.87839	 -19.4952	 -9.59608	 4	 -15.576	 217717	 221491	 225339	 229258	 233244	 
20.1	 -26.213	 13.7273	 -34.5665	 -22.7737	 11.714	 -30.9203	 -19.3936	 9.73504	 -27.2006	 -16.0719	 7.79009	 -23.4111	 -12.8074	 5.87861	 -19.5553	 -9.59908	 4	 -15.6366	 217670	 221446	 225295	 229215	 233201	 
20.2	 -26.2183	 13.7283	 -34.6243	 -22.7787	 11.7146	 -30.9787	 -19.3981	 9.73552	 -27.2595	 -16.0758	 7.7904	 -23.4706	 -12.8107	 5.87875	 -19.6154	 -9.60182	 4	 -15.6973	 217635	 221414	 225266	 229188	 233174	 
20.3	 -26.2234	 13.7291	 -34.6822	 -22.7833	 11.7152	 -31.0371	 -19.4023	 9.73587	 -27.3185	 -16.0794	 7.79061	 -23.5301	 -12.8137	 5.87882	 -19.6754	 -9.60428	 4	 -15.7578	 217640	 221423	 225278	 229200	 233187	 
20.4	 -26.228	 13.7298	 -34.7401	 -22.7876	 11.7156	 -31.0954	 -19.4061	 9.73612	 -27.3773	 -16.0827	 7.79071	 -23.5894	 -12.8165	 5.87886	 -19.7353	 -9.60649	 4	 -15.8182	 217820	 221608	 225466	 229391	 233379	 
20.5	 -26.2323	 13.7304	 -34.7978	 -22.7915	 11.716	 -31.1536	 -19.4096	 9.73629	 -27.436	 -16.0857	 7.79077	 -23.6486	 -12.819	 5.8789	 -19.7949	 -9.60843	 4	 -15.8783	 217963	 221756	 225618	 229545	 233536	 
20.6	 -26.2361	 13.7309	 -34.8554	 -22.795	 11.7163	 -31.2116	 -19.4127	 9.73646	 -27.4944	 -16.0884	 7.79085	 -23.7075	 -12.8212	 5.87893	 -19.8542	 -9.61012	 4	 -15.938	 218049	 221847	 225713	 229645	 233637	 
20.7	 -26.2394	 13.7313	 -34.9128	 -22.798	 11.7166	 -31.2693	 -19.4154	 9.73665	 -27.5525	 -16.0907	 7.79096	 -23.7659	 -12.8231	 5.87896	 -19.913	 -9.61156	 4	 -15.9972	 218103	 221906	 225777	 229712	 233707	 
20.8	 -26.2422	 13.7317	 -34.9699	 -22.8006	 11.7169	 -31.3267	 -19.4177	 9.73686	 -27.6101	 -16.0927	 7.79109	 -23.8239	 -12.8247	 5.87901	 -19.9714	 -9.61276	 4	 -16.0559	 218253	 222062	 225938	 229877	 233875	 
20.9	 -26.2444	 13.7321	 -35.0266	 -22.8026	 11.7172	 -31.3837	 -19.4195	 9.73709	 -27.6674	 -16.0942	 7.79125	 -23.8814	 -12.8259	 5.87911	 -20.0291	 -9.61374	 4	 -16.1139	 218474	 222289	 226170	 230114	 234116	 
21	 -26.246	 13.7325	 -35.0829	 -22.8041	 11.7175	 -31.4401	 -19.4208	 9.73735	 -27.7241	 -16.0953	 7.79143	 -23.9383	 -12.8269	 5.87922	 -20.0862	 -9.61448	 4	 -16.1712	 218679	 222501	 226388	 230337	 234343	 
21.1	 -26.2471	 13.7328	 -35.1388	 -22.8051	 11.7179	 -31.496	 -19.4217	 9.73763	 -27.7801	 -16.0961	 7.79164	 -23.9945	 -12.8275	 5.87933	 -20.1425	 -9.61502	 4	 -16.2276	 218832	 222660	 226553	 230507	 234518	 
21.2	 -26.2476	 13.733	 -35.194	 -22.8055	 11.7181	 -31.5514	 -19.4221	 9.7379	 -27.8354	 -16.0964	 7.79185	 -24.0498	 -12.8279	 5.87942	 -20.198	 -9.61535	 4	 -16.2832	 218995	 222830	 226730	 230690	 234705	 
21.3	 -26.2476	 13.7331	 -35.2487	 -22.8055	 11.7183	 -31.606	 -19.422	 9.73811	 -27.89	 -16.0965	 7.79202	 -24.1044	 -12.8279	 5.87951	 -20.2525	 -9.61549	 4	 -16.3377	 219212	 223055	 226961	 230927	 234948	 
21.4	 -26.247	 13.7331	 -35.3026	 -22.8049	 11.7184	 -31.6598	 -19.4216	 9.73822	 -27.9437	 -16.0961	 7.79211	 -24.158	 -12.8277	 5.87958	 -20.306	 -9.61544	 4	 -16.3911	 219474	 223326	 227239	 231212	 235239	 
21.5	 -26.2458	 13.7329	 -35.3558	 -22.8039	 11.7184	 -31.7127	 -19.4207	 9.73821	 -27.9965	 -16.0954	 7.79213	 -24.2106	 -12.8273	 5.87961	 -20.3584	 -9.61523	 4	 -16.4433	 219713	 223572	 227493	 231473	 235506	 
21.6	 -26.2441	 13.7325	 -35.4081	 -22.8025	 11.7181	 -31.7647	 -19.4195	 9.73807	 -28.0483	 -16.0945	 7.79205	 -24.2621	 -12.8266	 5.87957	 -20.4097	 -9.61487	 4	 -16.4943	 219932	 223800	 227730	 231716	 235756	 
21.7	 -26.242	 13.7318	 -35.4595	 -22.8006	 11.7176	 -31.8158	 -19.418	 9.73776	 -28.0989	 -16.0933	 7.79186	 -24.3124	 -12.8257	 5.87946	 -20.4596	 -9.61437	 4	 -16.5439	 220152	 224029	 227967	 231961	 236007	 
21.8	 -26.2395	 13.7308	 -35.5099	 -22.7984	 11.7169	 -31.8657	 -19.4161	 9.73724	 -28.1484	 -16.0918	 7.79153	 -24.3614	 -12.8247	 5.87929	 -20.5082	 -9.61374	 4	 -16.5921	 220419	 224306	 228252	 232253	 236307	 
21.9	 -26.2365	 13.7295	 -35.5592	 -22.7958	 11.7158	 -31.9145	 -19.4139	 9.73649	 -28.1966	 -16.09	 7.79104	 -24.4092	 -12.8234	 5.87907	 -20.5554	 -9.613	 4	 -16.6387	 220691	 224587	 228542	 232552	 236613	 
22	 -26.2331	 13.7279	 -35.6073	 -22.7928	 11.7145	 -31.962	 -19.4114	 9.73552	 -28.2436	 -16.0881	 7.7904	 -24.4555	 -12.822	 5.87876	 -20.601	 -9.61217	 4	 -16.6837	 220959	 224865	 228828	 232847	 236915	 
22.1	 -26.2293	 13.7259	 -35.6542	 -22.7896	 11.713	 -32.0082	 -19.4087	 9.73432	 -28.289	 -16.0859	 7.7896	 -24.5002	 -12.8205	 5.87836	 -20.6451	 -9.61126	 4	 -16.7271	 221202	 225117	 229091	 233117	 237193	 
22.2	 -26.2251	 13.7236	 -35.6998	 -22.786	 11.7111	 -32.053	 -19.4057	 9.73291	 -28.333	 -16.0836	 7.78865	 -24.5434	 -12.8188	 5.87786	 -20.6875	 -9.6103	 4	 -16.7686	 221454	 225379	 229362	 233397	 237481	 
22.3	 -26.2206	 13.7211	 -35.744	 -22.7821	 11.709	 -32.0963	 -19.4026	 9.73128	 -28.3754	 -16.0811	 7.78754	 -24.5849	 -12.8171	 5.8773	 -20.7281	 -9.60929	 4	 -16.8084	 221718	 225653	 229645	 233689	 237781	 
22.4	 -26.2157	 13.7182	 -35.7866	 -22.7779	 11.7066	 -32.138	 -19.3991	 9.72946	 -28.4162	 -16.0785	 7.78629	 -24.6247	 -12.8152	 5.87668	 -20.7669	 -9.60825	 4	 -16.8462	 221991	 225937	 229938	 233991	 238091	 
22.5	 -26.2104	 13.7151	 -35.8278	 -22.7735	 11.7041	 -32.1781	 -19.3955	 9.72749	 -28.4552	 -16.0757	 7.78494	 -24.6627	 -12.8133	 5.876	 -20.8038	 -9.60721	 4	 -16.882	 222247	 226203	 230214	 234276	 238384	 
22.6	 -26.2049	 13.7118	 -35.8672	 -22.7687	 11.7014	 -32.2164	 -19.3916	 9.72539	 -28.4924	 -16.0727	 7.78351	 -24.6987	 -12.8113	 5.87527	 -20.8387	 -9.60618	 4	 -16.9158	 222488	 226454	 230475	 234545	 238662	 
22.7	 -26.199	 13.7083	 -35.9049	 -22.7638	 11.6985	 -32.253	 -19.3876	 9.72318	 -28.5278	 -16.0697	 7.78202	 -24.7329	 -12.8092	 5.87451	 -20.8716	 -9.60518	 4	 -16.9475	 222725	 226702	 230732	 234811	 238935	 
22.8	 -26.1929	 13.7047	 -35.9409	 -22.7586	 11.6955	 -32.2876	 -19.3834	 9.72088	 -28.5611	 -16.0665	 7.78047	 -24.765	 -12.8072	 5.87374	 -20.9024	 -9.60421	 4	 -16.977	 222962	 226948	 230988	 235076	 239208	 
22.9	 -26.1864	 13.7009	 -35.9749	 -22.7532	 11.6924	 -32.3203	 -19.379	 9.71853	 -28.5925	 -16.0633	 7.77888	 -24.795	 -12.8051	 5.87295	 -20.931	 -9.60331	 4	 -17.0043	 223205	 227201	 231250	 235347	 239486	 
23	 -26.1798	 13.697	 -36.0069	 -22.7476	 11.6892	 -32.351	 -19.3745	 9.71612	 -28.6218	 -16.0599	 7.77727	 -24.8228	 -12.803	 5.87214	 -20.9574	 -9.60248	 4	 -17.0293	 223421	 227427	 231485	 235590	 239737	 
23.1	 -26.173	 13.693	 -36.0369	 -22.7418	 11.686	 -32.3795	 -19.3699	 9.71368	 -28.6488	 -16.0566	 7.77564	 -24.8483	 -12.8009	 5.87131	 -20.9815	 -9.60174	 4	 -17.0519	 223628	 227644	 231711	 235824	 239979	 
23.2	 -26.166	 13.689	 -36.0647	 -22.7359	 11.6827	 -32.4059	 -19.3653	 9.7112	 -28.6736	 -16.0532	 7.77397	 -24.8716	 -12.7989	 5.87048	 -21.0032	 -9.60111	 4	 -17.0721	 223812	 227837	 231912	 236033	 240195	 
23.3	 -26.1589	 13.6849	 -36.0902	 -22.73	 11.6794	 -32.4299	 -19.3606	 9.70869	 -28.6961	 -16.0499	 7.77228	 -24.8925	 -12.797	 5.86964	 -21.0225	 -9.60059	 4	 -17.0898	 223999	 228033	 232117	 236245	 240413	 
23.4	 -26.1517	 13.6809	 -36.1135	 -22.724	 11.6761	 -32.4516	 -19.3559	 9.70618	 -28.7162	 -16.0466	 7.77059	 -24.911	 -12.7951	 5.86879	 -21.0394	 -9.60021	 4	 -17.1051	 224176	 228218	 232310	 236445	 240620	 
23.5	 -26.1445	 13.6769	 -36.1343	 -22.718	 11.6728	 -32.4708	 -19.3513	 9.70367	 -28.7338	 -16.0434	 7.7689	 -24.927	 -12.7934	 5.86794	 -21.0537	 -9.59997	 4	 -17.1178	 224338	 228389	 232488	 236630	 240810	 
23.6	 -26.1373	 13.6728	 -36.1526	 -22.7121	 11.6695	 -32.4876	 -19.3467	 9.70119	 -28.7489	 -16.0403	 7.76723	 -24.9404	 -12.7918	 5.86709	 -21.0654	 -9.5999	 4	 -17.1279	 224480	 228537	 232643	 236791	 240976	 
23.7	 -26.1302	 13.6688	 -36.1683	 -22.7063	 11.6663	 -32.5017	 -19.3423	 9.69872	 -28.7614	 -16.0373	 7.76557	 -24.9512	 -12.7903	 5.86626	 -21.0746	 -9.59999	 4	 -17.1353	 224600	 228664	 232776	 236930	 241120	 
23.8	 -26.1233	 13.6649	 -36.1814	 -22.7007	 11.6631	 -32.5131	 -19.3381	 9.6963	 -28.7712	 -16.0345	 7.76395	 -24.9593	 -12.7891	 5.86546	 -21.081	 -9.60026	 4	 -17.1402	 224723	 228793	 232910	 237069	 241263	 
23.9	 -26.1166	 13.6611	 -36.1917	 -22.6953	 11.66	 -32.5218	 -19.334	 9.69392	 -28.7783	 -16.0319	 7.76236	 -24.9647	 -12.788	 5.86467	 -21.0847	 -9.60072	 4	 -17.1423	 224836	 228912	 233034	 237197	 241394	 
24	 -26.1101	 13.6574	 -36.1991	 -22.6901	 11.6569	 -32.5277	 -19.3302	 9.69163	 -28.7825	 -16.0296	 7.76083	 -24.9673	 -12.7872	 5.86389	 -21.0857	 -9.60138	 4	 -17.1417	 224923	 229004	 233130	 237296	 241496	 
24.1	 -26.104	 13.6538	 -36.2036	 -22.6852	 11.654	 -32.5307	 -19.3267	 9.68942	 -28.7839	 -16.0275	 7.75934	 -24.967	 -12.7865	 5.86315	 -21.0839	 -9.60225	 4	 -17.1383	 224987	 229072	 233201	 237370	 241572	 
24.2	 -26.0983	 13.6504	 -36.205	 -22.6807	 11.6513	 -32.5306	 -19.3236	 9.68731	 -28.7823	 -16.0258	 7.75792	 -24.9639	 -12.7862	 5.86244	 -21.0793	 -9.60333	 4	 -17.1322	 225032	 229120	 233252	 237423	 241628	 
24.3	 -26.0931	 13.6472	 -36.2033	 -22.6767	 11.6487	 -32.5275	 -19.3208	 9.68532	 -28.7777	 -16.0243	 7.75657	 -24.9579	 -12.7861	 5.86177	 -21.0717	 -9.60463	 4	 -17.1233	 225075	 229164	 233299	 237473	 241681	 
24.4	 -26.0884	 13.6443	 -36.1985	 -22.6732	 11.6463	 -32.5213	 -19.3185	 9.68348	 -28.7701	 -16.0233	 7.75532	 -24.9489	 -12.7863	 5.86113	 -21.0614	 -9.60615	 4	 -17.1115	 225129	 229222	 233360	 237539	 241751	 
24.5	 -26.0841	 13.6415	 -36.1905	 -22.6702	 11.644	 -32.5119	 -19.3166	 9.6818	 -28.7594	 -16.0225	 7.75418	 -24.9369	 -12.7868	 5.86054	 -21.0481	 -9.60789	 4	 -17.097	 225180	 229277	 233420	 237602	 241818	 
24.6	 -26.0803	 13.6389	 -36.1795	 -22.6676	 11.642	 -32.4994	 -19.3152	 9.68027	 -28.7456	 -16.0222	 7.75315	 -24.9219	 -12.7876	 5.86002	 -21.032	 -9.60986	 4	 -17.0796	 225251	 229353	 233501	 237689	 241910	 
24.7	 -26.0768	 13.6363	 -36.1656	 -22.6654	 11.6401	 -32.4839	 -19.3142	 9.67887	 -28.7288	 -16.0223	 7.75223	 -24.9039	 -12.7887	 5.85956	 -21.0129	 -9.61206	 4	 -17.0595	 225358	 229466	 233619	 237812	 242039	 
24.8	 -26.0736	 13.6337	 -36.1488	 -22.6635	 11.6382	 -32.4655	 -19.3135	 9.67756	 -28.709	 -16.0227	 7.7514	 -24.8829	 -12.7902	 5.85916	 -20.9908	 -9.61448	 4	 -17.0364	 225533	 229647	 233807	 238006	 242239	 
24.9	 -26.0705	 13.6311	 -36.1293	 -22.6618	 11.6363	 -32.4443	 -19.3131	 9.67627	 -28.6864	 -16.0234	 7.75063	 -24.8591	 -12.7919	 5.85879	 -20.9659	 -9.61712	 4	 -17.0106	 225755	 229876	 234042	 238248	 242488	 
25	 -26.0675	 13.6285	 -36.107	 -22.6602	 11.6343	 -32.4205	 -19.3128	 9.67492	 -28.661	 -16.0243	 7.74983	 -24.8324	 -12.7939	 5.85843	 -20.9381	 -9.61999	 4	 -16.9819	 226008	 230136	 234309	 238522	 242768	 
