Time	 Node0px 	 Node0py 	 Node0pz 	 Node1px 	 Node1py 	 Node1pz 	 Node2px 	 Node2py 	 Node2pz 	 Node3px 	 Node3py 	 Node3pz 	 Node4px 	 Node4py 	 Node4pz 	 Node5px 	 Node5py 	 Node5pz 	 Seg0Te 	 Seg1Te 	 Seg2Te 	 Seg3Te 	 Seg4Te 	 
0	 0	 -8.35923	 -37.0023	 0	 -8.28104	 -31.602	 0	 -8.20615	 -26.2016	 0	 -8.13461	 -20.8012	 0	 -8.06607	 -15.4006	 0	 -8	 -10	 121627	 125914	 130900	 136305	 141929	 
0.1	 1.15802e-032	 -8.35574	 -37.0027	 4.25759e-030	 -8.27842	 -31.6023	 4.40718e-028	 -8.20428	 -26.2018	 2.03156e-026	 -8.13343	 -20.8013	 1.32647e-025	 -8.06553	 -15.4007	 -5.96124e-024	 -8	 -10	 129774	 134895	 140161	 145582	 151165	 
0.2	 -4.80504e-014	 -8.35241	 -37.0095	 -2.04726e-011	 -8.27591	 -31.6089	 -2.13436e-009	 -8.20265	 -26.2083	 -3.68993e-008	 -8.13245	 -20.8076	 7.58016e-006	 -8.06501	 -15.4068	 0.000243834	 -8	 -10.006	 150283	 156273	 162194	 168054	 173857	 
0.3	 -1.23358e-011	 -8.34923	 -37.0199	 1.20394e-009	 -8.27347	 -31.6194	 2.51393e-007	 -8.20111	 -26.2188	 1.61301e-005	 -8.13152	 -20.8182	 0.00045132	 -8.06449	 -15.4174	 0.00369092	 -8	 -10.0166	 142142	 147972	 153773	 159551	 165313	 
0.4	 3.16787e-009	 -8.34618	 -37.0343	 3.70094e-007	 -8.27114	 -31.6339	 1.28015e-005	 -8.19954	 -26.2333	 0.000243795	 -8.13057	 -20.8326	 0.00218073	 -8.064	 -15.4319	 0.0070894	 -8	 -10.0311	 141446	 147241	 153016	 158776	 164528	 
0.5	 1.66868e-007	 -8.34323	 -37.0506	 8.38483e-006	 -8.26894	 -31.6501	 0.000134701	 -8.19789	 -26.2495	 0.00119833	 -8.12952	 -20.8489	 0.00484086	 -8.06355	 -15.4482	 0.00671436	 -8	 -10.0474	 138410	 144204	 149981	 155745	 161498	 
0.6	 2.69001e-006	 -8.34036	 -37.0679	 7.38555e-005	 -8.26681	 -31.6675	 0.00066218	 -8.19618	 -26.2669	 0.0031769	 -8.12838	 -20.8663	 0.00616908	 -8.06309	 -15.4656	 0.00133054	 -8	 -10.0648	 136353	 142117	 147874	 153624	 159374	 
0.7	 2.20304e-005	 -8.33753	 -37.0859	 0.000362322	 -8.26463	 -31.6854	 0.0019666	 -8.19448	 -26.2849	 0.00526236	 -8.12721	 -20.8842	 0.00333339	 -8.06254	 -15.4835	 -0.0101026	 -8	 -10.0828	 135202	 140960	 146712	 152462	 158204	 
0.8	 0.000113419	 -8.33471	 -37.1039	 0.00116026	 -8.26237	 -31.7035	 0.00389888	 -8.19282	 -26.3029	 0.0050673	 -8.12605	 -20.9023	 -0.00551155	 -8.06189	 -15.5016	 -0.0280194	 -8	 -10.1009	 134218	 139967	 145714	 151460	 157191	 
0.9	 0.000409231	 -8.33184	 -37.1221	 0.0025997	 -8.26004	 -31.7216	 0.00509614	 -8.19117	 -26.321	 -0.00016092	 -8.12492	 -20.9204	 -0.0207241	 -8.06121	 -15.5197	 -0.0523108	 -8	 -10.1191	 133825	 139571	 145317	 151053	 156773	 
1	 0.00109946	 -8.32887	 -37.1405	 0.00409121	 -8.2577	 -31.7401	 0.00304914	 -8.18948	 -26.3395	 -0.0119766	 -8.12381	 -20.9389	 -0.0418914	 -8.06062	 -15.5382	 -0.0823447	 -8	 -10.1376	 133937	 139685	 145429	 151155	 156867	 
1.1	 0.00226128	 -8.32577	 -37.1598	 0.00392707	 -8.25537	 -31.7593	 -0.0047498	 -8.18774	 -26.3587	 -0.030254	 -8.12271	 -20.9582	 -0.0685522	 -8.06015	 -15.5576	 -0.117069	 -8	 -10.157	 134476	 140230	 145967	 151686	 157389	 
1.2	 0.00352815	 -8.32255	 -37.1805	 -0.000308865	 -8.25299	 -31.78	 -0.0194378	 -8.18599	 -26.3794	 -0.05408	 -8.12163	 -20.9789	 -0.10016	 -8.05974	 -15.5783	 -0.155092	 -8	 -10.1778	 135198	 140954	 146685	 152397	 158091	 
1.3	 0.0037708	 -8.31925	 -37.2032	 -0.0104791	 -8.25052	 -31.8027	 -0.0404635	 -8.18426	 -26.4022	 -0.0827156	 -8.12059	 -21.0017	 -0.135685	 -8.0593	 -15.6012	 -0.194853	 -8	 -10.2007	 136002	 141756	 147480	 153184	 158870	 
1.4	 0.00108425	 -8.31587	 -37.2287	 -0.0267468	 -8.24794	 -31.8282	 -0.0664538	 -8.18256	 -26.4277	 -0.115595	 -8.11956	 -21.0272	 -0.173608	 -8.05878	 -15.6268	 -0.234775	 -8	 -10.2263	 136775	 142527	 148245	 153939	 159616	 
1.5	 -0.00662666	 -8.31244	 -37.2574	 -0.0477052	 -8.24531	 -31.857	 -0.0961348	 -8.18082	 -26.4566	 -0.151713	 -8.11849	 -21.0561	 -0.212335	 -8.05818	 -15.6557	 -0.273418	 -8	 -10.2552	 137551	 143303	 149016	 154701	 160370	 
1.6	 -0.0206432	 -8.30899	 -37.2901	 -0.0717214	 -8.24269	 -31.8897	 -0.128446	 -8.17898	 -26.4894	 -0.189387	 -8.11732	 -21.089	 -0.250517	 -8.05756	 -15.6886	 -0.30957	 -8	 -10.2881	 138184	 143937	 149644	 155321	 160984	 
1.7	 -0.0407842	 -8.30554	 -37.3271	 -0.0981335	 -8.24006	 -31.9269	 -0.162178	 -8.17701	 -26.5266	 -0.22668	 -8.11601	 -21.1262	 -0.286987	 -8.05696	 -15.7258	 -0.342322	 -8	 -10.3252	 138500	 144249	 149950	 155622	 161281	 
1.8	 -0.0656581	 -8.30209	 -37.3688	 -0.127169	 -8.2374	 -31.9685	 -0.195943	 -8.17493	 -26.5683	 -0.261962	 -8.11459	 -21.168	 -0.320575	 -8.05633	 -15.7675	 -0.371115	 -8	 -10.3669	 138362	 144099	 149794	 155464	 161123	 
1.9	 -0.0934968	 -8.29861	 -37.415	 -0.158832	 -8.23464	 -32.0148	 -0.228632	 -8.17277	 -26.6146	 -0.294144	 -8.11312	 -21.2142	 -0.350172	 -8.05562	 -15.8137	 -0.395771	 -8	 -10.413	 137759	 143479	 149169	 154840	 160503	 
2	 -0.122836	 -8.29504	 -37.4656	 -0.191994	 -8.23175	 -32.0655	 -0.259735	 -8.17057	 -26.6652	 -0.322616	 -8.11162	 -21.2649	 -0.375057	 -8.05482	 -15.8643	 -0.416484	 -8	 -10.4636	 136769	 142473	 148156	 153831	 159502	 
2.1	 -0.152684	 -8.29133	 -37.5205	 -0.224587	 -8.22876	 -32.1203	 -0.289053	 -8.16833	 -26.72	 -0.347197	 -8.11009	 -21.3196	 -0.395233	 -8.05396	 -15.919	 -0.433765	 -8	 -10.5183	 135460	 141154	 146832	 152511	 158193	 
2.2	 -0.182344	 -8.28738	 -37.579	 -0.254621	 -8.22566	 -32.1789	 -0.316074	 -8.16605	 -26.7786	 -0.368143	 -8.10853	 -21.3781	 -0.411505	 -8.05313	 -15.9775	 -0.448362	 -8	 -10.5767	 133875	 139565	 145241	 150925	 156615	 
2.3	 -0.211195	 -8.28315	 -37.6408	 -0.281062	 -8.22245	 -32.2406	 -0.339781	 -8.16368	 -26.8403	 -0.386044	 -8.10692	 -21.4398	 -0.425222	 -8.05236	 -16.0391	 -0.461171	 -8	 -10.6384	 132115	 137802	 143482	 149170	 154863	 
2.4	 -0.238633	 -8.27863	 -37.7053	 -0.303905	 -8.21907	 -32.305	 -0.359216	 -8.1612	 -26.9047	 -0.401534	 -8.10531	 -21.5041	 -0.437812	 -8.05163	 -16.1034	 -0.473161	 -8	 -10.7027	 130319	 136004	 141694	 147384	 153074	 
2.5	 -0.264138	 -8.2738	 -37.7718	 -0.323627	 -8.21543	 -32.3715	 -0.374323	 -8.1586	 -26.9711	 -0.415044	 -8.1037	 -21.5705	 -0.450308	 -8.0509	 -16.1699	 -0.485284	 -8	 -10.7691	 128650	 134335	 140034	 145727	 151411	 
2.6	 -0.287365	 -8.26867	 -37.84	 -0.340685	 -8.21149	 -32.4397	 -0.386264	 -8.15585	 -27.0392	 -0.426865	 -8.10206	 -21.6386	 -0.463094	 -8.05011	 -16.238	 -0.498398	 -8	 -10.8372	 127219	 132906	 138609	 144304	 149983	 
2.7	 -0.308171	 -8.26326	 -37.9094	 -0.355486	 -8.20726	 -32.509	 -0.396858	 -8.15294	 -27.1085	 -0.437494	 -8.1003	 -21.7079	 -0.47607	 -8.04926	 -16.3073	 -0.513188	 -8	 -10.9065	 125995	 131682	 137380	 143075	 148750	 
2.8	 -0.326603	 -8.25757	 -37.9796	 -0.368673	 -8.2028	 -32.5792	 -0.40765	 -8.14982	 -27.1787	 -0.44787	 -8.09834	 -21.7781	 -0.489184	 -8.04832	 -16.3774	 -0.53012	 -8	 -10.9768	 124963	 130648	 136337	 142026	 147697	 
2.9	 -0.342904	 -8.25161	 -38.0505	 -0.381222	 -8.19817	 -32.65	 -0.419381	 -8.14645	 -27.2495	 -0.459219	 -8.09615	 -21.8489	 -0.502996	 -8.04729	 -16.4483	 -0.549423	 -8	 -11.0476	 124151	 129830	 135509	 141185	 146847	 
3	 -0.357542	 -8.24541	 -38.1219	 -0.394127	 -8.19335	 -32.7214	 -0.432238	 -8.14283	 -27.3208	 -0.472625	 -8.09375	 -21.9203	 -0.518758	 -8.04613	 -16.5197	 -0.57109	 -8	 -11.1191	 123575	 129246	 134914	 140574	 146217	 
3.1	 -0.371204	 -8.23898	 -38.1938	 -0.407958	 -8.18832	 -32.7933	 -0.446445	 -8.13899	 -27.3927	 -0.488767	 -8.09116	 -21.9922	 -0.537824	 -8.04484	 -16.5916	 -0.594898	 -8	 -11.191	 123227	 128890	 134547	 140188	 145807	 
3.2	 -0.384696	 -8.23234	 -38.2664	 -0.422801	 -8.18304	 -32.8658	 -0.462538	 -8.13499	 -27.4653	 -0.507986	 -8.08845	 -22.0647	 -0.560767	 -8.04344	 -16.6641	 -0.620437	 -8	 -11.2636	 123064	 128721	 134365	 139986	 145582	 
3.3	 -0.398757	 -8.22549	 -38.3397	 -0.438648	 -8.1775	 -32.9391	 -0.481142	 -8.13085	 -27.5386	 -0.530424	 -8.08565	 -22.138	 -0.586961	 -8.04201	 -16.7375	 -0.64716	 -8	 -11.337	 123010	 128661	 134289	 139890	 145469	 
3.4	 -0.413903	 -8.21839	 -38.4139	 -0.455847	 -8.17177	 -33.0134	 -0.502585	 -8.1266	 -27.6129	 -0.55592	 -8.08281	 -22.2124	 -0.614967	 -8.04058	 -16.8118	 -0.674436	 -8	 -11.4113	 123002	 128645	 134256	 139839	 145410	 
3.5	 -0.430406	 -8.21103	 -38.4893	 -0.475124	 -8.16593	 -33.0888	 -0.526732	 -8.12225	 -27.6883	 -0.583759	 -8.07995	 -22.2878	 -0.643377	 -8.03919	 -16.8873	 -0.701621	 -8	 -11.4867	 122997	 128626	 134222	 139793	 145362	 
3.6	 -0.448392	 -8.20339	 -38.566	 -0.497126	 -8.15999	 -33.1655	 -0.553085	 -8.11784	 -27.7651	 -0.612688	 -8.07711	 -22.3646	 -0.671369	 -8.03783	 -16.9641	 -0.728108	 -8	 -11.5635	 122957	 128570	 134153	 139719	 145290	 
3.7	 -0.467954	 -8.19549	 -38.6442	 -0.521874	 -8.15396	 -33.2438	 -0.580929	 -8.11341	 -27.8433	 -0.641383	 -8.07426	 -22.4428	 -0.69861	 -8.03647	 -17.0423	 -0.753372	 -8	 -11.6416	 122837	 128434	 134009	 139578	 145152	 
3.8	 -0.48917	 -8.18734	 -38.724	 -0.548582	 -8.14778	 -33.3236	 -0.6094	 -8.10898	 -27.9231	 -0.669012	 -8.0714	 -22.5226	 -0.724829	 -8.03508	 -17.122	 -0.777008	 -8	 -11.7214	 122592	 128178	 133749	 139324	 144903	 
3.9	 -0.512005	 -8.17897	 -38.8053	 -0.575963	 -8.14142	 -33.4049	 -0.63755	 -8.10452	 -28.0045	 -0.695378	 -8.06851	 -22.604	 -0.749565	 -8.03365	 -17.2033	 -0.798756	 -8	 -11.8026	 122197	 127780	 133352	 138932	 144520	 
4	 -0.536198	 -8.17043	 -38.8881	 -0.60277	 -8.13488	 -33.4878	 -0.664499	 -8.09992	 -28.0873	 -0.720534	 -8.06556	 -22.6868	 -0.772339	 -8.03218	 -17.2861	 -0.818509	 -8	 -11.8854	 121667	 127252	 132831	 138416	 144014	 
4.1	 -0.561239	 -8.16171	 -38.9723	 -0.62823	 -8.12817	 -33.572	 -0.689626	 -8.09512	 -28.1715	 -0.744281	 -8.06252	 -22.7709	 -0.792956	 -8.03069	 -17.3703	 -0.836319	 -8	 -11.9695	 121035	 126624	 132212	 137804	 143415	 
4.2	 -0.586467	 -8.15283	 -39.0577	 -0.652147	 -8.12127	 -33.6573	 -0.712634	 -8.09008	 -28.2568	 -0.766035	 -8.05932	 -22.8562	 -0.811576	 -8.02917	 -17.4555	 -0.852368	 -8	 -12.0547	 120323	 125916	 131514	 137118	 142740	 
4.3	 -0.611233	 -8.14376	 -39.144	 -0.674688	 -8.11417	 -33.7435	 -0.733474	 -8.08481	 -28.3431	 -0.785197	 -8.05594	 -22.9424	 -0.828448	 -8.02758	 -17.5417	 -0.866945	 -8	 -12.1409	 119557	 125151	 130758	 136379	 142010	 
4.4	 -0.635052	 -8.13449	 -39.2309	 -0.696042	 -8.10685	 -33.8304	 -0.752217	 -8.07936	 -28.4299	 -0.801622	 -8.05235	 -23.0293	 -0.843634	 -8.02587	 -17.6285	 -0.880414	 -8	 -12.2277	 118769	 124365	 129981	 135616	 141257	 
4.5	 -0.657658	 -8.12501	 -39.3181	 -0.716169	 -8.0993	 -33.9176	 -0.769013	 -8.07374	 -28.517	 -0.815751	 -8.04858	 -23.1164	 -0.857055	 -8.024	 -17.7156	 -0.893177	 -8	 -12.3148	 117996	 123593	 129218	 134863	 140515	 
4.6	 -0.678976	 -8.11529	 -39.4053	 -0.7348	 -8.09155	 -34.0048	 -0.784117	 -8.06795	 -28.6042	 -0.828324	 -8.04468	 -23.2035	 -0.868846	 -8.02199	 -17.8028	 -0.905638	 -8	 -12.4019	 117277	 122880	 128510	 134162	 139823	 
4.7	 -0.699024	 -8.10532	 -39.4923	 -0.751678	 -8.08362	 -34.0917	 -0.797882	 -8.06199	 -28.6911	 -0.840004	 -8.04067	 -23.2904	 -0.879661	 -8.01992	 -17.8896	 -0.918167	 -8	 -12.4888	 116642	 122251	 127886	 133539	 139203	 
4.8	 -0.717824	 -8.09512	 -39.5787	 -0.76684	 -8.0755	 -34.1781	 -0.810669	 -8.05589	 -28.7774	 -0.851269	 -8.03658	 -23.3767	 -0.890552	 -8.01786	 -17.9759	 -0.931071	 -8	 -12.5751	 116110	 121724	 127360	 133014	 138673	 
4.9	 -0.735378	 -8.08469	 -39.6643	 -0.78071	 -8.0672	 -34.2637	 -0.822787	 -8.04966	 -28.863	 -0.862563	 -8.03245	 -23.4623	 -0.902475	 -8.01586	 -18.0615	 -0.944572	 -8	 -12.6607	 115688	 121304	 126942	 132592	 138242	 
5	 -0.751705	 -8.07407	 -39.749	 -0.793926	 -8.05873	 -34.3484	 -0.834587	 -8.04336	 -28.9477	 -0.87443	 -8.02833	 -23.547	 -0.915825	 -8.01391	 -18.1462	 -0.958799	 -8	 -12.7454	 115384	 121000	 126637	 132281	 137921	 
5.1	 -0.766903	 -8.06327	 -39.8327	 -0.807046	 -8.05014	 -34.4321	 -0.84661	 -8.03702	 -29.0314	 -0.887387	 -8.02425	 -23.6306	 -0.930388	 -8.01196	 -18.2299	 -0.973783	 -8	 -12.8291	 115202	 120815	 126448	 132084	 137717	 
5.2	 -0.781183	 -8.05233	 -39.9153	 -0.820398	 -8.04147	 -34.5146	 -0.859569	 -8.03068	 -29.1139	 -0.901677	 -8.0202	 -23.7132	 -0.945713	 -8.00997	 -18.3124	 -0.989467	 -8	 -12.9116	 115128	 120739	 126365	 131992	 137623	 
5.3	 -0.794857	 -8.04126	 -39.9967	 -0.83417	 -8.03279	 -34.596	 -0.874046	 -8.02438	 -29.1953	 -0.917184	 -8.01614	 -23.7946	 -0.961517	 -8.00796	 -18.3938	 -1.00571	 -8	 -12.993	 115145	 120754	 126370	 131991	 137620	 
5.4	 -0.808283	 -8.03012	 -40.077	 -0.848571	 -8.02414	 -34.6763	 -0.89012	 -8.01811	 -29.2756	 -0.933623	 -8.01204	 -23.8749	 -0.977812	 -8.00593	 -18.4741	 -1.02232	 -8	 -13.0733	 115228	 120835	 126443	 132061	 137688	 
5.5	 -0.821827	 -8.01896	 -40.1561	 -0.86383	 -8.01552	 -34.7555	 -0.907306	 -8.01184	 -29.3548	 -0.950771	 -8.0079	 -23.954	 -0.994713	 -8.00391	 -18.5533	 -1.03905	 -8	 -13.1525	 115352	 120955	 126561	 132176	 137800	 
5.6	 -0.835827	 -8.00783	 -40.2342	 -0.880009	 -8.00691	 -34.8335	 -0.924902	 -8.00553	 -29.4329	 -0.968506	 -8.00375	 -24.0321	 -1.01219	 -8.00189	 -18.6314	 -1.05567	 -8	 -13.2306	 115497	 121097	 126704	 132318	 137941	 
5.7	 -0.850544	 -7.99678	 -40.3112	 -0.896847	 -7.99829	 -34.9106	 -0.942453	 -7.99917	 -29.5099	 -0.986639	 -7.99961	 -24.1092	 -1.02994	 -7.99987	 -18.7084	 -1.07194	 -8	 -13.3076	 115640	 121240	 126850	 132465	 138089	 
5.8	 -0.866094	 -7.98583	 -40.3872	 -0.91388	 -7.98964	 -34.9866	 -0.9599	 -7.99279	 -29.5859	 -1.00479	 -7.99549	 -24.1852	 -1.04749	 -7.99783	 -18.7844	 -1.08766	 -8	 -13.3835	 115771	 121373	 126985	 132603	 138232	 
5.9	 -0.882399	 -7.97498	 -40.4621	 -0.930764	 -7.98098	 -35.0615	 -0.977331	 -7.98641	 -29.6608	 -1.02249	 -7.99135	 -24.2601	 -1.06432	 -7.9958	 -18.8593	 -1.10266	 -8	 -13.4585	 115880	 121486	 127100	 132724	 138361	 
6	 -0.899208	 -7.96422	 -40.536	 -0.947493	 -7.97238	 -35.1354	 -0.994641	 -7.98005	 -29.7347	 -1.03931	 -7.98717	 -24.334	 -1.08004	 -7.99377	 -18.9332	 -1.11686	 -8	 -13.5324	 115956	 121563	 127181	 132813	 138459	 
6.1	 -0.916206	 -7.95356	 -40.6088	 -0.964276	 -7.9639	 -35.2082	 -1.01146	 -7.97374	 -29.8075	 -1.05503	 -7.98298	 -24.4068	 -1.09448	 -7.99173	 -19.006	 -1.13022	 -8	 -13.6051	 116005	 121613	 127236	 132876	 138531	 
6.2	 -0.933139	 -7.94301	 -40.6803	 -0.981176	 -7.95557	 -35.2797	 -1.02741	 -7.96748	 -29.8791	 -1.0696	 -7.97882	 -24.4783	 -1.10774	 -7.98967	 -19.0775	 -1.14277	 -8	 -13.6767	 116026	 121636	 127265	 132913	 138577	 
6.3	 -0.949868	 -7.9326	 -40.7506	 -0.997867	 -7.94737	 -35.35	 -1.04233	 -7.96131	 -29.9494	 -1.08305	 -7.97471	 -24.5486	 -1.12006	 -7.9876	 -19.1478	 -1.15459	 -8	 -13.7469	 116029	 121641	 127277	 132933	 138602	 
6.4	 -0.966334	 -7.92237	 -40.8195	 -1.01377	 -7.93927	 -35.4189	 -1.05633	 -7.95526	 -30.0182	 -1.09552	 -7.97068	 -24.6175	 -1.1317	 -7.98557	 -19.2167	 -1.16581	 -8	 -13.8158	 116019	 121637	 127279	 132941	 138614	 
6.5	 -0.982463	 -7.91237	 -40.8868	 -1.02843	 -7.93127	 -35.4862	 -1.06951	 -7.94935	 -30.0855	 -1.10728	 -7.96675	 -24.6848	 -1.14287	 -7.98361	 -19.284	 -1.1766	 -8	 -13.8831	 116014	 121640	 127287	 132952	 138630	 
6.6	 -0.99811	 -7.9026	 -40.9524	 -1.04186	 -7.92341	 -35.5518	 -1.08192	 -7.94357	 -30.1511	 -1.11864	 -7.96295	 -24.7504	 -1.15367	 -7.98176	 -19.3496	 -1.18714	 -8	 -13.9487	 116028	 121660	 127311	 132979	 138660	 
6.7	 -1.01309	 -7.89309	 -41.0162	 -1.05446	 -7.91579	 -35.6156	 -1.09356	 -7.93791	 -30.2149	 -1.12978	 -7.95929	 -24.8142	 -1.16427	 -7.98	 -19.4134	 -1.19761	 -8	 -14.0125	 116067	 121702	 127358	 133029	 138711	 
6.8	 -1.02725	 -7.88383	 -41.0781	 -1.0667	 -7.90844	 -35.6775	 -1.10461	 -7.93241	 -30.2768	 -1.14069	 -7.95576	 -24.876	 -1.17484	 -7.97831	 -19.4752	 -1.20818	 -8	 -14.0744	 116149	 121786	 127445	 133118	 138802	 
6.9	 -1.0406	 -7.87486	 -41.1379	 -1.07884	 -7.90137	 -35.7372	 -1.11545	 -7.92714	 -30.3365	 -1.15131	 -7.95235	 -24.9358	 -1.18554	 -7.97665	 -19.535	 -1.21901	 -8	 -14.1342	 116281	 121919	 127580	 133255	 138939	 
7	 -1.05323	 -7.86617	 -41.1955	 -1.09083	 -7.89458	 -35.7948	 -1.12647	 -7.92215	 -30.3942	 -1.16177	 -7.94903	 -24.9934	 -1.19641	 -7.97502	 -19.5926	 -1.23021	 -8	 -14.1918	 116463	 122103	 127765	 133442	 139127	 
7.1	 -1.06534	 -7.85778	 -41.2508	 -1.10256	 -7.88804	 -35.8502	 -1.1378	 -7.91741	 -30.4495	 -1.17245	 -7.94585	 -25.0488	 -1.20745	 -7.97342	 -19.648	 -1.24185	 -8	 -14.2472	 116699	 122343	 128005	 133682	 139368	 
7.2	 -1.07713	 -7.8497	 -41.304	 -1.11404	 -7.88177	 -35.9033	 -1.14935	 -7.91286	 -30.5027	 -1.18371	 -7.94282	 -25.1019	 -1.21878	 -7.97188	 -19.7012	 -1.25396	 -8	 -14.3004	 116989	 122636	 128299	 133976	 139662	 
7.3	 -1.08874	 -7.84192	 -41.3547	 -1.12539	 -7.87575	 -35.9541	 -1.161	 -7.90846	 -30.5535	 -1.19569	 -7.93997	 -25.1528	 -1.23069	 -7.97045	 -19.752	 -1.26653	 -8	 -14.3512	 117327	 122976	 128642	 134318	 140003	 
7.4	 -1.10027	 -7.83445	 -41.4032	 -1.13681	 -7.86996	 -36.0026	 -1.17275	 -7.90419	 -30.602	 -1.20823	 -7.93726	 -25.2013	 -1.24344	 -7.96915	 -19.8005	 -1.27954	 -8	 -14.3997	 117707	 123359	 129027	 134704	 140388	 
7.5	 -1.1118	 -7.82726	 -41.4494	 -1.14848	 -7.86436	 -36.0488	 -1.18478	 -7.9001	 -30.6482	 -1.22111	 -7.93466	 -25.2475	 -1.25702	 -7.96795	 -19.8467	 -1.2929	 -8	 -14.446	 116419	 122083	 127759	 133442	 139129	 
7.6	 -1.12339	 -7.82034	 -41.4932	 -1.16047	 -7.85895	 -36.0927	 -1.19727	 -7.89619	 -30.692	 -1.23427	 -7.93216	 -25.2914	 -1.27104	 -7.96681	 -19.8907	 -1.30653	 -8	 -14.4899	 115280	 120938	 126611	 132292	 137979	 
7.7	 -1.13512	 -7.81369	 -41.5349	 -1.17282	 -7.85376	 -36.1343	 -1.21028	 -7.89248	 -30.7337	 -1.24778	 -7.92977	 -25.3331	 -1.285	 -7.96565	 -19.9324	 -1.32033	 -8	 -14.5316	 116483	 122138	 127807	 133488	 139177	 
7.8	 -1.14708	 -7.80728	 -41.5743	 -1.18556	 -7.84881	 -36.1738	 -1.22376	 -7.88891	 -30.7732	 -1.26161	 -7.92746	 -25.3725	 -1.29864	 -7.96447	 -19.9718	 -1.33422	 -8	 -14.571	 117650	 123312	 128987	 134672	 140366	 
7.9	 -1.15937	 -7.80112	 -41.6116	 -1.19866	 -7.84408	 -36.211	 -1.23754	 -7.88546	 -30.8104	 -1.27553	 -7.9252	 -25.4098	 -1.31212	 -7.96329	 -20.0091	 -1.34811	 -8	 -14.6083	 118362	 124026	 129702	 135390	 141087	 
8	 -1.17208	 -7.79524	 -41.6466	 -1.21209	 -7.83955	 -36.2461	 -1.25143	 -7.88211	 -30.8455	 -1.28934	 -7.92297	 -25.4449	 -1.32576	 -7.96218	 -20.0442	 -1.36193	 -8	 -14.6434	 118874	 124540	 130219	 135910	 141609	 
8.1	 -1.18524	 -7.78965	 -41.6796	 -1.22574	 -7.83517	 -36.279	 -1.26522	 -7.87885	 -30.8785	 -1.303	 -7.92077	 -25.4778	 -1.33968	 -7.96113	 -20.0771	 -1.37565	 -8	 -14.6764	 119219	 124888	 130571	 136265	 141966	 
8.2	 -1.19885	 -7.78433	 -41.7104	 -1.2395	 -7.83092	 -36.3099	 -1.27882	 -7.87567	 -30.9093	 -1.31664	 -7.91867	 -25.5087	 -1.35369	 -7.96014	 -20.108	 -1.38924	 -8	 -14.7072	 119457	 125130	 130816	 136513	 142216	 
8.3	 -1.21283	 -7.77928	 -41.739	 -1.25324	 -7.82682	 -36.3386	 -1.2923	 -7.87259	 -30.938	 -1.33039	 -7.91668	 -25.5374	 -1.36748	 -7.95916	 -20.1367	 -1.40271	 -8	 -14.7359	 119636	 125311	 131000	 136699	 142407	 
8.4	 -1.22706	 -7.77445	 -41.7666	 -1.26696	 -7.8229	 -36.3659	 -1.30586	 -7.86965	 -30.9652	 -1.34416	 -7.91479	 -25.5644	 -1.3809	 -7.9582	 -20.1635	 -1.41607	 -8	 -14.7625	 149291	 154489	 159725	 165072	 170590	 
8.5	 -1.24158	 -7.76977	 -41.7901	 -1.28074	 -7.81911	 -36.3896	 -1.3196	 -7.8668	 -30.9891	 -1.35764	 -7.91287	 -25.5885	 -1.394	 -7.95719	 -20.1879	 -1.42942	 -8	 -14.7872	 116279	 121422	 126705	 132131	 137704	 
8.6	 -1.25604	 -7.76519	 -41.8131	 -1.29483	 -7.81552	 -36.4125	 -1.33345	 -7.8641	 -31.0119	 -1.37086	 -7.91098	 -25.6112	 -1.40708	 -7.95624	 -20.2105	 -1.44275	 -8	 -14.8097	 128653	 134423	 140185	 145935	 151672	 
8.7	 -1.27035	 -7.76069	 -41.8331	 -1.30927	 -7.81213	 -36.4327	 -1.34727	 -7.86156	 -31.0321	 -1.38403	 -7.90921	 -25.6315	 -1.42035	 -7.95539	 -20.2308	 -1.45614	 -8	 -14.8301	 120594	 126144	 131741	 137382	 143065	 
8.8	 -1.2845	 -7.75625	 -41.8514	 -1.32378	 -7.80887	 -36.4509	 -1.36105	 -7.85916	 -31.0504	 -1.39745	 -7.90764	 -25.6497	 -1.43383	 -7.95464	 -20.2491	 -1.46964	 -8	 -14.8483	 123716	 129353	 135015	 140700	 146406	 
8.9	 -1.29856	 -7.75186	 -41.8674	 -1.33797	 -7.80563	 -36.4669	 -1.37491	 -7.85691	 -31.0663	 -1.41127	 -7.90627	 -25.6657	 -1.44751	 -7.95396	 -20.2651	 -1.48331	 -8	 -14.8643	 122503	 128111	 133752	 139423	 145123	 
9	 -1.31253	 -7.74751	 -41.8812	 -1.35168	 -7.80237	 -36.4807	 -1.38895	 -7.85476	 -31.0802	 -1.42546	 -7.90504	 -25.6796	 -1.46146	 -7.95337	 -20.2789	 -1.4972	 -8	 -14.8782	 123357	 128979	 134630	 140309	 146014	 
9.1	 -1.32635	 -7.74316	 -41.8928	 -1.36513	 -7.79911	 -36.4923	 -1.4031	 -7.85266	 -31.0918	 -1.43984	 -7.90384	 -25.6912	 -1.47573	 -7.95283	 -20.2905	 -1.51134	 -8	 -14.8898	 123597	 129218	 134869	 140549	 146255	 
9.2	 -1.33997	 -7.73881	 -41.9022	 -1.37871	 -7.79588	 -36.5018	 -1.41719	 -7.85051	 -31.1012	 -1.45428	 -7.90258	 -25.7007	 -1.4903	 -7.95231	 -20.3	 -1.52577	 -8	 -14.8993	 124183	 129809	 135464	 141148	 146857	 
9.3	 -1.35338	 -7.73444	 -41.9095	 -1.39263	 -7.79269	 -36.5091	 -1.43118	 -7.84826	 -31.1086	 -1.46868	 -7.90122	 -25.708	 -1.50506	 -7.95172	 -20.3073	 -1.54049	 -8	 -14.9066	 124710	 130339	 135998	 141685	 147397	 
9.4	 -1.3667	 -7.73006	 -41.9147	 -1.40671	 -7.78946	 -36.5143	 -1.44519	 -7.8459	 -31.1138	 -1.48303	 -7.89971	 -25.7132	 -1.51984	 -7.951	 -20.3126	 -1.55549	 -8	 -14.9119	 125296	 130930	 136593	 142283	 147998	 
9.5	 -1.38009	 -7.72569	 -41.9179	 -1.42068	 -7.7861	 -36.5175	 -1.45937	 -7.84342	 -31.117	 -1.49738	 -7.89803	 -25.7164	 -1.53455	 -7.95012	 -20.3158	 -1.57075	 -8	 -14.9151	 125878	 131517	 137184	 142877	 148596	 
9.6	 -1.39366	 -7.72133	 -41.9191	 -1.43439	 -7.78257	 -36.5187	 -1.4737	 -7.84081	 -31.1182	 -1.5118	 -7.89621	 -25.7176	 -1.54929	 -7.94914	 -20.317	 -1.58624	 -8	 -14.9163	 126474	 132117	 137789	 143486	 149207	 
9.7	 -1.40743	 -7.71696	 -41.9184	 -1.44804	 -7.77892	 -36.518	 -1.48799	 -7.83803	 -31.1175	 -1.52638	 -7.89427	 -25.7169	 -1.56422	 -7.94812	 -20.3163	 -1.6019	 -8	 -14.9156	 127077	 132726	 138401	 144102	 149827	 
9.8	 -1.42141	 -7.71255	 -41.9157	 -1.4619	 -7.77522	 -36.5153	 -1.50212	 -7.83509	 -31.1149	 -1.54115	 -7.89226	 -25.7143	 -1.57951	 -7.94713	 -20.3137	 -1.61768	 -8	 -14.913	 127688	 133343	 139023	 144728	 150456	 
9.9	 -1.43558	 -7.70808	 -41.9113	 -1.47612	 -7.77149	 -36.5109	 -1.51625	 -7.83207	 -31.1105	 -1.55607	 -7.89024	 -25.7099	 -1.59513	 -7.94616	 -20.3093	 -1.63354	 -8	 -14.9086	 128301	 133961	 139646	 145354	 151085	 
10	 -1.44999	 -7.70355	 -41.9052	 -1.49065	 -7.76774	 -36.5048	 -1.53072	 -7.82909	 -31.1043	 -1.57111	 -7.88825	 -25.7038	 -1.61087	 -7.9452	 -20.3032	 -1.64942	 -8	 -14.9025	 128911	 134577	 140266	 145979	 151713	 
10.1	 -1.46467	 -7.69897	 -41.8974	 -1.50542	 -7.76398	 -36.497	 -1.54577	 -7.82626	 -31.0966	 -1.58633	 -7.88631	 -25.6961	 -1.6265	 -7.94423	 -20.2955	 -1.66528	 -8	 -14.8948	 129506	 135178	 140873	 146589	 152326	 
10.2	 -1.47966	 -7.69435	 -41.888	 -1.5205	 -7.76026	 -36.4877	 -1.56134	 -7.82357	 -31.0872	 -1.60183	 -7.88448	 -25.6867	 -1.64194	 -7.94327	 -20.2861	 -1.68108	 -8	 -14.8855	 130080	 135758	 141457	 147178	 152918	 
10.3	 -1.49495	 -7.68972	 -41.8772	 -1.53603	 -7.75664	 -36.4768	 -1.57722	 -7.82097	 -31.0764	 -1.61759	 -7.88276	 -25.6759	 -1.65738	 -7.94236	 -20.2753	 -1.6968	 -8	 -14.8746	 130632	 136315	 142019	 147744	 153487	 
10.4	 -1.51056	 -7.68512	 -41.8648	 -1.55203	 -7.75314	 -36.4645	 -1.59321	 -7.81842	 -31.0641	 -1.63353	 -7.88114	 -25.6635	 -1.67305	 -7.94156	 -20.263	 -1.71242	 -8	 -14.8623	 131155	 136844	 142553	 148281	 154027	 
10.5	 -1.52649	 -7.68058	 -41.8511	 -1.56835	 -7.74972	 -36.4508	 -1.60928	 -7.81592	 -31.0504	 -1.64955	 -7.87958	 -25.6499	 -1.68903	 -7.94087	 -20.2493	 -1.72793	 -8	 -14.8486	 131644	 137338	 143051	 148782	 154531	 
10.6	 -1.54269	 -7.67611	 -41.8361	 -1.58472	 -7.74631	 -36.4357	 -1.62549	 -7.81348	 -31.0353	 -1.66564	 -7.87807	 -25.6348	 -1.70513	 -7.94022	 -20.2343	 -1.74334	 -8	 -14.8336	 132115	 137814	 143531	 149266	 155017	 
10.7	 -1.55909	 -7.6717	 -41.8197	 -1.60104	 -7.7429	 -36.4194	 -1.64186	 -7.81111	 -31.019	 -1.68186	 -7.87658	 -25.6185	 -1.72105	 -7.93953	 -20.218	 -1.75864	 -8	 -14.8173	 132563	 138266	 143988	 149726	 155479	 
10.8	 -1.57552	 -7.66731	 -41.8022	 -1.61733	 -7.73951	 -36.4019	 -1.65829	 -7.80875	 -31.0015	 -1.69811	 -7.8751	 -25.601	 -1.73664	 -7.93877	 -20.2005	 -1.77386	 -8	 -14.7998	 132990	 138698	 144424	 150165	 155920	 
10.9	 -1.59187	 -7.66289	 -41.7835	 -1.63369	 -7.73616	 -36.3832	 -1.67465	 -7.80635	 -30.9828	 -1.71419	 -7.87355	 -25.5824	 -1.75203	 -7.93795	 -20.1818	 -1.78901	 -8	 -14.7812	 133395	 139108	 144837	 150580	 156338	 
11	 -1.60805	 -7.65842	 -41.7637	 -1.65012	 -7.73282	 -36.3634	 -1.69083	 -7.80388	 -30.963	 -1.72994	 -7.87191	 -25.5626	 -1.7674	 -7.93714	 -20.162	 -1.80409	 -8	 -14.7614	 133780	 139498	 145230	 150976	 156735	 
11.1	 -1.62407	 -7.65389	 -41.7429	 -1.6664	 -7.7294	 -36.3426	 -1.70674	 -7.80134	 -30.9422	 -1.74537	 -7.87019	 -25.5418	 -1.78278	 -7.93633	 -20.1412	 -1.81913	 -8	 -14.7406	 134147	 139869	 145604	 151353	 157114	 
11.2	 -1.63995	 -7.6493	 -41.721	 -1.68232	 -7.72583	 -36.3208	 -1.72235	 -7.79872	 -30.9204	 -1.76067	 -7.86843	 -25.52	 -1.79807	 -7.93549	 -20.1194	 -1.83413	 -8	 -14.7188	 134497	 140222	 145961	 151712	 157475	 
11.3	 -1.65571	 -7.64466	 -41.6983	 -1.69774	 -7.7221	 -36.298	 -1.73766	 -7.79599	 -30.8977	 -1.77595	 -7.86667	 -25.4972	 -1.81314	 -7.93461	 -20.0967	 -1.84909	 -8	 -14.6961	 134830	 140560	 146301	 152055	 157820	 
11.4	 -1.67134	 -7.63998	 -41.6747	 -1.71276	 -7.71825	 -36.2745	 -1.75269	 -7.79316	 -30.8741	 -1.79113	 -7.86489	 -25.4737	 -1.82804	 -7.9337	 -20.0732	 -1.86402	 -8	 -14.6726	 135148	 140881	 146627	 152383	 158149	 
11.5	 -1.68681	 -7.63525	 -41.6504	 -1.72763	 -7.71437	 -36.2501	 -1.76753	 -7.79025	 -30.8498	 -1.80605	 -7.86303	 -25.4494	 -1.84289	 -7.93278	 -20.0489	 -1.87889	 -8	 -14.6483	 135457	 141195	 146944	 152702	 158470	 
11.6	 -1.70213	 -7.63051	 -41.6253	 -1.74255	 -7.71053	 -36.2251	 -1.78222	 -7.78732	 -30.8248	 -1.82066	 -7.86106	 -25.4244	 -1.85773	 -7.93186	 -20.0239	 -1.89371	 -8	 -14.6233	 135747	 141491	 147243	 153003	 158773	 
11.7	 -1.71739	 -7.6258	 -41.5997	 -1.7576	 -7.70675	 -36.1995	 -1.79683	 -7.7844	 -30.7991	 -1.83509	 -7.85904	 -25.3987	 -1.87246	 -7.9309	 -19.9983	 -1.90845	 -8	 -14.5977	 136032	 141781	 147536	 153299	 159071	 
11.8	 -1.73269	 -7.62116	 -41.5735	 -1.77269	 -7.70301	 -36.1733	 -1.81147	 -7.78152	 -30.773	 -1.84955	 -7.85705	 -25.3726	 -1.88696	 -7.92987	 -19.9721	 -1.92309	 -8	 -14.5716	 136299	 142052	 147812	 153578	 159350	 
11.9	 -1.74809	 -7.6166	 -41.5469	 -1.78772	 -7.69931	 -36.1467	 -1.82623	 -7.7787	 -30.7464	 -1.86412	 -7.85513	 -25.346	 -1.90127	 -7.92883	 -19.9455	 -1.93761	 -8	 -14.545	 136561	 142318	 148082	 153851	 159624	 
12	 -1.76363	 -7.61212	 -41.5199	 -1.80273	 -7.69568	 -36.1197	 -1.84114	 -7.77598	 -30.7194	 -1.87879	 -7.85329	 -25.3191	 -1.91561	 -7.92785	 -19.9186	 -1.95199	 -8	 -14.5181	 136797	 142559	 148326	 154098	 159873	 
12.1	 -1.77924	 -7.60767	 -41.4927	 -1.81788	 -7.69214	 -36.0925	 -1.85614	 -7.77334	 -30.6922	 -1.89351	 -7.85154	 -25.2918	 -1.93011	 -7.927	 -19.8914	 -1.96621	 -8	 -14.4909	 137027	 142795	 148565	 154339	 160116	 
12.2	 -1.79485	 -7.6032	 -41.4652	 -1.83327	 -7.68871	 -36.0651	 -1.87117	 -7.77081	 -30.6648	 -1.90829	 -7.84989	 -25.2644	 -1.94474	 -7.92628	 -19.864	 -1.98025	 -8	 -14.4635	 137241	 143013	 148787	 154564	 160342	 
12.3	 -1.81039	 -7.59862	 -41.4377	 -1.84883	 -7.68534	 -36.0375	 -1.88628	 -7.76838	 -30.6372	 -1.92317	 -7.84837	 -25.2369	 -1.9593	 -7.9256	 -19.8365	 -1.9941	 -8	 -14.4359	 137434	 143211	 148988	 154767	 160546	 
12.4	 -1.82581	 -7.59388	 -41.41	 -1.86439	 -7.68194	 -36.0099	 -1.90154	 -7.76605	 -30.6097	 -1.9381	 -7.84697	 -25.2093	 -1.97362	 -7.92491	 -19.8089	 -2.00774	 -8	 -14.4084	 137620	 143401	 149181	 154962	 160741	 
12.5	 -1.84103	 -7.58892	 -41.3824	 -1.87976	 -7.67843	 -35.9823	 -1.91691	 -7.76378	 -30.5821	 -1.95295	 -7.8456	 -25.1818	 -1.98766	 -7.92421	 -19.7813	 -2.02118	 -8	 -14.3808	 137793	 143577	 149361	 155143	 160923	 
12.6	 -1.85596	 -7.58368	 -41.3549	 -1.89489	 -7.67474	 -35.9549	 -1.93217	 -7.76144	 -30.5546	 -1.96759	 -7.84418	 -25.1543	 -2.0015	 -7.92351	 -19.7539	 -2.03442	 -8	 -14.3534	 137949	 143736	 149522	 155305	 161085	 
12.7	 -1.87051	 -7.57812	 -41.3276	 -1.90974	 -7.67081	 -35.9275	 -1.94703	 -7.75887	 -30.5274	 -1.98194	 -7.84263	 -25.127	 -2.01522	 -7.92282	 -19.7266	 -2.04745	 -8	 -14.3261	 138108	 143898	 149685	 155468	 161249	 
12.8	 -1.88462	 -7.57221	 -41.3005	 -1.92421	 -7.66656	 -35.9004	 -1.96128	 -7.75596	 -30.5003	 -1.99593	 -7.8409	 -25.1	 -2.02878	 -7.92207	 -19.6996	 -2.06029	 -8	 -14.2991	 138249	 144041	 149829	 155613	 161394	 
12.9	 -1.89824	 -7.56595	 -41.2736	 -1.93808	 -7.6619	 -35.8736	 -1.97491	 -7.75266	 -30.4735	 -2.0095	 -7.83892	 -25.0732	 -2.04205	 -7.92118	 -19.6728	 -2.07294	 -8	 -14.2723	 138381	 144174	 149963	 155748	 161528	 
13	 -1.91133	 -7.55935	 -41.2471	 -1.95119	 -7.65675	 -35.8472	 -1.98799	 -7.74897	 -30.4471	 -2.02255	 -7.83661	 -25.0468	 -2.0549	 -7.92008	 -19.6464	 -2.08541	 -8	 -14.2459	 138512	 144307	 150097	 155882	 161662	 
13.1	 -1.92383	 -7.5524	 -41.2211	 -1.96352	 -7.65116	 -35.8211	 -2.00053	 -7.74489	 -30.421	 -2.03502	 -7.83393	 -25.0208	 -2.06726	 -7.91873	 -19.6204	 -2.09773	 -8	 -14.22	 138627	 144424	 150214	 155999	 161778	 
13.2	 -1.93572	 -7.54514	 -41.1954	 -1.97524	 -7.6452	 -35.7955	 -2.01244	 -7.7404	 -30.3955	 -2.04691	 -7.83087	 -24.9952	 -2.07916	 -7.91718	 -19.5949	 -2.10988	 -8	 -14.1945	 138738	 144537	 150328	 156113	 161891	 
13.3	 -1.94699	 -7.53762	 -41.1704	 -1.98649	 -7.63897	 -35.7705	 -2.02365	 -7.73552	 -30.3704	 -2.05823	 -7.82749	 -24.9702	 -2.09073	 -7.91546	 -19.5699	 -2.1219	 -8	 -14.1695	 138844	 144645	 150437	 156221	 161999	 
13.4	 -1.95772	 -7.52994	 -41.1458	 -1.99728	 -7.63251	 -35.746	 -2.03425	 -7.73034	 -30.3459	 -2.06907	 -7.8239	 -24.9458	 -2.10206	 -7.91363	 -19.5455	 -2.13378	 -8	 -14.1451	 138940	 144742	 150535	 156319	 162097	 
13.5	 -1.96805	 -7.52222	 -41.122	 -2.00752	 -7.62588	 -35.7221	 -2.04441	 -7.725	 -30.3221	 -2.07955	 -7.82018	 -24.922	 -2.1132	 -7.91176	 -19.5217	 -2.14554	 -8	 -14.1214	 139029	 144833	 150626	 156411	 162189	 
13.6	 -1.97808	 -7.51459	 -41.0988	 -2.01725	 -7.61918	 -35.699	 -2.05431	 -7.71968	 -30.299	 -2.08983	 -7.81649	 -24.8989	 -2.12416	 -7.90988	 -19.4987	 -2.15717	 -8	 -14.0984	 139117	 144922	 150716	 156501	 162278	 
13.7	 -1.98789	 -7.50721	 -41.0764	 -2.02665	 -7.61262	 -35.6765	 -2.06405	 -7.7145	 -30.2766	 -2.10004	 -7.81291	 -24.8765	 -2.13494	 -7.90806	 -19.4764	 -2.16869	 -8	 -14.0761	 139194	 145000	 150795	 156581	 162358	 
13.8	 -1.99757	 -7.50021	 -41.0548	 -2.03602	 -7.60642	 -35.6549	 -2.07371	 -7.70958	 -30.255	 -2.11025	 -7.80955	 -24.855	 -2.14564	 -7.90635	 -19.4549	 -2.18009	 -8	 -14.0546	 139264	 145072	 150868	 156654	 162430	 
13.9	 -2.00718	 -7.49377	 -41.034	 -2.04559	 -7.60079	 -35.6342	 -2.0834	 -7.70505	 -30.2343	 -2.12044	 -7.80647	 -24.8343	 -2.15635	 -7.90481	 -19.4342	 -2.19137	 -8	 -14.034	 139332	 145141	 150938	 156724	 162501	 
14	 -2.01687	 -7.4881	 -41.0142	 -2.05544	 -7.59586	 -35.6144	 -2.09328	 -7.70108	 -30.2145	 -2.13064	 -7.80374	 -24.8146	 -2.1671	 -7.90346	 -19.4145	 -2.20253	 -8	 -14.0143	 139394	 145205	 151003	 156790	 162566	 
14.1	 -2.02675	 -7.48342	 -40.9954	 -2.06552	 -7.59173	 -35.5956	 -2.10347	 -7.69779	 -30.1957	 -2.14096	 -7.80143	 -24.7958	 -2.17785	 -7.90231	 -19.3957	 -2.21357	 -8	 -13.9956	 139444	 145256	 151056	 156843	 162618	 
14.2	 -2.03696	 -7.47993	 -40.9776	 -2.07581	 -7.58852	 -35.5778	 -2.11397	 -7.69525	 -30.178	 -2.15151	 -7.79963	 -24.778	 -2.18854	 -7.90138	 -19.378	 -2.22449	 -8	 -13.9778	 139489	 145302	 151102	 156890	 162665	 
14.3	 -2.04753	 -7.47783	 -40.9609	 -2.08635	 -7.58638	 -35.5611	 -2.12473	 -7.6935	 -30.1613	 -2.16233	 -7.79841	 -24.7613	 -2.19922	 -7.9007	 -19.3613	 -2.23529	 -8	 -13.9612	 139528	 145342	 151143	 156931	 162706	 
14.4	 -2.0585	 -7.4773	 -40.9453	 -2.09724	 -7.58547	 -35.5455	 -2.13567	 -7.6926	 -30.1457	 -2.17334	 -7.79778	 -24.7457	 -2.21	 -7.90035	 -19.3457	 -2.24597	 -8	 -13.9456	 139558	 145374	 151176	 156964	 162738	 
14.5	 -2.06985	 -7.4785	 -40.9309	 -2.10852	 -7.58593	 -35.5311	 -2.14681	 -7.69265	 -30.1312	 -2.18441	 -7.79774	 -24.7313	 -2.22092	 -7.90035	 -19.3313	 -2.25653	 -8	 -13.9311	 139574	 145391	 151194	 156981	 162756	 
14.6	 -2.08157	 -7.48153	 -40.9177	 -2.12015	 -7.58787	 -35.5179	 -2.15816	 -7.69376	 -30.118	 -2.1955	 -7.79834	 -24.7181	 -2.23188	 -7.90069	 -19.318	 -2.26698	 -8	 -13.9179	 139590	 145409	 151212	 156999	 162773	 
14.7	 -2.09365	 -7.48642	 -40.9057	 -2.13205	 -7.59136	 -35.5059	 -2.16971	 -7.69605	 -30.106	 -2.20666	 -7.79968	 -24.706	 -2.24274	 -7.90132	 -19.306	 -2.27732	 -8	 -13.9058	 139588	 145409	 151212	 157000	 162773	 
14.8	 -2.10607	 -7.49312	 -40.8951	 -2.14414	 -7.59643	 -35.4952	 -2.18145	 -7.69959	 -30.0953	 -2.21791	 -7.80183	 -24.6953	 -2.25339	 -7.90228	 -19.2952	 -2.28757	 -8	 -13.895	 139582	 145403	 151207	 156994	 162766	 
14.9	 -2.11878	 -7.50157	 -40.8857	 -2.15638	 -7.60307	 -35.4858	 -2.19329	 -7.70438	 -30.0858	 -2.22919	 -7.80485	 -24.6858	 -2.26391	 -7.90364	 -19.2857	 -2.29772	 -8	 -13.8855	 139574	 145396	 151200	 156987	 162758	 
15	 -2.13176	 -7.51164	 -40.8777	 -2.16879	 -7.61121	 -35.4777	 -2.20516	 -7.71043	 -30.0777	 -2.24042	 -7.80875	 -24.6776	 -2.27446	 -7.9055	 -19.2775	 -2.30778	 -8	 -13.8772	 139550	 145373	 151177	 156964	 162734	 
15.1	 -2.14495	 -7.52321	 -40.871	 -2.18135	 -7.62072	 -35.471	 -2.21701	 -7.71764	 -30.0709	 -2.25156	 -7.81353	 -24.6708	 -2.2851	 -7.9079	 -19.2706	 -2.31777	 -8	 -13.8703	 139525	 145348	 151153	 156939	 162709	 
15.2	 -2.1583	 -7.53613	 -40.8656	 -2.194	 -7.63144	 -35.4656	 -2.22881	 -7.72591	 -30.0655	 -2.26269	 -7.81915	 -24.6653	 -2.29577	 -7.91079	 -19.2651	 -2.32769	 -8	 -13.8648	 139490	 145313	 151117	 156902	 162671	 
15.3	 -2.17177	 -7.55025	 -40.8617	 -2.20667	 -7.64321	 -35.4616	 -2.24062	 -7.73509	 -30.0615	 -2.27388	 -7.82553	 -24.6612	 -2.30633	 -7.91405	 -19.2609	 -2.33755	 -8	 -13.8605	 139453	 145276	 151079	 156864	 162632	 
15.4	 -2.18528	 -7.56537	 -40.8591	 -2.21931	 -7.65586	 -35.459	 -2.25251	 -7.74503	 -30.0588	 -2.28511	 -7.83246	 -24.6585	 -2.31676	 -7.91756	 -19.2582	 -2.34736	 -8	 -13.8577	 139404	 145226	 151028	 156812	 162579	 
15.5	 -2.19874	 -7.5813	 -40.858	 -2.23195	 -7.66923	 -35.4578	 -2.2645	 -7.75554	 -30.0575	 -2.29631	 -7.83972	 -24.6572	 -2.32711	 -7.92123	 -19.2568	 -2.35713	 -8	 -13.8563	 139353	 145173	 150975	 156758	 162524	 
15.6	 -2.21209	 -7.59783	 -40.8582	 -2.24463	 -7.68313	 -35.458	 -2.27651	 -7.76639	 -30.0577	 -2.30745	 -7.8471	 -24.6573	 -2.33749	 -7.92495	 -19.2568	 -2.36685	 -8	 -13.8563	 139292	 145111	 150911	 156693	 162458	 
15.7	 -2.22526	 -7.61473	 -40.8599	 -2.25732	 -7.69734	 -35.4596	 -2.28846	 -7.77737	 -30.0593	 -2.31855	 -7.85446	 -24.6588	 -2.34793	 -7.92864	 -19.2583	 -2.37654	 -8	 -13.8577	 139234	 145052	 150850	 156631	 162395	 
15.8	 -2.23821	 -7.63178	 -40.863	 -2.26992	 -7.71159	 -35.4627	 -2.30029	 -7.78824	 -30.0623	 -2.32968	 -7.86171	 -24.6618	 -2.35838	 -7.93223	 -19.2612	 -2.38619	 -8	 -13.8605	 139156	 144972	 150770	 156549	 162312	 
15.9	 -2.25091	 -7.64875	 -40.8675	 -2.28227	 -7.7256	 -35.4672	 -2.31202	 -7.79886	 -30.0667	 -2.34084	 -7.86878	 -24.6662	 -2.36879	 -7.9357	 -19.2655	 -2.39581	 -8	 -13.8648	 139077	 144892	 150687	 156466	 162227	 
16	 -2.26332	 -7.66537	 -40.8735	 -2.29426	 -7.73917	 -35.4731	 -2.32365	 -7.80911	 -30.0726	 -2.35194	 -7.87559	 -24.672	 -2.37912	 -7.93904	 -19.2713	 -2.4054	 -8	 -13.8706	 138990	 144803	 150597	 156374	 162135	 
16.1	 -2.27538	 -7.6814	 -40.8809	 -2.30593	 -7.75215	 -35.4804	 -2.33511	 -7.81889	 -30.0799	 -2.36288	 -7.88208	 -24.6793	 -2.38937	 -7.94226	 -19.2785	 -2.41495	 -8	 -13.8778	 138895	 144706	 150499	 156275	 162034	 
16.2	 -2.28704	 -7.69662	 -40.8897	 -2.31734	 -7.76445	 -35.4892	 -2.34629	 -7.82813	 -30.0887	 -2.37358	 -7.88821	 -24.688	 -2.39952	 -7.94533	 -19.2872	 -2.42447	 -8	 -13.8864	 138789	 144599	 150390	 156165	 161923	 
16.3	 -2.29829	 -7.71086	 -40.9	 -2.32851	 -7.77599	 -35.4995	 -2.3571	 -7.83677	 -30.0989	 -2.38402	 -7.89396	 -24.6982	 -2.40954	 -7.9482	 -19.2974	 -2.43394	 -8	 -13.8965	 138685	 144493	 150284	 156057	 161814	 
16.4	 -2.30917	 -7.72398	 -40.9117	 -2.33934	 -7.78665	 -35.5112	 -2.36753	 -7.84478	 -30.1105	 -2.39416	 -7.89929	 -24.7098	 -2.41936	 -7.95083	 -19.309	 -2.44338	 -8	 -13.9081	 138564	 144371	 150160	 155933	 161689	 
16.5	 -2.31972	 -7.73593	 -40.9249	 -2.34971	 -7.79636	 -35.5243	 -2.37763	 -7.85211	 -30.1236	 -2.404	 -7.90416	 -24.7229	 -2.42896	 -7.95321	 -19.322	 -2.45277	 -8	 -13.9211	 138439	 144245	 150034	 155805	 161560	 
16.6	 -2.33001	 -7.74669	 -40.9395	 -2.35961	 -7.80505	 -35.5389	 -2.38741	 -7.85872	 -30.1382	 -2.41355	 -7.90853	 -24.7374	 -2.43835	 -7.95535	 -19.3365	 -2.46211	 -8	 -13.9356	 138308	 144114	 149901	 155672	 161426	 
16.7	 -2.34005	 -7.75624	 -40.9555	 -2.36915	 -7.81269	 -35.5549	 -2.39684	 -7.8645	 -30.1541	 -2.42285	 -7.91237	 -24.7533	 -2.44758	 -7.95726	 -19.3525	 -2.47139	 -8	 -13.9515	 138174	 143978	 149765	 155535	 161288	 
16.8	 -2.3499	 -7.76462	 -40.9729	 -2.37848	 -7.8193	 -35.5722	 -2.40593	 -7.86943	 -30.1715	 -2.43192	 -7.91566	 -24.7707	 -2.45671	 -7.95891	 -19.3698	 -2.48062	 -8	 -13.9689	 138023	 143827	 149613	 155381	 161133	 
16.9	 -2.35961	 -7.77185	 -40.9917	 -2.38772	 -7.8249	 -35.591	 -2.41477	 -7.8735	 -30.1903	 -2.44081	 -7.91838	 -24.7895	 -2.46575	 -7.96028	 -19.3886	 -2.4898	 -8	 -13.9876	 137874	 143677	 149462	 155230	 160981	 
17	 -2.36926	 -7.77798	 -41.0119	 -2.39689	 -7.82953	 -35.6112	 -2.42354	 -7.87677	 -30.2105	 -2.44957	 -7.92052	 -24.8096	 -2.47471	 -7.96135	 -19.4087	 -2.4989	 -8	 -14.0078	 137714	 143516	 149300	 155066	 160816	 
17.1	 -2.37894	 -7.78306	 -41.0334	 -2.40604	 -7.83322	 -35.6328	 -2.4324	 -7.87932	 -30.232	 -2.4583	 -7.92209	 -24.8311	 -2.48357	 -7.9621	 -19.4302	 -2.50794	 -8	 -14.0293	 137551	 143351	 149134	 154899	 160648	 
17.2	 -2.38871	 -7.78713	 -41.0563	 -2.41525	 -7.83607	 -35.6556	 -2.44141	 -7.88121	 -30.2549	 -2.4671	 -7.92315	 -24.854	 -2.49235	 -7.96255	 -19.4531	 -2.51691	 -8	 -14.0521	 137382	 143180	 148960	 154724	 160472	 
17.3	 -2.39862	 -7.79026	 -41.0805	 -2.42465	 -7.83817	 -35.6798	 -2.45057	 -7.88249	 -30.2791	 -2.47605	 -7.92379	 -24.8782	 -2.50115	 -7.96278	 -19.4773	 -2.52579	 -8	 -14.0763	 137205	 143000	 148779	 154541	 160287	 
17.4	 -2.40871	 -7.79252	 -41.106	 -2.43433	 -7.8396	 -35.7053	 -2.45989	 -7.88323	 -30.3045	 -2.48517	 -7.92409	 -24.9037	 -2.51006	 -7.96284	 -19.5028	 -2.5346	 -8	 -14.1018	 137025	 142818	 148594	 154354	 160099	 
17.5	 -2.419	 -7.79399	 -41.1328	 -2.4443	 -7.84039	 -35.7321	 -2.46942	 -7.88352	 -30.3313	 -2.49445	 -7.92415	 -24.9304	 -2.51912	 -7.96283	 -19.5295	 -2.54332	 -8	 -14.1286	 136840	 142630	 148404	 154162	 159905	 
17.6	 -2.42949	 -7.79476	 -41.1608	 -2.45452	 -7.84064	 -35.7601	 -2.47924	 -7.88347	 -30.3593	 -2.50391	 -7.92402	 -24.9584	 -2.52828	 -7.96277	 -19.5575	 -2.55195	 -8	 -14.1566	 136648	 142435	 148206	 153962	 159703	 
17.7	 -2.44017	 -7.79494	 -41.19	 -2.46492	 -7.84042	 -35.7893	 -2.48933	 -7.88318	 -30.3885	 -2.51354	 -7.92378	 -24.9876	 -2.53742	 -7.96266	 -19.5867	 -2.56047	 -8	 -14.1858	 136457	 142241	 148009	 153763	 159504	 
17.8	 -2.45096	 -7.79461	 -41.2204	 -2.47548	 -7.83986	 -35.8197	 -2.49963	 -7.88269	 -30.4189	 -2.52333	 -7.92346	 -25.018	 -2.5465	 -7.96251	 -19.6171	 -2.5689	 -8	 -14.2161	 136256	 142037	 147803	 153555	 159294	 
17.9	 -2.46181	 -7.79388	 -41.2519	 -2.48618	 -7.83908	 -35.8512	 -2.51003	 -7.88205	 -30.4504	 -2.53318	 -7.92307	 -25.0495	 -2.55551	 -7.9623	 -19.6486	 -2.5772	 -8	 -14.2476	 136057	 141835	 147598	 153348	 159086	 
18	 -2.47264	 -7.79286	 -41.2845	 -2.49696	 -7.83816	 -35.8838	 -2.52042	 -7.88132	 -30.483	 -2.54296	 -7.92258	 -25.0821	 -2.5645	 -7.96205	 -19.6812	 -2.58539	 -8	 -14.2803	 135852	 141627	 147388	 153137	 158874	 
18.1	 -2.48338	 -7.79168	 -41.3182	 -2.50767	 -7.83714	 -35.9174	 -2.5307	 -7.88051	 -30.5166	 -2.55259	 -7.922	 -25.1158	 -2.57345	 -7.96177	 -19.7149	 -2.59346	 -8	 -14.3139	 135642	 141414	 147173	 152921	 158657	 
18.2	 -2.49397	 -7.79042	 -41.3528	 -2.51817	 -7.83604	 -35.9521	 -2.54078	 -7.87964	 -30.5513	 -2.56205	 -7.92137	 -25.1505	 -2.58226	 -7.96146	 -19.7496	 -2.60138	 -8	 -14.3486	 135434	 141204	 146961	 152707	 158443	 
18.3	 -2.50435	 -7.78917	 -41.3885	 -2.52833	 -7.8349	 -35.9878	 -2.55057	 -7.87872	 -30.587	 -2.5713	 -7.92072	 -25.1861	 -2.59082	 -7.96112	 -19.7852	 -2.60917	 -8	 -14.3843	 135219	 140988	 146744	 152488	 158223	 
18.4	 -2.51445	 -7.78795	 -41.4251	 -2.53809	 -7.83376	 -36.0243	 -2.56	 -7.87778	 -30.6235	 -2.58028	 -7.92007	 -25.2227	 -2.59909	 -7.96077	 -19.8218	 -2.6168	 -8	 -14.4208	 135000	 140767	 146522	 152266	 158000	 
18.5	 -2.52421	 -7.78677	 -41.4625	 -2.54746	 -7.83268	 -36.0618	 -2.56903	 -7.87686	 -30.661	 -2.58889	 -7.91944	 -25.2602	 -2.60709	 -7.96044	 -19.8593	 -2.62427	 -8	 -14.4583	 134785	 140550	 146303	 152047	 157781	 
18.6	 -2.53357	 -7.78563	 -41.5008	 -2.55645	 -7.83167	 -36.1001	 -2.57762	 -7.87601	 -30.6993	 -2.59704	 -7.91883	 -25.2984	 -2.61483	 -7.96014	 -19.8975	 -2.63158	 -8	 -14.4966	 134558	 140321	 146074	 151817	 157551	 
18.7	 -2.54253	 -7.78451	 -41.5399	 -2.56505	 -7.83075	 -36.1391	 -2.58576	 -7.87527	 -30.7384	 -2.60475	 -7.91828	 -25.3375	 -2.62232	 -7.95988	 -19.9366	 -2.63871	 -8	 -14.5357	 134343	 140104	 145856	 151598	 157332	 
18.8	 -2.55112	 -7.7834	 -41.5797	 -2.57323	 -7.82992	 -36.1789	 -2.59346	 -7.87464	 -30.7782	 -2.6121	 -7.91783	 -25.3773	 -2.62948	 -7.95965	 -19.9764	 -2.64566	 -8	 -14.5755	 134125	 139884	 145635	 151377	 157111	 
18.9	 -2.55936	 -7.78231	 -41.6201	 -2.58096	 -7.82915	 -36.2194	 -2.60078	 -7.87413	 -30.8186	 -2.61916	 -7.9175	 -25.4178	 -2.63633	 -7.95946	 -20.0169	 -2.65243	 -8	 -14.616	 133904	 139662	 145412	 151153	 156887	 
19	 -2.56729	 -7.78123	 -41.6612	 -2.58829	 -7.82841	 -36.2605	 -2.60777	 -7.87369	 -30.8597	 -2.62595	 -7.91728	 -25.4589	 -2.6429	 -7.95933	 -20.058	 -2.659	 -8	 -14.6571	 133689	 139445	 145193	 150934	 156667	 
19.1	 -2.57493	 -7.78018	 -41.7029	 -2.5953	 -7.82771	 -36.3022	 -2.61449	 -7.87331	 -30.9014	 -2.63247	 -7.91711	 -25.5006	 -2.6493	 -7.95927	 -20.0997	 -2.66537	 -8	 -14.6988	 133472	 139226	 144973	 150713	 156446	 
19.2	 -2.58231	 -7.77916	 -41.7455	 -2.60213	 -7.82702	 -36.3447	 -2.62098	 -7.87294	 -30.9439	 -2.63875	 -7.91696	 -25.5429	 -2.65555	 -7.95927	 -20.142	 -2.67154	 -8	 -14.7409	 149171	 153151	 157398	 162049	 167208	 
19.3	 -2.58948	 -7.77817	 -41.7879	 -2.6088	 -7.82626	 -36.3872	 -2.62724	 -7.87245	 -30.9864	 -2.64482	 -7.91671	 -25.5855	 -2.6616	 -7.95918	 -20.1846	 -2.67752	 -8	 -14.7837	 136187	 141896	 147614	 153336	 159060	 
19.4	 -2.59648	 -7.77719	 -41.8307	 -2.61538	 -7.82551	 -36.43	 -2.63338	 -7.8719	 -31.0293	 -2.65078	 -7.9164	 -25.6285	 -2.66746	 -7.95903	 -20.2277	 -2.68329	 -8	 -14.8268	 127059	 132806	 138551	 144291	 150025	 
19.5	 -2.60332	 -7.77619	 -41.8745	 -2.62188	 -7.82481	 -36.4738	 -2.63954	 -7.87136	 -31.073	 -2.65669	 -7.91604	 -25.6721	 -2.67316	 -7.95886	 -20.2712	 -2.68883	 -8	 -14.8702	 137558	 143355	 149136	 154900	 160646	 
19.6	 -2.61005	 -7.77515	 -41.918	 -2.62829	 -7.82408	 -36.5173	 -2.64573	 -7.8708	 -31.1166	 -2.66255	 -7.91561	 -25.7158	 -2.6787	 -7.95863	 -20.3149	 -2.69416	 -8	 -14.914	 131324	 137055	 142786	 148516	 154246	 
19.7	 -2.61669	 -7.77408	 -41.962	 -2.63464	 -7.82329	 -36.5613	 -2.65191	 -7.87022	 -31.1606	 -2.66836	 -7.91516	 -25.7597	 -2.68413	 -7.95838	 -20.3588	 -2.69925	 -8	 -14.9579	 134594	 140358	 146114	 151861	 157600	 
19.8	 -2.62324	 -7.77296	 -42.006	 -2.64097	 -7.82241	 -36.6053	 -2.65799	 -7.86959	 -31.2046	 -2.67411	 -7.91471	 -25.8038	 -2.68946	 -7.95812	 -20.4029	 -2.70412	 -8	 -15.002	 132678	 138412	 144145	 149877	 155608	 
19.9	 -2.6297	 -7.77178	 -42.0502	 -2.64727	 -7.82144	 -36.6495	 -2.66395	 -7.86888	 -31.2487	 -2.67976	 -7.91427	 -25.8479	 -2.69467	 -7.95789	 -20.447	 -2.70876	 -8	 -15.0461	 133253	 138993	 144731	 150466	 156199	 
20	 -2.63607	 -7.77054	 -42.0943	 -2.65346	 -7.82042	 -36.6937	 -2.66978	 -7.86811	 -31.2929	 -2.68525	 -7.91382	 -25.8921	 -2.69969	 -7.9577	 -20.4912	 -2.71318	 -8	 -15.0903	 132739	 138468	 144197	 149926	 155657	 
20.1	 -2.64233	 -7.76924	 -42.1384	 -2.65948	 -7.81935	 -36.7378	 -2.67549	 -7.8673	 -31.337	 -2.69052	 -7.91334	 -25.9362	 -2.70446	 -7.95752	 -20.5353	 -2.71737	 -8	 -15.1344	 132646	 138371	 144097	 149826	 155556	 
20.2	 -2.64844	 -7.76789	 -42.1824	 -2.66529	 -7.81826	 -36.7817	 -2.68101	 -7.86649	 -31.381	 -2.69554	 -7.91282	 -25.9802	 -2.70894	 -7.95731	 -20.5793	 -2.72134	 -8	 -15.1784	 132420	 138138	 143859	 149585	 155314	 
20.3	 -2.65435	 -7.76652	 -42.2262	 -2.67089	 -7.81715	 -36.8256	 -2.68627	 -7.86569	 -31.4248	 -2.70028	 -7.91228	 -26.024	 -2.71314	 -7.95704	 -20.6231	 -2.72509	 -8	 -15.2222	 132220	 137932	 143649	 149372	 155101	 
20.4	 -2.66002	 -7.76514	 -42.2698	 -2.67626	 -7.81606	 -36.8691	 -2.69118	 -7.86489	 -31.4684	 -2.70473	 -7.91172	 -26.0676	 -2.71708	 -7.9567	 -20.6667	 -2.72862	 -8	 -15.2658	 132027	 137733	 143446	 149166	 154894	 
20.5	 -2.66542	 -7.76379	 -42.313	 -2.68134	 -7.81497	 -36.9123	 -2.69575	 -7.86406	 -31.5116	 -2.70887	 -7.91113	 -26.1108	 -2.72081	 -7.95636	 -20.7099	 -2.73193	 -8	 -15.309	 131826	 137526	 143235	 148953	 154679	 
20.6	 -2.67052	 -7.7625	 -42.3558	 -2.68606	 -7.81391	 -36.9552	 -2.69999	 -7.86322	 -31.5544	 -2.71269	 -7.91053	 -26.1536	 -2.72432	 -7.95605	 -20.7528	 -2.73504	 -8	 -15.3518	 131637	 137331	 143035	 148750	 154476	 
20.7	 -2.67529	 -7.76127	 -42.3982	 -2.69037	 -7.81286	 -36.9975	 -2.70393	 -7.86237	 -31.5968	 -2.71625	 -7.90994	 -26.196	 -2.72756	 -7.95579	 -20.7952	 -2.73794	 -8	 -15.3942	 131452	 137141	 142841	 148554	 154279	 
20.8	 -2.67969	 -7.76009	 -42.4401	 -2.6943	 -7.81184	 -37.0394	 -2.70755	 -7.86154	 -31.6387	 -2.71955	 -7.9094	 -26.2379	 -2.73053	 -7.95556	 -20.837	 -2.74064	 -8	 -15.4361	 131263	 136946	 142642	 148351	 154076	 
20.9	 -2.68373	 -7.75895	 -42.4813	 -2.69791	 -7.81086	 -37.0806	 -2.71086	 -7.86078	 -31.6799	 -2.72259	 -7.90891	 -26.2791	 -2.73325	 -7.95532	 -20.8783	 -2.74314	 -8	 -15.4774	 131081	 136758	 142450	 148157	 153880	 
21	 -2.68738	 -7.75781	 -42.5219	 -2.70124	 -7.80995	 -37.1212	 -2.71386	 -7.8601	 -31.7205	 -2.72535	 -7.90848	 -26.3197	 -2.73576	 -7.95508	 -20.9189	 -2.74545	 -8	 -15.518	 130900	 136571	 142259	 147963	 153685	 
21.1	 -2.69068	 -7.75667	 -42.5617	 -2.70429	 -7.80911	 -37.1611	 -2.71659	 -7.85952	 -31.7604	 -2.72782	 -7.90809	 -26.3596	 -2.73808	 -7.95486	 -20.9587	 -2.74759	 -8	 -15.5578	 130714	 136380	 142063	 147765	 153486	 
21.2	 -2.69367	 -7.75552	 -42.6008	 -2.70703	 -7.80834	 -37.2001	 -2.71907	 -7.85901	 -31.7994	 -2.73005	 -7.90773	 -26.3986	 -2.7402	 -7.95468	 -20.9978	 -2.74954	 -8	 -15.5969	 130537	 136197	 141876	 147575	 153295	 
21.3	 -2.69639	 -7.75436	 -42.639	 -2.70946	 -7.80759	 -37.2383	 -2.72129	 -7.85853	 -31.8376	 -2.73208	 -7.90742	 -26.4368	 -2.74209	 -7.95455	 -21.036	 -2.75133	 -8	 -15.6351	 130356	 136010	 141684	 147380	 153099	 
21.4	 -2.69885	 -7.75321	 -42.6762	 -2.7116	 -7.80681	 -37.2756	 -2.72327	 -7.85804	 -31.8749	 -2.73395	 -7.90716	 -26.4741	 -2.74378	 -7.95444	 -21.0733	 -2.75296	 -8	 -15.6724	 130191	 135839	 141509	 147202	 152919	 
21.5	 -2.70108	 -7.75209	 -42.7125	 -2.71351	 -7.80599	 -37.3118	 -2.72502	 -7.85752	 -31.9111	 -2.73561	 -7.90692	 -26.5104	 -2.74531	 -7.95435	 -21.1095	 -2.75444	 -8	 -15.7086	 130029	 135671	 141336	 147025	 152742	 
21.6	 -2.70309	 -7.75098	 -42.7477	 -2.71526	 -7.80512	 -37.347	 -2.72658	 -7.85697	 -31.9463	 -2.73707	 -7.90665	 -26.5456	 -2.74671	 -7.95424	 -21.1447	 -2.75578	 -8	 -15.7438	 129888	 135524	 141184	 146871	 152586	 
21.7	 -2.70489	 -7.74989	 -42.7818	 -2.71686	 -7.80424	 -37.3811	 -2.72797	 -7.85638	 -31.9804	 -2.73832	 -7.90631	 -26.5796	 -2.74799	 -7.9541	 -21.1788	 -2.757	 -8	 -15.7779	 129751	 135380	 141035	 146719	 152433	 
21.8	 -2.70649	 -7.74881	 -42.8146	 -2.7183	 -7.80338	 -37.414	 -2.72922	 -7.85573	 -32.0133	 -2.73945	 -7.90587	 -26.6125	 -2.74911	 -7.9539	 -21.2117	 -2.75809	 -8	 -15.8108	 129640	 135263	 140914	 146594	 152307	 
21.9	 -2.70791	 -7.74774	 -42.8463	 -2.71958	 -7.80254	 -37.4456	 -2.73037	 -7.85504	 -32.0449	 -2.74049	 -7.90536	 -26.6442	 -2.75007	 -7.95363	 -21.2433	 -2.75908	 -8	 -15.8425	 129540	 135157	 140802	 146480	 152191	 
22	 -2.70918	 -7.74671	 -42.8766	 -2.7207	 -7.80169	 -37.476	 -2.73141	 -7.8543	 -32.0753	 -2.74146	 -7.90479	 -26.6745	 -2.75091	 -7.95331	 -21.2737	 -2.75997	 -8	 -15.8728	 129460	 135071	 140712	 146386	 152096	 
22.1	 -2.7103	 -7.74573	 -42.9056	 -2.72168	 -7.80082	 -37.5049	 -2.73235	 -7.85356	 -32.1042	 -2.74234	 -7.90421	 -26.7035	 -2.75172	 -7.95297	 -21.3026	 -2.76078	 -8	 -15.9018	 129397	 135002	 140638	 146309	 152017	 
22.2	 -2.71127	 -7.74481	 -42.9331	 -2.72256	 -7.79992	 -37.5324	 -2.73318	 -7.85283	 -32.1317	 -2.74311	 -7.90366	 -26.731	 -2.75252	 -7.95266	 -21.3302	 -2.76152	 -8	 -15.9293	 129355	 134954	 140586	 146254	 151960	 
22.3	 -2.71211	 -7.74394	 -42.9591	 -2.72335	 -7.79906	 -37.5585	 -2.7339	 -7.85211	 -32.1578	 -2.74383	 -7.90315	 -26.757	 -2.75328	 -7.95242	 -21.3562	 -2.7622	 -8	 -15.9553	 129329	 134922	 140549	 146214	 151919	 
22.4	 -2.71281	 -7.74313	 -42.9836	 -2.72405	 -7.79829	 -37.583	 -2.73453	 -7.85144	 -32.1823	 -2.74449	 -7.90273	 -26.7815	 -2.75395	 -7.95223	 -21.3807	 -2.76284	 -8	 -15.9799	 129324	 134911	 140534	 146196	 151900	 
22.5	 -2.7134	 -7.74237	 -43.0065	 -2.72463	 -7.79763	 -37.6059	 -2.73511	 -7.85088	 -32.2052	 -2.7451	 -7.90238	 -26.8045	 -2.75452	 -7.95209	 -21.4036	 -2.76345	 -8	 -16.0028	 129337	 134919	 140537	 146197	 151899	 
22.6	 -2.71386	 -7.74169	 -43.0278	 -2.72509	 -7.79709	 -37.6272	 -2.73566	 -7.85047	 -32.2265	 -2.74563	 -7.90212	 -26.8257	 -2.75502	 -7.95196	 -21.4249	 -2.76404	 -8	 -16.0241	 129364	 134941	 140555	 146212	 151913	 
22.7	 -2.71418	 -7.74109	 -43.0474	 -2.72548	 -7.79666	 -37.6468	 -2.73613	 -7.85023	 -32.2461	 -2.74607	 -7.90193	 -26.8453	 -2.7555	 -7.95185	 -21.4445	 -2.76462	 -8	 -16.0436	 129412	 134983	 140594	 146248	 151947	 
22.8	 -2.71436	 -7.7406	 -43.0652	 -2.72578	 -7.79636	 -37.6646	 -2.73648	 -7.85009	 -32.2639	 -2.74645	 -7.90183	 -26.8632	 -2.756	 -7.95176	 -21.4623	 -2.76521	 -8	 -16.0615	 129454	 135020	 140627	 146278	 151976	 
22.9	 -2.71439	 -7.74022	 -43.0813	 -2.72598	 -7.79617	 -37.6807	 -2.7367	 -7.85002	 -32.28	 -2.74681	 -7.9018	 -26.8792	 -2.7565	 -7.95174	 -21.4784	 -2.76582	 -8	 -16.0775	 129534	 135095	 140698	 146347	 152044	 
23	 -2.71427	 -7.73995	 -43.0955	 -2.72602	 -7.79607	 -37.6949	 -2.73685	 -7.84998	 -32.2942	 -2.74715	 -7.90184	 -26.8934	 -2.757	 -7.95179	 -21.4926	 -2.76645	 -8	 -16.0918	 129619	 135176	 140775	 146421	 152116	 
23.1	 -2.71398	 -7.73976	 -43.1079	 -2.72588	 -7.79601	 -37.7072	 -2.73695	 -7.84997	 -32.3065	 -2.74746	 -7.9019	 -26.9058	 -2.75749	 -7.95187	 -21.505	 -2.76713	 -8	 -16.1041	 129729	 135280	 140876	 146519	 152214	 
23.2	 -2.71351	 -7.73961	 -43.1183	 -2.7256	 -7.79596	 -37.7177	 -2.737	 -7.85	 -32.317	 -2.74774	 -7.90197	 -26.9162	 -2.75798	 -7.95195	 -21.5154	 -2.76786	 -8	 -16.1146	 129850	 135397	 140989	 146630	 152324	 
23.3	 -2.71286	 -7.73945	 -43.1268	 -2.72523	 -7.79592	 -37.7262	 -2.73696	 -7.85006	 -32.3255	 -2.74797	 -7.90203	 -26.9247	 -2.75848	 -7.95198	 -21.5239	 -2.76865	 -8	 -16.1231	 129987	 135530	 141119	 146758	 152450	 
23.4	 -2.71206	 -7.73922	 -43.1333	 -2.7248	 -7.79587	 -37.7327	 -2.73681	 -7.8501	 -32.332	 -2.74816	 -7.90207	 -26.9313	 -2.75901	 -7.95197	 -21.5305	 -2.76951	 -8	 -16.1296	 130137	 135676	 141262	 146899	 152590	 
23.5	 -2.71113	 -7.73888	 -43.1378	 -2.72428	 -7.79577	 -37.7372	 -2.73658	 -7.85008	 -32.3365	 -2.74832	 -7.90206	 -26.9358	 -2.75957	 -7.95193	 -21.535	 -2.77045	 -8	 -16.1341	 130291	 135826	 141409	 147044	 152734	 
23.6	 -2.71014	 -7.7384	 -43.1403	 -2.72364	 -7.79557	 -37.7397	 -2.73632	 -7.84998	 -32.339	 -2.74846	 -7.90198	 -26.9382	 -2.76016	 -7.95189	 -21.5374	 -2.77148	 -8	 -16.1365	 130461	 135993	 141573	 147206	 152896	 
23.7	 -2.70913	 -7.73777	 -43.1406	 -2.72289	 -7.79519	 -37.74	 -2.73603	 -7.84976	 -32.3394	 -2.74861	 -7.90185	 -26.9386	 -2.76079	 -7.95186	 -21.5378	 -2.7726	 -8	 -16.1369	 130629	 136158	 141735	 147366	 153055	 
23.8	 -2.70813	 -7.73696	 -43.1389	 -2.72212	 -7.7946	 -37.7383	 -2.73573	 -7.84939	 -32.3376	 -2.74879	 -7.90166	 -26.9369	 -2.76147	 -7.9518	 -21.5361	 -2.77383	 -8	 -16.1352	 130805	 136330	 141906	 147536	 153224	 
23.9	 -2.70717	 -7.73595	 -43.1351	 -2.72142	 -7.79379	 -37.7345	 -2.73542	 -7.84885	 -32.3338	 -2.74902	 -7.90139	 -26.933	 -2.76223	 -7.95168	 -21.5322	 -2.77517	 -8	 -16.1314	 131002	 136525	 142099	 147728	 153416	 
24	 -2.70625	 -7.73473	 -43.1291	 -2.72086	 -7.7928	 -37.7285	 -2.73518	 -7.84815	 -32.3278	 -2.7493	 -7.901	 -26.9271	 -2.76311	 -7.95149	 -21.5262	 -2.77663	 -8	 -16.1254	 131204	 136726	 142298	 147926	 153613	 
24.1	 -2.70543	 -7.73327	 -43.1209	 -2.72043	 -7.79166	 -37.7203	 -2.7351	 -7.8473	 -32.3196	 -2.74969	 -7.90044	 -26.9189	 -2.76411	 -7.95122	 -21.5181	 -2.77822	 -8	 -16.1172	 131420	 136940	 142512	 148139	 153826	 
24.2	 -2.70471	 -7.73158	 -43.1106	 -2.72011	 -7.79035	 -37.71	 -2.73523	 -7.84629	 -32.3093	 -2.75025	 -7.89971	 -26.9086	 -2.76523	 -7.95087	 -21.5078	 -2.77993	 -8	 -16.1069	 131646	 137165	 142736	 148363	 154050	 
24.3	 -2.70412	 -7.72966	 -43.0981	 -2.71995	 -7.78885	 -37.6975	 -2.73558	 -7.84513	 -32.2968	 -2.75104	 -7.89887	 -26.8961	 -2.76649	 -7.95043	 -21.4953	 -2.78177	 -8	 -16.0944	 131870	 137389	 142959	 148586	 154273	 
24.4	 -2.70365	 -7.72751	 -43.0833	 -2.71996	 -7.78714	 -37.6827	 -2.73612	 -7.84381	 -32.2821	 -2.75209	 -7.89794	 -26.8813	 -2.76796	 -7.94993	 -21.4805	 -2.78374	 -8	 -16.0797	 132104	 137622	 143192	 148819	 154506	 
24.5	 -2.70329	 -7.72512	 -43.0664	 -2.72019	 -7.78519	 -37.6658	 -2.73686	 -7.84234	 -32.2651	 -2.75336	 -7.89696	 -26.8644	 -2.76966	 -7.9494	 -21.4636	 -2.78584	 -8	 -16.0628	 132334	 137853	 143423	 149050	 154738	 
24.6	 -2.70305	 -7.72248	 -43.0472	 -2.72061	 -7.78304	 -37.6466	 -2.73781	 -7.84072	 -32.246	 -2.75483	 -7.89591	 -26.8453	 -2.7716	 -7.94888	 -21.4445	 -2.78808	 -8	 -16.0436	 132568	 138088	 143658	 149286	 154974	 
24.7	 -2.7029	 -7.71955	 -43.0259	 -2.72117	 -7.78069	 -37.6253	 -2.73897	 -7.83899	 -32.2246	 -2.75647	 -7.89479	 -26.8239	 -2.7737	 -7.94838	 -21.4231	 -2.79045	 -8	 -16.0223	 132811	 138332	 143903	 149531	 155221	 
24.8	 -2.70284	 -7.71633	 -43.0023	 -2.72185	 -7.77818	 -37.6017	 -2.7403	 -7.83714	 -32.2011	 -2.75828	 -7.89361	 -26.8004	 -2.77589	 -7.94785	 -21.3996	 -2.79295	 -8	 -15.9987	 133047	 138568	 144141	 149770	 155460	 
24.9	 -2.70284	 -7.71281	 -42.9765	 -2.7226	 -7.7755	 -37.5759	 -2.74173	 -7.8352	 -32.1753	 -2.76022	 -7.89237	 -26.7746	 -2.77813	 -7.94724	 -21.3738	 -2.79559	 -8	 -15.973	 133296	 138820	 144394	 150024	 155715	 
25	 -2.70289	 -7.70902	 -42.9485	 -2.72343	 -7.77261	 -37.5479	 -2.74321	 -7.83315	 -32.1473	 -2.76221	 -7.89105	 -26.7466	 -2.78048	 -7.94656	 -21.3459	 -2.79834	 -8	 -15.945	 133545	 139071	 144647	 150278	 155970	 
